{"target": 0.9714599341383096, "params": {"AVAIL_1": 5.526247030692497, "AVAIL_2": 0.0, "AVAIL_3": 0.0, "AVAIL_4": 1.24514336841476, "AVAIL_5": 1.788576822097576, "AVAIL_6": 5.831374005685472, "CONC_1": 0.0, "CONC_2": 10.0, "CONC_3": 10.0, "CONC_4": 6.820225834817284, "CONC_5": 0.0, "CONC_6": 9.668174969160715, "FREQ_1": 10.0, "FREQ_2": 1.3889355937371006, "FREQ_3": 8.987852510834418, "FREQ_4": 7.7920197103655235, "FREQ_5": 5.124348891038587, "FREQ_6": 3.415482632161123, "LETTER_POS_1": 8.376224759978259, "LETTER_POS_2": 5.26358600182629, "LETTER_POS_3": 6.616849490457976, "LETTER_POS_4": 0.9897471772232178, "LETTER_POS_5": 8.266126149745407, "LETTER_POS_6": 10.0, "OCCUR_1": 8.096159988139702, "OCCUR_2": 2.3035360236909517, "OCCUR_3": 10.0, "OCCUR_4": 0.0, "OCCUR_5": 8.40325635108852, "OCCUR_6": 10.0, "PERF_1": 2.6461122799417325, "PERF_2": 10.0, "PERF_3": 10.0, "PERF_4": 5.822421709943418, "PERF_5": 6.391463895560347, "PERF_6": 0.0, "kl_stopExplr": 3.0, "r_stopExplr": 3.0}, "datetime": {"datetime": "2022-06-09 16:38:29", "elapsed": 1111.876264, "delta": 6.676394}}
{"target": 0.972076082557669, "params": {"AVAIL_1": 2.2236181960434744, "AVAIL_2": 0.0, "AVAIL_3": 0.6104634780733683, "AVAIL_4": 2.2150110239038407, "AVAIL_5": 0.06404510182797937, "AVAIL_6": 0.0, "CONC_1": 4.745314446925557, "CONC_2": 10.0, "CONC_3": 10.0, "CONC_4": 5.392602529611317, "CONC_5": 3.1471476985359144, "CONC_6": 2.7018337176226863, "FREQ_1": 10.0, "FREQ_2": 0.9557411794597321, "FREQ_3": 2.7367235266081673, "FREQ_4": 10.0, "FREQ_5": 10.0, "FREQ_6": 10.0, "LETTER_POS_1": 0.0, "LETTER_POS_2": 0.0, "LETTER_POS_3": 3.480031609145175, "LETTER_POS_4": 8.336823475313828, "LETTER_POS_5": 10.0, "LETTER_POS_6": 10.0, "OCCUR_1": 7.148771942298134, "OCCUR_2": 4.389360033883738, "OCCUR_3": 4.383913843163885, "OCCUR_4": 2.7867483594653186, "OCCUR_5": 1.4978688936440316, "OCCUR_6": 0.0, "PERF_1": 2.819208030848293, "PERF_2": 7.55187268745076, "PERF_3": 5.143909080686015, "PERF_4": 8.179925082374721, "PERF_5": 0.0, "PERF_6": 4.237277041362885, "kl_stopExplr": 3.0, "r_stopExplr": 3.0}, "datetime": {"datetime": "2022-06-09 16:38:36", "elapsed": 1118.692924, "delta": 6.81666}}
{"target": 0.8160392798690671, "params": {"AVAIL_1": 6.594695942096775, "AVAIL_2": 3.103140084784605, "AVAIL_3": 7.2051830029664305, "AVAIL_4": 9.572265227625097, "AVAIL_5": 2.623845862367106, "AVAIL_6": 6.806782094322981, "CONC_1": 1.7681215498734437, "CONC_2": 2.707083362195317, "CONC_3": 6.754178277503401, "CONC_4": 1.165719551328227, "CONC_5": 3.427555510590139, "CONC_6": 2.3945776661766773, "FREQ_1": 2.2946099418911436, "FREQ_2": 7.024479886053905, "FREQ_3": 9.62343209240328, "FREQ_4": 6.366636908263793, "FREQ_5": 4.69337537380735, "FREQ_6": 6.5554468643555985, "LETTER_POS_1": 1.9819781133049008, "LETTER_POS_2": 9.691508258557889, "LETTER_POS_3": 2.450350430958385, "LETTER_POS_4": 3.122209390600865, "LETTER_POS_5": 8.155454557064443, "LETTER_POS_6": 8.310283558022402, "OCCUR_1": 7.094634130526684, "OCCUR_2": 2.0672090266033316, "OCCUR_3": 8.499108883676161, "OCCUR_4": 0.8729535362742069, "OCCUR_5": 0.3684079031543863, "OCCUR_6": 7.815528255638034, "PERF_1": 7.5894686232350725, "PERF_2": 7.74486497165832, "PERF_3": 8.353318946815108, "PERF_4": 4.611839654018325, "PERF_5": 7.776549930314756, "PERF_6": 8.711454992620276, "kl_stopExplr": 4.0437604304692485, "r_stopExplr": 4.161894968929052}, "datetime": {"datetime": "2022-06-09 16:38:59", "elapsed": 1141.797279, "delta": 23.104355}}
{"target": 0.7522628226617499, "params": {"AVAIL_1": 1.0531269622056205, "AVAIL_2": 9.591265590974556, "AVAIL_3": 8.792651042487059, "AVAIL_4": 9.620247973378898, "AVAIL_5": 0.7314366885841272, "AVAIL_6": 5.055783109416545, "CONC_1": 9.437804365311418, "CONC_2": 6.039725950370279, "CONC_3": 3.9301658459005653, "CONC_4": 3.5502047154869953, "CONC_5": 6.1777340135413965, "CONC_6": 5.016771958993172, "FREQ_1": 2.966318853241158, "FREQ_2": 3.9688485178389676, "FREQ_3": 0.8368574234453607, "FREQ_4": 0.20675180279236205, "FREQ_5": 3.190846240294584, "FREQ_6": 8.750978472235124, "LETTER_POS_1": 2.902645038760924, "LETTER_POS_2": 7.163071827481444, "LETTER_POS_3": 3.184643178326716, "LETTER_POS_4": 2.1163063741441523, "LETTER_POS_5": 5.965216498316388, "LETTER_POS_6": 8.784350277600396, "OCCUR_1": 7.386014721975231, "OCCUR_2": 4.445471477191303, "OCCUR_3": 3.2837875311511464, "OCCUR_4": 3.333265176173871, "OCCUR_5": 7.121505475682346, "OCCUR_6": 9.721698378666485, "PERF_1": 0.5556295801782862, "PERF_2": 5.13933788524294, "PERF_3": 4.497645232432193, "PERF_4": 3.9209934323466533, "PERF_5": 2.8012334077932755, "PERF_6": 5.300773562537556, "kl_stopExplr": 4.36479800298716, "r_stopExplr": 3.395072617776354}, "datetime": {"datetime": "2022-06-09 16:39:17", "elapsed": 1159.510433, "delta": 17.713154}}
{"target": 0.9673423423423423, "params": {"AVAIL_1": 3.1514357274937104, "AVAIL_2": 0.0, "AVAIL_3": 0.0, "AVAIL_4": 7.53806948679281, "AVAIL_5": 4.886968814630276, "AVAIL_6": 0.0, "CONC_1": 0.0, "CONC_2": 10.0, "CONC_3": 10.0, "CONC_4": 4.680530873329822, "CONC_5": 10.0, "CONC_6": 6.900678592775872, "FREQ_1": 10.0, "FREQ_2": 7.325080344098826, "FREQ_3": 10.0, "FREQ_4": 5.684376942546167, "FREQ_5": 3.5515794881841405, "FREQ_6": 10.0, "LETTER_POS_1": 0.0, "LETTER_POS_2": 10.0, "LETTER_POS_3": 5.31421219437757, "LETTER_POS_4": 4.1761312085566065, "LETTER_POS_5": 10.0, "LETTER_POS_6": 2.936975492578317, "OCCUR_1": 1.1934144608161388, "OCCUR_2": 1.3379339906343015, "OCCUR_3": 3.323508746797774, "OCCUR_4": 8.86965501915859, "OCCUR_5": 5.41162514421765, "OCCUR_6": 0.0, "PERF_1": 10.0, "PERF_2": 2.5872659196537477, "PERF_3": 7.931459355394678, "PERF_4": 2.5401079249296146, "PERF_5": 1.019264940775457, "PERF_6": 9.927771986494005, "kl_stopExplr": 3.0, "r_stopExplr": 5.0}, "datetime": {"datetime": "2022-06-09 16:39:25", "elapsed": 1167.623537, "delta": 8.113104}}
{"target": 0.8062522719011269, "params": {"AVAIL_1": 9.278013833902678, "AVAIL_2": 4.826157257029563, "AVAIL_3": 7.531399330765581, "AVAIL_4": 8.832567624598184, "AVAIL_5": 1.9224760699792676, "AVAIL_6": 1.7985268914862662, "CONC_1": 1.1239093912259623, "CONC_2": 3.942427766844175, "CONC_3": 9.980328111143642, "CONC_4": 5.50134485557834, "CONC_5": 7.0465819433661245, "CONC_6": 6.9345192215235985, "FREQ_1": 0.45634251527445824, "FREQ_2": 0.6584916319818124, "FREQ_3": 0.9423592523654556, "FREQ_4": 3.8740657506704776, "FREQ_5": 7.149960798946953, "FREQ_6": 1.0253038146132198, "LETTER_POS_1": 9.402472238210798, "LETTER_POS_2": 4.918559295835178, "LETTER_POS_3": 2.262868201231826, "LETTER_POS_4": 7.172508650648228, "LETTER_POS_5": 7.994974819621924, "LETTER_POS_6": 5.363952189140495, "OCCUR_1": 6.614433210256037, "OCCUR_2": 6.598121918306575, "OCCUR_3": 7.842864094964334, "OCCUR_4": 3.3201965046983584, "OCCUR_5": 8.962159357360852, "OCCUR_6": 7.148039801639317, "PERF_1": 6.341667620650789, "PERF_2": 0.21565753297611567, "PERF_3": 2.3553336154398896, "PERF_4": 0.753318893359679, "PERF_5": 7.513735215681082, "PERF_6": 5.582585836111473, "kl_stopExplr": 4.427607315468033, "r_stopExplr": 4.3533748669469405}, "datetime": {"datetime": "2022-06-09 16:39:46", "elapsed": 1188.313334, "delta": 20.689797}}
{"target": 0.8623853211009175, "params": {"AVAIL_1": 5.876421846136253, "AVAIL_2": 6.994051937087583, "AVAIL_3": 7.272111336847163, "AVAIL_4": 4.311869338168296, "AVAIL_5": 0.7449567675711688, "AVAIL_6": 4.956260521576437, "CONC_1": 4.420501960372361, "CONC_2": 4.333121810930037, "CONC_3": 4.3088419096066755, "CONC_4": 5.33801013784358, "CONC_5": 4.9897920675839025, "CONC_6": 4.7153856162143075, "FREQ_1": 4.531145062163806, "FREQ_2": 8.306514431712536, "FREQ_3": 7.6117669343977, "FREQ_4": 3.144352079277535, "FREQ_5": 4.00743501513407, "FREQ_6": 7.331759943044203, "LETTER_POS_1": 0.9202040818105539, "LETTER_POS_2": 5.173509912377913, "LETTER_POS_3": 9.643188400071638, "LETTER_POS_4": 7.183995161834091, "LETTER_POS_5": 1.5860089024867363, "LETTER_POS_6": 9.414551139799949, "OCCUR_1": 9.900964603116043, "OCCUR_2": 1.6484727057220427, "OCCUR_3": 2.0681713614250894, "OCCUR_4": 0.5488783907914607, "OCCUR_5": 1.5802111935015994, "OCCUR_6": 6.444415787554478, "PERF_1": 4.7561291271630655, "PERF_2": 1.868662545632357, "PERF_3": 0.6529816951172374, "PERF_4": 5.183838133022009, "PERF_5": 2.109700430597216, "PERF_6": 4.515000855115259, "kl_stopExplr": 4.040297469980281, "r_stopExplr": 3.867820541962925}, "datetime": {"datetime": "2022-06-09 16:40:06", "elapsed": 1208.444918, "delta": 20.131584}}
{"target": 0.9664895790764201, "params": {"AVAIL_1": 6.182387689596289, "AVAIL_2": 0.0, "AVAIL_3": 5.090029718381364, "AVAIL_4": 2.340939959254408, "AVAIL_5": 4.20916363474335, "AVAIL_6": 0.2091264454894969, "CONC_1": 2.1720699086127824, "CONC_2": 10.0, "CONC_3": 7.640088175157173, "CONC_4": 5.6036516798465215, "CONC_5": 0.0, "CONC_6": 6.001605835891298, "FREQ_1": 10.0, "FREQ_2": 6.3424202974132715, "FREQ_3": 3.297177455349219, "FREQ_4": 9.591055597604798, "FREQ_5": 10.0, "FREQ_6": 10.0, "LETTER_POS_1": 10.0, "LETTER_POS_2": 1.0113624555356533, "LETTER_POS_3": 4.492620015707943, "LETTER_POS_4": 0.0, "LETTER_POS_5": 1.4229341962433413, "LETTER_POS_6": 10.0, "OCCUR_1": 10.0, "OCCUR_2": 7.488131250705091, "OCCUR_3": 5.372753829419543, "OCCUR_4": 0.0, "OCCUR_5": 10.0, "OCCUR_6": 0.0, "PERF_1": 0.0, "PERF_2": 10.0, "PERF_3": 10.0, "PERF_4": 6.937550877570482, "PERF_5": 10.0, "PERF_6": 0.942493732804503, "kl_stopExplr": 3.0, "r_stopExplr": 3.0}, "datetime": {"datetime": "2022-06-09 16:40:14", "elapsed": 1216.431233, "delta": 7.986315}}
{"target": 0.8494744744744744, "params": {"AVAIL_1": 9.200840076924653, "AVAIL_2": 4.31374223173505, "AVAIL_3": 8.447948881543823, "AVAIL_4": 7.630295067056386, "AVAIL_5": 9.686079264502377, "AVAIL_6": 1.1905171637446255, "CONC_1": 8.25921093863965, "CONC_2": 5.292099827102393, "CONC_3": 6.783847187867028, "CONC_4": 7.301887452796958, "CONC_5": 3.2531120094068533, "CONC_6": 8.237894099729456, "FREQ_1": 0.8982610347725484, "FREQ_2": 2.3868479620886704, "FREQ_3": 2.642739587148056, "FREQ_4": 3.938619671859056, "FREQ_5": 1.3827699469577925, "FREQ_6": 7.724213585410192, "LETTER_POS_1": 5.319929853042604, "LETTER_POS_2": 1.3902513738859257, "LETTER_POS_3": 3.5185177470620754, "LETTER_POS_4": 1.9796528712842543, "LETTER_POS_5": 8.137247155076464, "LETTER_POS_6": 0.6412623737776557, "OCCUR_1": 3.5269266764571814, "OCCUR_2": 4.711951935218811, "OCCUR_3": 3.825415701769923, "OCCUR_4": 8.740779110951172, "OCCUR_5": 2.1201608045335076, "OCCUR_6": 9.701828568803867, "PERF_1": 6.616884799945401, "PERF_2": 3.592769961555091, "PERF_3": 7.115847436878548, "PERF_4": 1.9179549747540992, "PERF_5": 1.5334536681988986, "PERF_6": 8.302478262135232, "kl_stopExplr": 4.598934345729163, "r_stopExplr": 4.36213761217639}, "datetime": {"datetime": "2022-06-09 16:40:33", "elapsed": 1235.062491, "delta": 18.631258}}
{"target": 0.9682717431877567, "params": {"AVAIL_1": 0.15000679353728585, "AVAIL_2": 0.0, "AVAIL_3": 0.0, "AVAIL_4": 4.824528142324018, "AVAIL_5": 5.172937351109932, "AVAIL_6": 0.0, "CONC_1": 0.0, "CONC_2": 10.0, "CONC_3": 7.978607228987398, "CONC_4": 3.929580299356943, "CONC_5": 3.7239137797757507, "CONC_6": 8.655754500645568, "FREQ_1": 10.0, "FREQ_2": 1.719377339820595, "FREQ_3": 10.0, "FREQ_4": 6.487946355620374, "FREQ_5": 5.385729107087524, "FREQ_6": 0.8348912683804162, "LETTER_POS_1": 0.0, "LETTER_POS_2": 5.385273118239027, "LETTER_POS_3": 4.642451078594741, "LETTER_POS_4": 6.894097756571432, "LETTER_POS_5": 10.0, "LETTER_POS_6": 3.058191882279563, "OCCUR_1": 7.853036911599132, "OCCUR_2": 2.4240634683909437, "OCCUR_3": 2.936981608682492, "OCCUR_4": 9.336530871453077, "OCCUR_5": 6.863211134594737, "OCCUR_6": 9.7475865775345, "PERF_1": 10.0, "PERF_2": 10.0, "PERF_3": 9.275522495026943, "PERF_4": 8.883625690441912, "PERF_5": 3.2724280847390625, "PERF_6": 3.0074279656626737, "kl_stopExplr": 3.0, "r_stopExplr": 5.0}, "datetime": {"datetime": "2022-06-09 16:40:40", "elapsed": 1242.49214, "delta": 7.429649}}
{"target": 0.9605747973470892, "params": {"AVAIL_1": 5.150806859603415, "AVAIL_2": 0.0, "AVAIL_3": 0.0, "AVAIL_4": 2.690996677312872, "AVAIL_5": 5.581131918978151, "AVAIL_6": 10.0, "CONC_1": 5.506815198226931, "CONC_2": 10.0, "CONC_3": 10.0, "CONC_4": 7.697568059808335, "CONC_5": 0.0, "CONC_6": 10.0, "FREQ_1": 10.0, "FREQ_2": 0.0, "FREQ_3": 3.701994964439446, "FREQ_4": 4.127229842428181, "FREQ_5": 8.482288051795962, "FREQ_6": 10.0, "LETTER_POS_1": 1.8574404426811038, "LETTER_POS_2": 5.498728313455518, "LETTER_POS_3": 10.0, "LETTER_POS_4": 0.0, "LETTER_POS_5": 10.0, "LETTER_POS_6": 10.0, "OCCUR_1": 7.39661698926735, "OCCUR_2": 6.135931672230832, "OCCUR_3": 10.0, "OCCUR_4": 8.828527706972062, "OCCUR_5": 0.0, "OCCUR_6": 0.0, "PERF_1": 3.4424103021611825, "PERF_2": 10.0, "PERF_3": 7.197064395950127, "PERF_4": 6.628303193550135, "PERF_5": 2.980494550571229, "PERF_6": 0.0, "kl_stopExplr": 3.0, "r_stopExplr": 5.0}, "datetime": {"datetime": "2022-06-09 16:40:47", "elapsed": 1249.531016, "delta": 7.038876}}
{"target": 0.7552467385138968, "params": {"AVAIL_1": 9.618581247870685, "AVAIL_2": 9.119637769685804, "AVAIL_3": 7.003829759511534, "AVAIL_4": 5.283717288249577, "AVAIL_5": 2.5807946877958265, "AVAIL_6": 3.1665255701607364, "CONC_1": 0.16137909922298022, "CONC_2": 3.6177433077719003, "CONC_3": 9.562841742066395, "CONC_4": 0.7198389831693619, "CONC_5": 3.0285048808467896, "CONC_6": 4.904319361258889, "FREQ_1": 7.12991658643489, "FREQ_2": 4.947195571263582, "FREQ_3": 2.2979040976696474, "FREQ_4": 2.7040947207513244, "FREQ_5": 0.8576406232187561, "FREQ_6": 6.503873505979341, "LETTER_POS_1": 3.0964494900738515, "LETTER_POS_2": 4.555469045435132, "LETTER_POS_3": 7.486029147088168, "LETTER_POS_4": 9.8518508661856, "LETTER_POS_5": 4.096169360769286, "LETTER_POS_6": 7.064020793230395, "OCCUR_1": 0.771792938355953, "OCCUR_2": 0.25600379858262134, "OCCUR_3": 4.541960619566476, "OCCUR_4": 6.406047487381489, "OCCUR_5": 7.075599109064717, "OCCUR_6": 3.4031321294864956, "PERF_1": 0.43904833484795014, "PERF_2": 7.206159614489074, "PERF_3": 9.282308006888455, "PERF_4": 3.576044785168113, "PERF_5": 5.127959674609183, "PERF_6": 0.7885897822735799, "kl_stopExplr": 4.752547109780859, "r_stopExplr": 4.525063625310215}, "datetime": {"datetime": "2022-06-09 16:41:15", "elapsed": 1277.516146, "delta": 27.98513}}
{"target": 0.782608695652174, "params": {"AVAIL_1": 7.715003941798667, "AVAIL_2": 8.163202563219642, "AVAIL_3": 8.950788520673896, "AVAIL_4": 2.5801672596371326, "AVAIL_5": 2.8474367402889422, "AVAIL_6": 2.8022246472278525, "CONC_1": 4.311982525316509, "CONC_2": 3.4666504024734044, "CONC_3": 4.976132764162964, "CONC_4": 1.0893192067215762, "CONC_5": 0.5868486163455189, "CONC_6": 6.393844974964816, "FREQ_1": 6.719232562680525, "FREQ_2": 1.4130421522169923, "FREQ_3": 6.1295615579744265, "FREQ_4": 2.2353460011599657, "FREQ_5": 2.643749850930396, "FREQ_6": 8.970857619535332, "LETTER_POS_1": 9.69154775205158, "LETTER_POS_2": 2.067005854323897, "LETTER_POS_3": 6.352469982351721, "LETTER_POS_4": 2.080551770001615, "LETTER_POS_5": 9.832812577380814, "LETTER_POS_6": 7.9378160730440275, "OCCUR_1": 6.152522123792052, "OCCUR_2": 2.5211808299961227, "OCCUR_3": 4.460998809861911, "OCCUR_4": 0.5334575197933189, "OCCUR_5": 9.464843880703546, "OCCUR_6": 4.7423967424940585, "PERF_1": 4.834852517234084, "PERF_2": 3.291436716303516, "PERF_3": 6.1185658555562, "PERF_4": 8.043411150651567, "PERF_5": 6.9152789599550815, "PERF_6": 7.753815729149332, "kl_stopExplr": 4.836901258368857, "r_stopExplr": 4.6261596062803925}, "datetime": {"datetime": "2022-06-09 16:41:41", "elapsed": 1302.976672, "delta": 25.460526}}
{"target": 0.8294295949297327, "params": {"AVAIL_1": 3.339842258067418, "AVAIL_2": 0.3174134210987034, "AVAIL_3": 3.4403756098804763, "AVAIL_4": 6.968275414808578, "AVAIL_5": 0.46111459129908106, "AVAIL_6": 7.179738086060642, "CONC_1": 9.867305398475683, "CONC_2": 1.264029595482432, "CONC_3": 1.7751571260567245, "CONC_4": 6.204125291635391, "CONC_5": 2.1533870211776263, "CONC_6": 1.6394637411769564, "FREQ_1": 6.085316027429515, "FREQ_2": 3.6661967428869744, "FREQ_3": 0.5475611390507706, "FREQ_4": 0.45044480614631066, "FREQ_5": 3.3540500564596085, "FREQ_6": 2.1092944423598583, "LETTER_POS_1": 4.690933954372935, "LETTER_POS_2": 9.720460537403165, "LETTER_POS_3": 6.412268301093594, "LETTER_POS_4": 3.567291002680968, "LETTER_POS_5": 8.580602788844212, "LETTER_POS_6": 0.8638664069312874, "OCCUR_1": 7.7717342348590845, "OCCUR_2": 1.9577300851581414, "OCCUR_3": 8.954658010965916, "OCCUR_4": 7.494125153197616, "OCCUR_5": 4.652505858572928, "OCCUR_6": 0.8258097755058147, "PERF_1": 1.8874383142610562, "PERF_2": 4.142199090665875, "PERF_3": 5.3970207711940335, "PERF_4": 0.12757939017416065, "PERF_5": 8.137034786037644, "PERF_6": 6.196274077009082, "kl_stopExplr": 4.547515403296775, "r_stopExplr": 4.177465758503267}, "datetime": {"datetime": "2022-06-09 16:42:09", "elapsed": 1331.4892, "delta": 28.512528}}
{"target": 0.8727161997563947, "params": {"AVAIL_1": 5.601747945334441, "AVAIL_2": 8.86876468069132, "AVAIL_3": 8.927696931252937, "AVAIL_4": 3.3857601778189284, "AVAIL_5": 8.204083766955616, "AVAIL_6": 7.817240201721397, "CONC_1": 2.1014778111586, "CONC_2": 7.290696308870352, "CONC_3": 7.244782664113167, "CONC_4": 8.295796892852309, "CONC_5": 9.576877093156012, "CONC_6": 4.921907306957359, "FREQ_1": 2.4666667417473933, "FREQ_2": 9.93755007247135, "FREQ_3": 2.2684426726564846, "FREQ_4": 4.777021407427008, "FREQ_5": 7.045495223984595, "FREQ_6": 3.4485822209068626, "LETTER_POS_1": 9.49769368270976, "LETTER_POS_2": 8.05770249928632, "LETTER_POS_3": 8.777180874297194, "LETTER_POS_4": 3.0589113317479955, "LETTER_POS_5": 2.2789777928028343, "LETTER_POS_6": 4.16874818730613, "OCCUR_1": 0.21812724221020652, "OCCUR_2": 2.06895308911472, "OCCUR_3": 4.742712883171244, "OCCUR_4": 5.155743661856803, "OCCUR_5": 3.533440896771646, "OCCUR_6": 5.821736448888438, "PERF_1": 4.377162662639972, "PERF_2": 4.349564457879721, "PERF_3": 1.1752510874433797, "PERF_4": 1.612017093076843, "PERF_5": 7.425782365250245, "PERF_6": 5.6913510969796555, "kl_stopExplr": 4.628396550159185, "r_stopExplr": 4.285003506880377}, "datetime": {"datetime": "2022-06-09 16:42:33", "elapsed": 1355.607474, "delta": 24.118274}}
{"target": 0.8176500508646999, "params": {"AVAIL_1": 3.972942144885633, "AVAIL_2": 2.0966886901366677, "AVAIL_3": 2.2385053038073934, "AVAIL_4": 6.346248491320341, "AVAIL_5": 2.5084361438695635, "AVAIL_6": 1.1907670963880368, "CONC_1": 3.37927037279546, "CONC_2": 2.9327941494336707, "CONC_3": 0.5908778391792691, "CONC_4": 0.9317702712217657, "CONC_5": 6.776400590849186, "CONC_6": 4.583417336969787, "FREQ_1": 2.2171477930097163, "FREQ_2": 9.827393926514155, "FREQ_3": 0.46023662165969537, "FREQ_4": 5.3688143904292325, "FREQ_5": 7.589394252127885, "FREQ_6": 6.05045924186766, "LETTER_POS_1": 6.542820794079036, "LETTER_POS_2": 5.421348648429145, "LETTER_POS_3": 6.51612999125291, "LETTER_POS_4": 6.400971123204363, "LETTER_POS_5": 3.864001886634525, "LETTER_POS_6": 6.038257068890216, "OCCUR_1": 3.025876434777585, "OCCUR_2": 0.6103536145067145, "OCCUR_3": 6.819935842210968, "OCCUR_4": 3.033509322469412, "OCCUR_5": 7.2323194163517694, "OCCUR_6": 1.6023110665424567, "PERF_1": 0.9301694220278856, "PERF_2": 0.7993128755107437, "PERF_3": 1.604506678060873, "PERF_4": 0.48602122280601345, "PERF_5": 6.474724047581707, "PERF_6": 0.8419627393436235, "kl_stopExplr": 4.260400416560447, "r_stopExplr": 3.4839328154508458}, "datetime": {"datetime": "2022-06-09 16:42:57", "elapsed": 1379.045357, "delta": 23.437883}}
{"target": 0.9680549939344926, "params": {"AVAIL_1": 0.0, "AVAIL_2": 0.0, "AVAIL_3": 0.0, "AVAIL_4": 9.456165471440798, "AVAIL_5": 0.0, "AVAIL_6": 0.0, "CONC_1": 0.05715308127986416, "CONC_2": 5.690493489058223, "CONC_3": 10.0, "CONC_4": 10.0, "CONC_5": 10.0, "CONC_6": 0.28710853362658, "FREQ_1": 10.0, "FREQ_2": 2.440879152325955, "FREQ_3": 7.1237891435666985, "FREQ_4": 10.0, "FREQ_5": 3.674062916827791, "FREQ_6": 10.0, "LETTER_POS_1": 7.002077479541121, "LETTER_POS_2": 0.0, "LETTER_POS_3": 9.09711481498508, "LETTER_POS_4": 0.0, "LETTER_POS_5": 10.0, "LETTER_POS_6": 7.641666062097069, "OCCUR_1": 0.0, "OCCUR_2": 8.548949865454823, "OCCUR_3": 1.9425139760859007, "OCCUR_4": 1.987675241835207, "OCCUR_5": 0.0, "OCCUR_6": 3.5861270019755604, "PERF_1": 5.688783244659618, "PERF_2": 10.0, "PERF_3": 7.1700411984068255, "PERF_4": 6.26880787986895, "PERF_5": 0.03862038499565015, "PERF_6": 0.5606356358376532, "kl_stopExplr": 3.0, "r_stopExplr": 3.0}, "datetime": {"datetime": "2022-06-09 16:43:03", "elapsed": 1385.382871, "delta": 6.337514}}
{"target": 0.9786521557136877, "params": {"AVAIL_1": 0.0, "AVAIL_2": 0.0, "AVAIL_3": 0.0, "AVAIL_4": 8.833682162915109, "AVAIL_5": 10.0, "AVAIL_6": 1.1455548657528063, "CONC_1": 0.22379342315936882, "CONC_2": 10.0, "CONC_3": 10.0, "CONC_4": 7.640477767539323, "CONC_5": 2.6266864297818047, "CONC_6": 2.307867856629764, "FREQ_1": 7.398926792865271, "FREQ_2": 10.0, "FREQ_3": 2.8354597484200093, "FREQ_4": 10.0, "FREQ_5": 10.0, "FREQ_6": 10.0, "LETTER_POS_1": 3.9297981286105528, "LETTER_POS_2": 0.0, "LETTER_POS_3": 0.0, "LETTER_POS_4": 3.7695297802605205, "LETTER_POS_5": 4.846055250361906, "LETTER_POS_6": 8.083372160850113, "OCCUR_1": 9.108553392290707, "OCCUR_2": 4.840134688838178, "OCCUR_3": 0.0, "OCCUR_4": 7.788047298174193, "OCCUR_5": 6.758943124611693, "OCCUR_6": 0.12226995119137601, "PERF_1": 10.0, "PERF_2": 5.362273284096586, "PERF_3": 3.0376834285880907, "PERF_4": 7.875520177214788, "PERF_5": 6.234161209451629, "PERF_6": 7.431364015879958, "kl_stopExplr": 3.0, "r_stopExplr": 5.0}, "datetime": {"datetime": "2022-06-09 16:43:09", "elapsed": 1391.69164, "delta": 6.308769}}
