{"target": 0.9263077510500191, "params": {"AVAIL_1": 2.0883698836215094, "AVAIL_2": 3.1506707201136406, "AVAIL_3": 1.5344148372255417, "AVAIL_4": 0.5421046491935766, "AVAIL_5": 4.2270892718924635, "AVAIL_6": 3.7749587579942743, "CONC_1": 5.164857069062078, "CONC_2": 0.2770516175118898, "CONC_3": 5.263384235964179, "CONC_4": 3.084911404230434, "CONC_5": 0.4994965136174667, "CONC_6": 6.5949083659938115, "FREQ_1": 4.48641908796505, "FREQ_2": 6.155131590318912, "FREQ_3": 1.7970646523140599, "FREQ_4": 4.807691434203623, "FREQ_5": 9.754578669488941, "FREQ_6": 8.776780798160699, "LETTER_POS_1": 6.609255390113276, "LETTER_POS_2": 2.301123115195376, "LETTER_POS_3": 7.830918614433269, "LETTER_POS_4": 3.5719880166414075, "LETTER_POS_5": 7.012467373095818, "LETTER_POS_6": 5.059080043327599, "OCCUR_1": 9.039221669827764, "OCCUR_2": 6.066258079362146, "OCCUR_3": 3.3276882019795573, "OCCUR_4": 0.5764515639162482, "OCCUR_5": 4.04986551804742, "OCCUR_6": 0.8213466886582976, "PERF_1": 3.097288047042933, "PERF_2": 5.8622758371674895, "PERF_3": 2.9893953511012397, "PERF_4": 8.318681178789104, "PERF_5": 0.771973525237406, "PERF_6": 4.681648082212205, "kl_stopExplr": 3.570729882986328, "r_stopExplr": 3.8937661363073985}, "datetime": {"datetime": "2022-06-09 16:35:14", "elapsed": 916.913359, "delta": 5.517397}}
{"target": 0.9724264705882353, "params": {"AVAIL_1": 0.0, "AVAIL_2": 0.0, "AVAIL_3": 0.0, "AVAIL_4": 0.0, "AVAIL_5": 0.0, "AVAIL_6": 0.0, "CONC_1": 1.0010983873356951, "CONC_2": 3.342618389626744, "CONC_3": 7.414552966179767, "CONC_4": 3.6915139936342305, "CONC_5": 1.4167766427403439, "CONC_6": 5.486352160967217, "FREQ_1": 10.0, "FREQ_2": 0.0, "FREQ_3": 3.2538169445252247, "FREQ_4": 10.0, "FREQ_5": 6.089936197689855, "FREQ_6": 10.0, "LETTER_POS_1": 10.0, "LETTER_POS_2": 0.0, "LETTER_POS_3": 5.40447339287087, "LETTER_POS_4": 3.3600422624174158, "LETTER_POS_5": 10.0, "LETTER_POS_6": 10.0, "OCCUR_1": 10.0, "OCCUR_2": 10.0, "OCCUR_3": 5.400571380756225, "OCCUR_4": 0.0, "OCCUR_5": 10.0, "OCCUR_6": 2.7155022640796087, "PERF_1": 4.579292833479114, "PERF_2": 10.0, "PERF_3": 9.638359728410634, "PERF_4": 6.908765262691624, "PERF_5": 4.307065537492156, "PERF_6": 0.8635663429993344, "kl_stopExplr": 3.0, "r_stopExplr": 5.0}, "datetime": {"datetime": "2022-06-09 16:35:22", "elapsed": 924.416357, "delta": 7.502998}}
{"target": 0.9350556153570148, "params": {"AVAIL_1": 6.539453344720974, "AVAIL_2": 3.74366426263977, "AVAIL_3": 5.850579436860732, "AVAIL_4": 6.281335771442186, "AVAIL_5": 0.8442275609906413, "AVAIL_6": 2.7122983466751185, "CONC_1": 1.412426910028629, "CONC_2": 6.8649255349170435, "CONC_3": 5.744583951449461, "CONC_4": 3.5783277989341524, "CONC_5": 8.73433487316887, "CONC_6": 7.377115447727569, "FREQ_1": 7.112261884841571, "FREQ_2": 4.833469162688493, "FREQ_3": 8.122196318394435, "FREQ_4": 6.643727922546901, "FREQ_5": 1.1191187767309962, "FREQ_6": 6.722706952148204, "LETTER_POS_1": 5.610133307339572, "LETTER_POS_2": 8.416431816701357, "LETTER_POS_3": 5.30848915240454, "LETTER_POS_4": 4.91920836294292, "LETTER_POS_5": 8.38413133214276, "LETTER_POS_6": 0.6771813894695033, "OCCUR_1": 9.809443536006802, "OCCUR_2": 1.2152508303739296, "OCCUR_3": 2.607640564471213, "OCCUR_4": 5.942571538771596, "OCCUR_5": 0.21400576023779316, "OCCUR_6": 5.28177605469026, "PERF_1": 4.58519171751645, "PERF_2": 4.027882629743214, "PERF_3": 5.397834106967862, "PERF_4": 2.0325615424925694, "PERF_5": 3.413072653713196, "PERF_6": 7.785536270096436, "kl_stopExplr": 3.7908873906131806, "r_stopExplr": 3.695688017502902}, "datetime": {"datetime": "2022-06-09 16:35:28", "elapsed": 930.407226, "delta": 5.990869}}
{"target": 0.9084916634354401, "params": {"AVAIL_1": 3.507357891259637, "AVAIL_2": 5.683805724817175, "AVAIL_3": 4.933570091760534, "AVAIL_4": 4.945148897876029, "AVAIL_5": 8.05128207926349, "AVAIL_6": 3.470327643595584, "CONC_1": 2.437455035910708, "CONC_2": 8.904455980853898, "CONC_3": 2.102388287048563, "CONC_4": 3.1166123757611452, "CONC_5": 5.750953449238193, "CONC_6": 6.574377218099624, "FREQ_1": 4.803819031308295, "FREQ_2": 4.523808647027387, "FREQ_3": 6.252334658016636, "FREQ_4": 7.158373788748079, "FREQ_5": 8.135000230985987, "FREQ_6": 9.621319259658613, "LETTER_POS_1": 3.754003649810169, "LETTER_POS_2": 9.67859863221338, "LETTER_POS_3": 5.8499685075846, "LETTER_POS_4": 6.466397548431338, "LETTER_POS_5": 5.120145290651886, "LETTER_POS_6": 9.236140957800922, "OCCUR_1": 8.166790835962747, "OCCUR_2": 7.456896595356354, "OCCUR_3": 1.786758805665778, "OCCUR_4": 9.781692679362116, "OCCUR_5": 2.019476232868813, "OCCUR_6": 7.7562095345653015, "PERF_1": 2.2045088809325564, "PERF_2": 3.472817402453793, "PERF_3": 6.136334269194895, "PERF_4": 5.020927385288161, "PERF_5": 0.7331768096271896, "PERF_6": 1.5262633071309584, "kl_stopExplr": 3.9009612947826247, "r_stopExplr": 3.8581531649905143}, "datetime": {"datetime": "2022-06-09 16:35:33", "elapsed": 935.895971, "delta": 5.488745}}
{"target": 0.9760429574555969, "params": {"AVAIL_1": 2.408265336639666, "AVAIL_2": 0.0, "AVAIL_3": 0.0, "AVAIL_4": 0.849131625357052, "AVAIL_5": 2.2599705071311873, "AVAIL_6": 0.0, "CONC_1": 0.0, "CONC_2": 10.0, "CONC_3": 4.572086632548829, "CONC_4": 6.616223474692721, "CONC_5": 0.0, "CONC_6": 8.71638438288157, "FREQ_1": 9.636237897671709, "FREQ_2": 3.5387473877643707, "FREQ_3": 7.597561315579112, "FREQ_4": 7.253512235782499, "FREQ_5": 5.599407892935198, "FREQ_6": 10.0, "LETTER_POS_1": 10.0, "LETTER_POS_2": 0.0, "LETTER_POS_3": 5.5711355903318225, "LETTER_POS_4": 4.539096459877764, "LETTER_POS_5": 2.7598285525324426, "LETTER_POS_6": 10.0, "OCCUR_1": 10.0, "OCCUR_2": 0.75095004252384, "OCCUR_3": 1.5329164658096552, "OCCUR_4": 0.0, "OCCUR_5": 8.32543701494879, "OCCUR_6": 3.9611272276710134, "PERF_1": 6.044127715059767, "PERF_2": 10.0, "PERF_3": 1.9417307044480894, "PERF_4": 9.368598531719972, "PERF_5": 3.8904846628639977, "PERF_6": 5.23595542587156, "kl_stopExplr": 3.0, "r_stopExplr": 3.0}, "datetime": {"datetime": "2022-06-09 16:35:40", "elapsed": 942.865263, "delta": 6.969292}}
{"target": 0.9748971193415638, "params": {"AVAIL_1": 2.2503035220786676, "AVAIL_2": 0.0, "AVAIL_3": 0.0, "AVAIL_4": 0.0, "AVAIL_5": 4.406209542223445, "AVAIL_6": 0.0, "CONC_1": 0.0, "CONC_2": 10.0, "CONC_3": 5.4128646995071525, "CONC_4": 2.550775127907151, "CONC_5": 8.365650670598574, "CONC_6": 9.816233031131441, "FREQ_1": 4.596219742861917, "FREQ_2": 5.037390547604713, "FREQ_3": 4.441426314509682, "FREQ_4": 6.143146272039049, "FREQ_5": 2.6778299764757505, "FREQ_6": 2.0405441730655784, "LETTER_POS_1": 10.0, "LETTER_POS_2": 5.5345281995322875, "LETTER_POS_3": 0.028955802688915518, "LETTER_POS_4": 6.658697464695863, "LETTER_POS_5": 10.0, "LETTER_POS_6": 8.282486382563496, "OCCUR_1": 10.0, "OCCUR_2": 3.864765437230166, "OCCUR_3": 6.549195781735418, "OCCUR_4": 4.469521496095273, "OCCUR_5": 7.463971157725821, "OCCUR_6": 10.0, "PERF_1": 10.0, "PERF_2": 8.953935610514803, "PERF_3": 5.192806600063446, "PERF_4": 3.867973714043412, "PERF_5": 2.7366142279426677, "PERF_6": 3.921691190725674, "kl_stopExplr": 3.0, "r_stopExplr": 5.0}, "datetime": {"datetime": "2022-06-09 16:35:47", "elapsed": 949.879417, "delta": 7.014154}}
{"target": 0.8921534739025233, "params": {"AVAIL_1": 7.437974516670748, "AVAIL_2": 3.8464299102541544, "AVAIL_3": 0.5899134834583308, "AVAIL_4": 6.778556452329381, "AVAIL_5": 3.0817860357354707, "AVAIL_6": 6.180399469738326, "CONC_1": 0.9007557161257629, "CONC_2": 2.9650806059610133, "CONC_3": 5.905886371092514, "CONC_4": 9.620820343027859, "CONC_5": 0.15950467063900686, "CONC_6": 9.531004120139784, "FREQ_1": 1.8674180044737643, "FREQ_2": 4.927296845254144, "FREQ_3": 4.514298310683555, "FREQ_4": 3.109375499553715, "FREQ_5": 5.416383571876765, "FREQ_6": 1.0645264577872937, "LETTER_POS_1": 4.464797595190973, "LETTER_POS_2": 6.583704460514291, "LETTER_POS_3": 2.9779064921704954, "LETTER_POS_4": 4.268931020580576, "LETTER_POS_5": 8.734701418523825, "LETTER_POS_6": 6.233463457473914, "OCCUR_1": 9.46328655170294, "OCCUR_2": 8.011599140420936, "OCCUR_3": 2.789558386666876, "OCCUR_4": 3.1922662131948676, "OCCUR_5": 3.4704893098674585, "OCCUR_6": 5.392310487819695, "PERF_1": 5.136099657585968, "PERF_2": 9.720589960301197, "PERF_3": 8.138246907166188, "PERF_4": 6.546001309070561, "PERF_5": 1.196032150803621, "PERF_6": 3.3334854814646264, "kl_stopExplr": 4.3334320806601685, "r_stopExplr": 4.514410714104225}, "datetime": {"datetime": "2022-06-09 16:36:08", "elapsed": 970.415407, "delta": 20.53599}}
{"target": 0.9013303769401331, "params": {"AVAIL_1": 6.594252357698453, "AVAIL_2": 2.0820358923340776, "AVAIL_3": 3.3966512245811664, "AVAIL_4": 1.589377744395024, "AVAIL_5": 4.234680997233018, "AVAIL_6": 3.3782537200649223, "CONC_1": 3.543551434616037, "CONC_2": 3.788719189923273, "CONC_3": 4.086797052050942, "CONC_4": 8.463297901049264, "CONC_5": 1.7951659199413772, "CONC_6": 9.161197461634488, "FREQ_1": 7.572716007540011, "FREQ_2": 6.001402575786794, "FREQ_3": 6.191917883111314, "FREQ_4": 4.4809520638155504, "FREQ_5": 4.2360236599904315, "FREQ_6": 0.9435895180041864, "LETTER_POS_1": 9.29984648531212, "LETTER_POS_2": 8.321668703562437, "LETTER_POS_3": 3.611634951035221, "LETTER_POS_4": 3.919014074748628, "LETTER_POS_5": 7.62810900600524, "LETTER_POS_6": 5.548377777694268, "OCCUR_1": 8.12804819568556, "OCCUR_2": 5.88013193227114, "OCCUR_3": 2.7003471325654447, "OCCUR_4": 6.102093061521382, "OCCUR_5": 3.2504831684733224, "OCCUR_6": 7.348572964986188, "PERF_1": 1.3700046757647333, "PERF_2": 4.6280227206662445, "PERF_3": 4.611755169793757, "PERF_4": 0.42427110340532703, "PERF_5": 2.104709417859225, "PERF_6": 3.6654703207560733, "kl_stopExplr": 4.211582842142018, "r_stopExplr": 4.969684303982923}, "datetime": {"datetime": "2022-06-09 16:36:27", "elapsed": 989.036718, "delta": 18.621311}}
{"target": 0.9752475247524752, "params": {"AVAIL_1": 0.0, "AVAIL_2": 0.0, "AVAIL_3": 0.0, "AVAIL_4": 4.0219426427439355, "AVAIL_5": 1.0014097130610418, "AVAIL_6": 0.0, "CONC_1": 0.0, "CONC_2": 10.0, "CONC_3": 10.0, "CONC_4": 5.8516091135851225, "CONC_5": 8.080958321106907, "CONC_6": 10.0, "FREQ_1": 9.744090096731336, "FREQ_2": 8.614402990428124, "FREQ_3": 0.0, "FREQ_4": 10.0, "FREQ_5": 5.808540863453863, "FREQ_6": 10.0, "LETTER_POS_1": 8.985729296980837, "LETTER_POS_2": 5.686810600785981, "LETTER_POS_3": 7.996980420982434, "LETTER_POS_4": 3.079012536187914, "LETTER_POS_5": 9.248206840152054, "LETTER_POS_6": 10.0, "OCCUR_1": 6.715293003591383, "OCCUR_2": 4.665600620307501, "OCCUR_3": 6.128898683255767, "OCCUR_4": 0.0, "OCCUR_5": 6.611209634472769, "OCCUR_6": 0.6831632404076151, "PERF_1": 0.0, "PERF_2": 4.458923624169237, "PERF_3": 8.351046471594934, "PERF_4": 2.9457512318224404, "PERF_5": 3.081292140194265, "PERF_6": 3.6971551149551884, "kl_stopExplr": 3.0, "r_stopExplr": 3.0}, "datetime": {"datetime": "2022-06-09 16:36:35", "elapsed": 996.972707, "delta": 7.935989}}
{"target": 0.9707623982235382, "params": {"AVAIL_1": 0.0, "AVAIL_2": 0.0, "AVAIL_3": 0.0, "AVAIL_4": 0.0, "AVAIL_5": 5.120860112381149, "AVAIL_6": 0.0, "CONC_1": 3.7173535238167785, "CONC_2": 10.0, "CONC_3": 10.0, "CONC_4": 10.0, "CONC_5": 3.218923822216292, "CONC_6": 2.785964654735231, "FREQ_1": 10.0, "FREQ_2": 0.9394031852296129, "FREQ_3": 6.192444580494137, "FREQ_4": 8.679632035562113, "FREQ_5": 6.186412242061032, "FREQ_6": 4.123619699881735, "LETTER_POS_1": 10.0, "LETTER_POS_2": 5.153049733213267, "LETTER_POS_3": 2.9747570172635998, "LETTER_POS_4": 1.4775154327033062, "LETTER_POS_5": 8.55817914947085, "LETTER_POS_6": 2.4624603328292776, "OCCUR_1": 8.281666993634484, "OCCUR_2": 0.0, "OCCUR_3": 5.623127909449935, "OCCUR_4": 0.0, "OCCUR_5": 8.34915131397587, "OCCUR_6": 10.0, "PERF_1": 10.0, "PERF_2": 10.0, "PERF_3": 9.11751406625916, "PERF_4": 10.0, "PERF_5": 10.0, "PERF_6": 10.0, "kl_stopExplr": 3.0, "r_stopExplr": 3.0}, "datetime": {"datetime": "2022-06-09 16:36:42", "elapsed": 1004.373939, "delta": 7.401232}}
{"target": 0.9531827515400411, "params": {"AVAIL_1": 3.0062918020820852, "AVAIL_2": 2.0886545934206335, "AVAIL_3": 5.845685022900654, "AVAIL_4": 0.8811897227269017, "AVAIL_5": 5.540986476714826, "AVAIL_6": 5.7224988458945445, "CONC_1": 5.90981012634362, "CONC_2": 6.412850635065501, "CONC_3": 3.8469134718067313, "CONC_4": 2.887823950662576, "CONC_5": 1.316086181904157, "CONC_6": 6.827088030033423, "FREQ_1": 5.471688042343594, "FREQ_2": 2.833778484981584, "FREQ_3": 6.6768143609433706, "FREQ_4": 6.938696580369447, "FREQ_5": 3.9592825930883047, "FREQ_6": 6.30052956362403, "LETTER_POS_1": 9.090792132876604, "LETTER_POS_2": 2.9815558506946607, "LETTER_POS_3": 3.4271171884622333, "LETTER_POS_4": 0.7413948434598017, "LETTER_POS_5": 6.355866974602878, "LETTER_POS_6": 4.119336315237266, "OCCUR_1": 9.29338052465023, "OCCUR_2": 5.7412758633694425, "OCCUR_3": 7.032918197046412, "OCCUR_4": 1.061268512218554, "OCCUR_5": 7.5514862298274075, "OCCUR_6": 4.3986634408313074, "PERF_1": 4.059690131922457, "PERF_2": 8.430980748492326, "PERF_3": 6.690921998432222, "PERF_4": 6.316437353437512, "PERF_5": 4.8271203476859545, "PERF_6": 0.6997034801888657, "kl_stopExplr": 3.9546350148952767, "r_stopExplr": 3.579559149590619}, "datetime": {"datetime": "2022-06-09 16:36:47", "elapsed": 1009.380739, "delta": 5.0068}}
{"target": 0.9755706848217861, "params": {"AVAIL_1": 2.17359522412805, "AVAIL_2": 0.0, "AVAIL_3": 0.0, "AVAIL_4": 4.728837587049073, "AVAIL_5": 4.352430283647448, "AVAIL_6": 0.0, "CONC_1": 9.098528238049767, "CONC_2": 10.0, "CONC_3": 5.292992288642514, "CONC_4": 0.8451615703117605, "CONC_5": 0.0, "CONC_6": 10.0, "FREQ_1": 9.070351237086095, "FREQ_2": 2.584176769623667, "FREQ_3": 2.6833680288857087, "FREQ_4": 4.654503342885021, "FREQ_5": 6.578923958696673, "FREQ_6": 10.0, "LETTER_POS_1": 10.0, "LETTER_POS_2": 6.18125131564917, "LETTER_POS_3": 5.848857607660561, "LETTER_POS_4": 0.6619398395314825, "LETTER_POS_5": 9.447004394947452, "LETTER_POS_6": 10.0, "OCCUR_1": 10.0, "OCCUR_2": 5.28238621652142, "OCCUR_3": 8.154954168397389, "OCCUR_4": 0.0, "OCCUR_5": 7.635466410463134, "OCCUR_6": 4.905293673675472, "PERF_1": 7.001886884624058, "PERF_2": 10.0, "PERF_3": 5.033102295484478, "PERF_4": 4.428031467687958, "PERF_5": 7.330722995371461, "PERF_6": 1.6196625239155293, "kl_stopExplr": 3.0, "r_stopExplr": 3.0}, "datetime": {"datetime": "2022-06-09 16:36:53", "elapsed": 1015.919904, "delta": 6.539165}}
{"target": 0.9740206185567011, "params": {"AVAIL_1": 0.0, "AVAIL_2": 0.0, "AVAIL_3": 0.0, "AVAIL_4": 0.0, "AVAIL_5": 10.0, "AVAIL_6": 10.0, "CONC_1": 5.197210643039089, "CONC_2": 10.0, "CONC_3": 7.600360273721048, "CONC_4": 10.0, "CONC_5": 0.0, "CONC_6": 6.741369168634402, "FREQ_1": 10.0, "FREQ_2": 4.989856646463737, "FREQ_3": 1.5496091113122896, "FREQ_4": 8.152227114470351, "FREQ_5": 7.410045552581338, "FREQ_6": 9.310516412446342, "LETTER_POS_1": 10.0, "LETTER_POS_2": 1.2331008422111889, "LETTER_POS_3": 0.0, "LETTER_POS_4": 0.0, "LETTER_POS_5": 0.7235792982646447, "LETTER_POS_6": 10.0, "OCCUR_1": 10.0, "OCCUR_2": 0.0, "OCCUR_3": 8.647294519402353, "OCCUR_4": 1.2950838975316121, "OCCUR_5": 10.0, "OCCUR_6": 10.0, "PERF_1": 5.740313708118449, "PERF_2": 10.0, "PERF_3": 6.5688960710763125, "PERF_4": 5.289298216860799, "PERF_5": 8.632743461370122, "PERF_6": 4.349235771473246, "kl_stopExplr": 3.0, "r_stopExplr": 3.0}, "datetime": {"datetime": "2022-06-09 16:37:00", "elapsed": 1022.548202, "delta": 6.628298}}
{"target": 0.8960444589735208, "params": {"AVAIL_1": 2.772237372971796, "AVAIL_2": 2.207749525685221, "AVAIL_3": 0.724866593244935, "AVAIL_4": 3.7278160788277814, "AVAIL_5": 9.149973325071484, "AVAIL_6": 0.03435282935515538, "CONC_1": 2.8407992847789245, "CONC_2": 6.367088617507168, "CONC_3": 2.520526003393042, "CONC_4": 4.21854932767185, "CONC_5": 8.559795992238865, "CONC_6": 8.608644633323712, "FREQ_1": 3.3950458053191577, "FREQ_2": 3.025993265732673, "FREQ_3": 0.7303117726794484, "FREQ_4": 2.112076127949009, "FREQ_5": 1.6824140158601375, "FREQ_6": 4.903867841605093, "LETTER_POS_1": 4.3618167370120355, "LETTER_POS_2": 7.452996737857765, "LETTER_POS_3": 5.13256190723952, "LETTER_POS_4": 2.127145543487581, "LETTER_POS_5": 6.464490799265141, "LETTER_POS_6": 5.071180684630592, "OCCUR_1": 7.563286024842331, "OCCUR_2": 6.59894112300584, "OCCUR_3": 4.941074797820471, "OCCUR_4": 6.508498315735151, "OCCUR_5": 4.58495785528965, "OCCUR_6": 6.188866262189515, "PERF_1": 4.450170942021704, "PERF_2": 7.472311563577, "PERF_3": 4.005407875532172, "PERF_4": 7.267200580153643, "PERF_5": 4.960791511865182, "PERF_6": 4.118480780627726, "kl_stopExplr": 4.909986949942625, "r_stopExplr": 3.3861678797449564}, "datetime": {"datetime": "2022-06-09 16:37:18", "elapsed": 1039.97153, "delta": 17.423328}}
{"target": 0.9740527182866557, "params": {"AVAIL_1": 0.0, "AVAIL_2": 0.0, "AVAIL_3": 7.513592632319633, "AVAIL_4": 3.058347534643939, "AVAIL_5": 0.0, "AVAIL_6": 0.0, "CONC_1": 1.9209762494725393, "CONC_2": 6.494231265834636, "CONC_3": 7.129223716795176, "CONC_4": 1.9863579913939402, "CONC_5": 6.054231065383413, "CONC_6": 4.770992537948937, "FREQ_1": 10.0, "FREQ_2": 7.872371832424532, "FREQ_3": 10.0, "FREQ_4": 8.977196617080068, "FREQ_5": 5.488764779358681, "FREQ_6": 10.0, "LETTER_POS_1": 8.663035249687072, "LETTER_POS_2": 0.0, "LETTER_POS_3": 5.238351876934476, "LETTER_POS_4": 4.187776850478824, "LETTER_POS_5": 10.0, "LETTER_POS_6": 4.726985750194287, "OCCUR_1": 10.0, "OCCUR_2": 2.6273592346323844, "OCCUR_3": 4.235343864645616, "OCCUR_4": 0.0, "OCCUR_5": 8.753437843833973, "OCCUR_6": 6.47415099949487, "PERF_1": 10.0, "PERF_2": 4.063163489198736, "PERF_3": 5.113037512046227, "PERF_4": 9.032232169538464, "PERF_5": 2.022100898916498, "PERF_6": 3.5121596086887474, "kl_stopExplr": 3.0, "r_stopExplr": 5.0}, "datetime": {"datetime": "2022-06-09 16:37:25", "elapsed": 1047.645793, "delta": 7.674263}}
{"target": 0.8822328114363512, "params": {"AVAIL_1": 4.234411712319678, "AVAIL_2": 2.548281935673492, "AVAIL_3": 2.102409391495553, "AVAIL_4": 4.394570230777339, "AVAIL_5": 3.8172048041705775, "AVAIL_6": 0.467199042306502, "CONC_1": 3.9110359263251873, "CONC_2": 4.171093969109588, "CONC_3": 4.928410932097449, "CONC_4": 3.9526564826690613, "CONC_5": 1.8401351708972713, "CONC_6": 8.936396042417519, "FREQ_1": 3.6571256547958573, "FREQ_2": 6.838587482890866, "FREQ_3": 2.8051036554758637, "FREQ_4": 4.48437624549433, "FREQ_5": 5.351769926939177, "FREQ_6": 5.276392557441322, "LETTER_POS_1": 3.9447258102392557, "LETTER_POS_2": 8.669793277693259, "LETTER_POS_3": 5.6626705869954534, "LETTER_POS_4": 3.710040208766965, "LETTER_POS_5": 5.7580243216561104, "LETTER_POS_6": 6.5422066295152925, "OCCUR_1": 8.432630308834124, "OCCUR_2": 7.231510816307902, "OCCUR_3": 2.564351573702907, "OCCUR_4": 4.920604217888482, "OCCUR_5": 2.2640055611701126, "OCCUR_6": 7.435663054255604, "PERF_1": 4.607300597691182, "PERF_2": 6.20782128367159, "PERF_3": 4.793607440302797, "PERF_4": 0.5388272920623938, "PERF_5": 2.7768966367872325, "PERF_6": 1.7005561834129401, "kl_stopExplr": 4.114607772193682, "r_stopExplr": 4.111874484354346}, "datetime": {"datetime": "2022-06-09 16:37:47", "elapsed": 1069.194449, "delta": 21.548656}}
{"target": 0.83098223615465, "params": {"AVAIL_1": 9.955158324533906, "AVAIL_2": 4.926509280439413, "AVAIL_3": 8.718131047915582, "AVAIL_4": 0.11967781287572032, "AVAIL_5": 9.973978381174506, "AVAIL_6": 1.0180622590935295, "CONC_1": 2.6452065940654035, "CONC_2": 3.653684782153971, "CONC_3": 2.142951557949119, "CONC_4": 7.643017964361228, "CONC_5": 4.8694140958660554, "CONC_6": 7.1981589273099615, "FREQ_1": 0.45133580531837025, "FREQ_2": 3.844438463994695, "FREQ_3": 1.5429996026986559, "FREQ_4": 8.984112086937092, "FREQ_5": 6.949947355097703, "FREQ_6": 9.93180769525175, "LETTER_POS_1": 5.844456472198543, "LETTER_POS_2": 6.712799630619685, "LETTER_POS_3": 8.213200390873801, "LETTER_POS_4": 5.5725113953882595, "LETTER_POS_5": 3.591237541900795, "LETTER_POS_6": 5.679063412320774, "OCCUR_1": 2.098703201242472, "OCCUR_2": 1.470107480194378, "OCCUR_3": 2.3492406066852114, "OCCUR_4": 2.562723964447028, "OCCUR_5": 6.074654948076974, "OCCUR_6": 9.869994916308798, "PERF_1": 9.938981192107294, "PERF_2": 4.176844406068345, "PERF_3": 0.09316353819175505, "PERF_4": 7.6923334016438725, "PERF_5": 0.18653905975609675, "PERF_6": 5.034637750846999, "kl_stopExplr": 4.911314656881144, "r_stopExplr": 4.22050467136575}, "datetime": {"datetime": "2022-06-09 16:38:15", "elapsed": 1097.177593, "delta": 27.983144}}
{"target": 0.9591761677087164, "params": {"AVAIL_1": 2.039743891757423, "AVAIL_2": 0.0, "AVAIL_3": 0.0, "AVAIL_4": 3.236439137163521, "AVAIL_5": 5.420973916644319, "AVAIL_6": 8.066667971475058, "CONC_1": 0.0, "CONC_2": 10.0, "CONC_3": 10.0, "CONC_4": 5.528172061119161, "CONC_5": 7.5442148984415, "CONC_6": 8.033026597081845, "FREQ_1": 8.37354709557895, "FREQ_2": 5.110050889798969, "FREQ_3": 0.0, "FREQ_4": 4.677338631112713, "FREQ_5": 6.401834718145455, "FREQ_6": 3.283987473637757, "LETTER_POS_1": 2.7074993729490013, "LETTER_POS_2": 10.0, "LETTER_POS_3": 1.1536889944557849, "LETTER_POS_4": 4.501598180857095, "LETTER_POS_5": 10.0, "LETTER_POS_6": 7.6961405861864245, "OCCUR_1": 10.0, "OCCUR_2": 4.838698083081815, "OCCUR_3": 10.0, "OCCUR_4": 7.029114384036901, "OCCUR_5": 6.105817456069873, "OCCUR_6": 10.0, "PERF_1": 10.0, "PERF_2": 1.8982530566663056, "PERF_3": 10.0, "PERF_4": 1.8846665265935219, "PERF_5": 0.7808890459965908, "PERF_6": 5.1099926064406045, "kl_stopExplr": 3.0, "r_stopExplr": 5.0}, "datetime": {"datetime": "2022-06-09 16:38:23", "elapsed": 1105.19987, "delta": 8.022277}}
