{"target": 0.9655445544554455, "params": {"AVAIL_1": 2.8703079669712572, "AVAIL_2": 3.316484737126216, "AVAIL_3": 5.304970114412147, "AVAIL_4": 4.831155230125431, "AVAIL_5": 7.443617986589327, "AVAIL_6": 0.7452569709140144, "CONC_1": 0.3851491976663812, "CONC_2": 8.306207461036735, "CONC_3": 5.997568040016244, "CONC_4": 4.800475489044756, "CONC_5": 0.5884439390977025, "CONC_6": 8.30891877284235, "FREQ_1": 4.520636141812582, "FREQ_2": 9.06136041601305, "FREQ_3": 7.890302764022435, "FREQ_4": 3.466359817030092, "FREQ_5": 7.289784831834323, "FREQ_6": 7.995371125354364, "LETTER_POS_1": 2.9881217369092417, "LETTER_POS_2": 2.8039414179909627, "LETTER_POS_3": 5.209929028478694, "LETTER_POS_4": 8.817410762251681, "LETTER_POS_5": 4.302926525458667, "LETTER_POS_6": 7.57154415651417, "OCCUR_1": 6.592523666625816, "OCCUR_2": 1.5066641208536913, "OCCUR_3": 3.372829343188042, "OCCUR_4": 9.318010145900471, "OCCUR_5": 6.327332223365852, "OCCUR_6": 5.686943893276144, "PERF_1": 6.520697233720126, "PERF_2": 1.4493521037497514, "PERF_3": 1.0810586507737163, "PERF_4": 7.168810653945452, "PERF_5": 4.866942084442862, "PERF_6": 7.937490299630566, "kl_stopExplr": 3.626969536926989, "r_stopExplr": 3.5284476739492394}, "datetime": {"datetime": "2022-06-09 16:32:39", "elapsed": 761.846441, "delta": 5.5766}}
{"target": 0.9733333333333334, "params": {"AVAIL_1": 2.9558937306032047, "AVAIL_2": 0.0, "AVAIL_3": 0.0, "AVAIL_4": 4.445984604038799, "AVAIL_5": 5.111178548227532, "AVAIL_6": 0.0, "CONC_1": 0.0, "CONC_2": 10.0, "CONC_3": 6.897217345776062, "CONC_4": 3.5791134212024365, "CONC_5": 7.360607138134918, "CONC_6": 10.0, "FREQ_1": 8.832567357374632, "FREQ_2": 10.0, "FREQ_3": 5.993577704560252, "FREQ_4": 1.5286124567256372, "FREQ_5": 8.03275869426549, "FREQ_6": 10.0, "LETTER_POS_1": 2.0858140065656774, "LETTER_POS_2": 1.8598227188317413, "LETTER_POS_3": 5.310779662408749, "LETTER_POS_4": 6.990080987806749, "LETTER_POS_5": 10.0, "LETTER_POS_6": 9.325793382940823, "OCCUR_1": 10.0, "OCCUR_2": 3.8294604987943237, "OCCUR_3": 5.746883471733301, "OCCUR_4": 9.081492770229405, "OCCUR_5": 5.751457378616851, "OCCUR_6": 1.7568448454843113, "PERF_1": 10.0, "PERF_2": 1.6170585768937078, "PERF_3": 2.5003076841238165, "PERF_4": 8.022826100063371, "PERF_5": 0.0, "PERF_6": 2.0369522596361733, "kl_stopExplr": 3.0, "r_stopExplr": 3.0}, "datetime": {"datetime": "2022-06-09 16:32:46", "elapsed": 768.316725, "delta": 6.470284}}
{"target": 0.963032817804602, "params": {"AVAIL_1": 4.1286427523372025, "AVAIL_2": 0.0, "AVAIL_3": 0.0, "AVAIL_4": 4.8875441121241705, "AVAIL_5": 7.979031470444764, "AVAIL_6": 0.0, "CONC_1": 0.0, "CONC_2": 8.601864681819391, "CONC_3": 10.0, "CONC_4": 7.582316795047756, "CONC_5": 0.0, "CONC_6": 10.0, "FREQ_1": 4.811674398806859, "FREQ_2": 10.0, "FREQ_3": 5.89325087898914, "FREQ_4": 8.7189479818484, "FREQ_5": 10.0, "FREQ_6": 10.0, "LETTER_POS_1": 0.9396865429479673, "LETTER_POS_2": 6.068579093277975, "LETTER_POS_3": 1.0327184734599817, "LETTER_POS_4": 10.0, "LETTER_POS_5": 1.2269573917908616, "LETTER_POS_6": 8.771614506719791, "OCCUR_1": 6.599133896250195, "OCCUR_2": 1.850526607570376, "OCCUR_3": 6.705007588087532, "OCCUR_4": 0.49769333841722563, "OCCUR_5": 10.0, "OCCUR_6": 10.0, "PERF_1": 10.0, "PERF_2": 1.8378079921304817, "PERF_3": 5.300530690394585, "PERF_4": 3.928120227798135, "PERF_5": 5.806510160017837, "PERF_6": 7.4719083388759815, "kl_stopExplr": 3.0, "r_stopExplr": 3.0}, "datetime": {"datetime": "2022-06-09 16:32:53", "elapsed": 775.157514, "delta": 6.840789}}
{"target": 0.975051975051975, "params": {"AVAIL_1": 0.0, "AVAIL_2": 0.0, "AVAIL_3": 0.0, "AVAIL_4": 2.828267420492851, "AVAIL_5": 8.675076924566188, "AVAIL_6": 0.0, "CONC_1": 0.0, "CONC_2": 10.0, "CONC_3": 4.360871600729941, "CONC_4": 9.93454286432592, "CONC_5": 0.0, "CONC_6": 10.0, "FREQ_1": 10.0, "FREQ_2": 8.925040670678193, "FREQ_3": 6.7172391371298135, "FREQ_4": 0.2319743741011917, "FREQ_5": 8.230072563012484, "FREQ_6": 8.810163278381843, "LETTER_POS_1": 6.190332609027991, "LETTER_POS_2": 2.2905051251533117, "LETTER_POS_3": 1.5377494909749296, "LETTER_POS_4": 4.031843327694065, "LETTER_POS_5": 6.106609891191453, "LETTER_POS_6": 3.8607546345916695, "OCCUR_1": 10.0, "OCCUR_2": 0.0, "OCCUR_3": 3.18286718346333, "OCCUR_4": 7.893907207059964, "OCCUR_5": 8.96359662722095, "OCCUR_6": 10.0, "PERF_1": 10.0, "PERF_2": 10.0, "PERF_3": 4.430347699466899, "PERF_4": 9.475786009097591, "PERF_5": 10.0, "PERF_6": 7.141535521258768, "kl_stopExplr": 3.0, "r_stopExplr": 4.120253695831233}, "datetime": {"datetime": "2022-06-09 16:32:59", "elapsed": 781.909175, "delta": 6.751661}}
{"target": 0.952155001977066, "params": {"AVAIL_1": 3.947367733924254, "AVAIL_2": 0.0, "AVAIL_3": 6.220821772222689, "AVAIL_4": 1.2947476151119022, "AVAIL_5": 4.350775029716341, "AVAIL_6": 0.0, "CONC_1": 0.0, "CONC_2": 10.0, "CONC_3": 3.492675831611609, "CONC_4": 0.0025683444102712724, "CONC_5": 3.6909557660319536, "CONC_6": 10.0, "FREQ_1": 6.560454637623263, "FREQ_2": 10.0, "FREQ_3": 4.2259418757767415, "FREQ_4": 3.470552799214583, "FREQ_5": 10.0, "FREQ_6": 10.0, "LETTER_POS_1": 3.49502446802276, "LETTER_POS_2": 10.0, "LETTER_POS_3": 0.13389220710340655, "LETTER_POS_4": 4.1196035217073605, "LETTER_POS_5": 9.530655809520079, "LETTER_POS_6": 9.717535838939744, "OCCUR_1": 10.0, "OCCUR_2": 2.968431908438911, "OCCUR_3": 2.6360481836205922, "OCCUR_4": 7.042126316915595, "OCCUR_5": 6.337980134392011, "OCCUR_6": 6.140020843946445, "PERF_1": 10.0, "PERF_2": 2.8947867364595607, "PERF_3": 9.551039128598598, "PERF_4": 6.582454978947425, "PERF_5": 7.858105778815658, "PERF_6": 7.881746933453658, "kl_stopExplr": 3.0, "r_stopExplr": 5.0}, "datetime": {"datetime": "2022-06-09 16:33:07", "elapsed": 789.705761, "delta": 7.796586}}
{"target": 0.9682603455202893, "params": {"AVAIL_1": 1.093827637301188, "AVAIL_2": 0.0, "AVAIL_3": 0.0, "AVAIL_4": 5.333206904409714, "AVAIL_5": 0.9517337113101949, "AVAIL_6": 0.0, "CONC_1": 0.0, "CONC_2": 7.542387364647869, "CONC_3": 7.846122065421211, "CONC_4": 9.528983280528116, "CONC_5": 0.0, "CONC_6": 10.0, "FREQ_1": 10.0, "FREQ_2": 5.8047531339717695, "FREQ_3": 2.6425612854528255, "FREQ_4": 6.450820245356555, "FREQ_5": 7.97672891742127, "FREQ_6": 10.0, "LETTER_POS_1": 0.6054037695642611, "LETTER_POS_2": 1.1208979683211255, "LETTER_POS_3": 10.0, "LETTER_POS_4": 8.983087352435081, "LETTER_POS_5": 10.0, "LETTER_POS_6": 10.0, "OCCUR_1": 4.209486620344835, "OCCUR_2": 9.657830630418898, "OCCUR_3": 5.318651290239788, "OCCUR_4": 0.41029342226703797, "OCCUR_5": 5.583398494191224, "OCCUR_6": 8.80887562218758, "PERF_1": 4.041122975195492, "PERF_2": 9.575246517799595, "PERF_3": 4.928816012570301, "PERF_4": 7.790641067265227, "PERF_5": 8.91666652821314, "PERF_6": 0.0, "kl_stopExplr": 3.0, "r_stopExplr": 3.0}, "datetime": {"datetime": "2022-06-09 16:33:14", "elapsed": 796.112836, "delta": 6.407075}}
{"target": 0.9749177631578947, "params": {"AVAIL_1": 0.0, "AVAIL_2": 0.0, "AVAIL_3": 0.0, "AVAIL_4": 6.498051908321498, "AVAIL_5": 5.652322012127884, "AVAIL_6": 0.0, "CONC_1": 0.0, "CONC_2": 10.0, "CONC_3": 8.940061800070016, "CONC_4": 9.167201354943682, "CONC_5": 7.398326683401024, "CONC_6": 5.770723008710291, "FREQ_1": 10.0, "FREQ_2": 10.0, "FREQ_3": 10.0, "FREQ_4": 8.451787915835943, "FREQ_5": 4.577438696032114, "FREQ_6": 10.0, "LETTER_POS_1": 2.427221422875037, "LETTER_POS_2": 0.0, "LETTER_POS_3": 6.440124664023341, "LETTER_POS_4": 8.45794164679651, "LETTER_POS_5": 10.0, "LETTER_POS_6": 1.3647250614992956, "OCCUR_1": 1.278515400148183, "OCCUR_2": 0.06625033613443147, "OCCUR_3": 1.8345667110742707, "OCCUR_4": 3.7471716724519983, "OCCUR_5": 4.860744782731495, "OCCUR_6": 10.0, "PERF_1": 10.0, "PERF_2": 5.079524679580055, "PERF_3": 1.4552706055279472, "PERF_4": 7.665084663645207, "PERF_5": 3.5814020256316903, "PERF_6": 10.0, "kl_stopExplr": 3.0, "r_stopExplr": 3.0}, "datetime": {"datetime": "2022-06-09 16:33:21", "elapsed": 803.195504, "delta": 7.082668}}
{"target": 0.9660249150622876, "params": {"AVAIL_1": 0.0, "AVAIL_2": 0.0, "AVAIL_3": 0.0, "AVAIL_4": 7.378660889340716, "AVAIL_5": 7.125350659193792, "AVAIL_6": 0.0, "CONC_1": 0.0, "CONC_2": 10.0, "CONC_3": 8.757747764332105, "CONC_4": 7.3072741120992895, "CONC_5": 3.1134759933985774, "CONC_6": 10.0, "FREQ_1": 2.8147390333752997, "FREQ_2": 10.0, "FREQ_3": 10.0, "FREQ_4": 2.415406834899712, "FREQ_5": 3.678380304681672, "FREQ_6": 10.0, "LETTER_POS_1": 7.451046406811896, "LETTER_POS_2": 10.0, "LETTER_POS_3": 8.493971894464606, "LETTER_POS_4": 6.85924546201106, "LETTER_POS_5": 10.0, "LETTER_POS_6": 5.0737427425913975, "OCCUR_1": 10.0, "OCCUR_2": 4.293447221077561, "OCCUR_3": 10.0, "OCCUR_4": 5.473911380953181, "OCCUR_5": 7.71438611293944, "OCCUR_6": 10.0, "PERF_1": 10.0, "PERF_2": 4.4195607175097615, "PERF_3": 2.4029389186005683, "PERF_4": 7.3289894487155225, "PERF_5": 3.9413402585697903, "PERF_6": 6.244734266628791, "kl_stopExplr": 3.0, "r_stopExplr": 3.0}, "datetime": {"datetime": "2022-06-09 16:33:28", "elapsed": 810.930083, "delta": 7.734579}}
{"target": 0.926923076923077, "params": {"AVAIL_1": 5.454463739766434, "AVAIL_2": 2.9683212308016405, "AVAIL_3": 4.737020890913604, "AVAIL_4": 9.073849162497204, "AVAIL_5": 3.8411362324952547, "AVAIL_6": 8.222181497545483, "CONC_1": 1.468510230933654, "CONC_2": 8.048972904625831, "CONC_3": 4.882110133582181, "CONC_4": 0.16541191950069756, "CONC_5": 2.7197063687304404, "CONC_6": 8.51457118857624, "FREQ_1": 3.7413863328955763, "FREQ_2": 4.975708573822271, "FREQ_3": 1.8289142613608156, "FREQ_4": 4.743244732175019, "FREQ_5": 8.54109238955387, "FREQ_6": 0.7055471844610772, "LETTER_POS_1": 0.2865889828517476, "LETTER_POS_2": 5.772916169314569, "LETTER_POS_3": 4.72816076109754, "LETTER_POS_4": 6.7966671864848385, "LETTER_POS_5": 9.251798472246033, "LETTER_POS_6": 6.73787668963747, "OCCUR_1": 9.062575351945242, "OCCUR_2": 6.3367823798202405, "OCCUR_3": 2.266982146064629, "OCCUR_4": 5.150836033621204, "OCCUR_5": 1.5928226848981764, "OCCUR_6": 6.578752665507267, "PERF_1": 5.858883118631464, "PERF_2": 6.580471832394814, "PERF_3": 5.450307382524927, "PERF_4": 0.8399638970737955, "PERF_5": 4.2650055656990995, "PERF_6": 1.8665417869647982, "kl_stopExplr": 3.9184870576734614, "r_stopExplr": 4.163026802678655}, "datetime": {"datetime": "2022-06-09 16:33:35", "elapsed": 817.690165, "delta": 6.760082}}
{"target": 0.9447875045405013, "params": {"AVAIL_1": 5.117264113303355, "AVAIL_2": 1.1162961704455432, "AVAIL_3": 1.2772756932591445, "AVAIL_4": 9.518954135025977, "AVAIL_5": 7.271188029475708, "AVAIL_6": 6.43293871398212, "CONC_1": 4.835179807283314, "CONC_2": 9.623327043028635, "CONC_3": 8.309241426714195, "CONC_4": 2.970266149360159, "CONC_5": 6.398349086355445, "CONC_6": 9.594815888169153, "FREQ_1": 2.886947679310813, "FREQ_2": 3.9572584406919753, "FREQ_3": 5.266857986464939, "FREQ_4": 3.2284398499386615, "FREQ_5": 2.7335372935958335, "FREQ_6": 6.227489374653917, "LETTER_POS_1": 0.4399989368881596, "LETTER_POS_2": 5.962773429002369, "LETTER_POS_3": 3.1493016223170334, "LETTER_POS_4": 1.2062551890811146, "LETTER_POS_5": 9.87842546615963, "LETTER_POS_6": 3.237195515056631, "OCCUR_1": 6.639360248917102, "OCCUR_2": 3.010793510242417, "OCCUR_3": 2.8284422190089287, "OCCUR_4": 7.503978132904166, "OCCUR_5": 3.0435339005881588, "OCCUR_6": 7.873900572405642, "PERF_1": 7.602843017031207, "PERF_2": 5.730262636912395, "PERF_3": 9.330663027271317, "PERF_4": 3.2465568946789958, "PERF_5": 7.78548996593739, "PERF_6": 9.376636120244603, "kl_stopExplr": 4.693133426169812, "r_stopExplr": 4.563316364565331}, "datetime": {"datetime": "2022-06-09 16:33:52", "elapsed": 833.991586, "delta": 16.301421}}
{"target": 0.8674214755295836, "params": {"AVAIL_1": 4.329016031015765, "AVAIL_2": 3.827688289799742, "AVAIL_3": 2.0730274979317755, "AVAIL_4": 4.371085265528373, "AVAIL_5": 7.318518211994842, "AVAIL_6": 7.96130149657346, "CONC_1": 1.3884657962192304, "CONC_2": 8.51235963879269, "CONC_3": 7.149702082326627, "CONC_4": 1.9248058303982651, "CONC_5": 4.9490537236016525, "CONC_6": 7.1529669362701025, "FREQ_1": 3.1147548174118067, "FREQ_2": 4.921097274473807, "FREQ_3": 6.369165543013141, "FREQ_4": 3.798353609359213, "FREQ_5": 7.115905844496403, "FREQ_6": 6.722825800811104, "LETTER_POS_1": 3.937075232389351, "LETTER_POS_2": 7.48857812346424, "LETTER_POS_3": 3.73248176031584, "LETTER_POS_4": 3.540587256137769, "LETTER_POS_5": 9.283278388209695, "LETTER_POS_6": 3.8988837793630102, "OCCUR_1": 8.938399665086731, "OCCUR_2": 9.61138497147578, "OCCUR_3": 0.046009441085645975, "OCCUR_4": 0.7685040744854599, "OCCUR_5": 4.0807279007394275, "OCCUR_6": 8.031316466248308, "PERF_1": 1.2875316974841944, "PERF_2": 4.601502065424916, "PERF_3": 4.92103212437809, "PERF_4": 6.851274577141213, "PERF_5": 3.4130841824502878, "PERF_6": 4.530255951248212, "kl_stopExplr": 4.6889278876974245, "r_stopExplr": 3.1973564070726117}, "datetime": {"datetime": "2022-06-09 16:34:07", "elapsed": 848.952429, "delta": 14.960843}}
{"target": 0.9653222766679231, "params": {"AVAIL_1": 4.8881783121675, "AVAIL_2": 0.0, "AVAIL_3": 0.0, "AVAIL_4": 9.932764128767062, "AVAIL_5": 7.009177454749501, "AVAIL_6": 0.0, "CONC_1": 0.0, "CONC_2": 10.0, "CONC_3": 5.793049039449494, "CONC_4": 7.128400234804151, "CONC_5": 8.96309239692386, "CONC_6": 10.0, "FREQ_1": 7.100001005836627, "FREQ_2": 7.79713027561673, "FREQ_3": 2.870166882518789, "FREQ_4": 3.5987350683967816, "FREQ_5": 4.7140782384431645, "FREQ_6": 4.001125670585324, "LETTER_POS_1": 1.370383692962478, "LETTER_POS_2": 10.0, "LETTER_POS_3": 4.582922366526815, "LETTER_POS_4": 1.838837134206334, "LETTER_POS_5": 10.0, "LETTER_POS_6": 10.0, "OCCUR_1": 7.368567855517824, "OCCUR_2": 5.547806235490992, "OCCUR_3": 9.015286717608538, "OCCUR_4": 10.0, "OCCUR_5": 5.039414742091414, "OCCUR_6": 10.0, "PERF_1": 10.0, "PERF_2": 9.625204607556421, "PERF_3": 10.0, "PERF_4": 0.0, "PERF_5": 8.44269362172359, "PERF_6": 0.643411610575329, "kl_stopExplr": 3.0, "r_stopExplr": 5.0}, "datetime": {"datetime": "2022-06-09 16:34:13", "elapsed": 855.885739, "delta": 6.93331}}
{"target": 0.930262045646661, "params": {"AVAIL_1": 1.9132513012681707, "AVAIL_2": 1.6627167117500408, "AVAIL_3": 0.6407614909172288, "AVAIL_4": 8.822250379663117, "AVAIL_5": 6.703879150995523, "AVAIL_6": 2.8080325554132255, "CONC_1": 7.925858346581621, "CONC_2": 8.77302524462065, "CONC_3": 8.907537173714239, "CONC_4": 7.119745338917988, "CONC_5": 9.17346574032753, "CONC_6": 8.902109027769491, "FREQ_1": 3.7549016781255737, "FREQ_2": 3.0771236419277126, "FREQ_3": 8.478113081272927, "FREQ_4": 1.155149123863033, "FREQ_5": 3.5264478788028852, "FREQ_6": 6.4999344846866824, "LETTER_POS_1": 3.4673547482180056, "LETTER_POS_2": 4.30638623717863, "LETTER_POS_3": 2.9752174658296138, "LETTER_POS_4": 1.552200490789104, "LETTER_POS_5": 9.379807674671762, "LETTER_POS_6": 3.1681815133152957, "OCCUR_1": 7.046770798662574, "OCCUR_2": 3.561571291445511, "OCCUR_3": 1.6192157153178843, "OCCUR_4": 4.060580382223198, "OCCUR_5": 4.7151505825261335, "OCCUR_6": 9.146950672802731, "PERF_1": 6.288785143176929, "PERF_2": 6.238631799801678, "PERF_3": 4.602315139543247, "PERF_4": 3.6259928090411506, "PERF_5": 4.451189524606255, "PERF_6": 6.584473440623963, "kl_stopExplr": 4.137563157026014, "r_stopExplr": 3.9096006251882676}, "datetime": {"datetime": "2022-06-09 16:34:26", "elapsed": 868.51779, "delta": 12.632051}}
{"target": 0.9585001820167456, "params": {"AVAIL_1": 7.950090857124159, "AVAIL_2": 0.0, "AVAIL_3": 0.0, "AVAIL_4": 5.0881070267357025, "AVAIL_5": 0.0, "AVAIL_6": 2.336676130782179, "CONC_1": 0.0, "CONC_2": 5.656884031274819, "CONC_3": 7.138513341466416, "CONC_4": 5.9737445535160045, "CONC_5": 0.0, "CONC_6": 10.0, "FREQ_1": 8.761791209131538, "FREQ_2": 4.219233596237664, "FREQ_3": 4.7545846157521705, "FREQ_4": 3.4543946469557767, "FREQ_5": 10.0, "FREQ_6": 10.0, "LETTER_POS_1": 1.252538011052658, "LETTER_POS_2": 10.0, "LETTER_POS_3": 9.934517446223628, "LETTER_POS_4": 2.968158505369913, "LETTER_POS_5": 1.4025577621326226, "LETTER_POS_6": 10.0, "OCCUR_1": 10.0, "OCCUR_2": 7.072918788177824, "OCCUR_3": 10.0, "OCCUR_4": 3.3347488472341915, "OCCUR_5": 3.7628548155170702, "OCCUR_6": 7.167723979617912, "PERF_1": 6.595172435030571, "PERF_2": 3.5764018656252454, "PERF_3": 9.12612361772255, "PERF_4": 0.0, "PERF_5": 1.385679939800514, "PERF_6": 0.0, "kl_stopExplr": 3.0, "r_stopExplr": 5.0}, "datetime": {"datetime": "2022-06-09 16:34:34", "elapsed": 876.74149, "delta": 8.2237}}
{"target": 0.9432409012131716, "params": {"AVAIL_1": 8.824270464659671, "AVAIL_2": 1.312888551856073, "AVAIL_3": 0.6694982902242841, "AVAIL_4": 4.745984616158809, "AVAIL_5": 3.7129249373170436, "AVAIL_6": 5.739015106746549, "CONC_1": 1.8832582757731309, "CONC_2": 7.673732552101351, "CONC_3": 9.06220557865414, "CONC_4": 6.107623409350152, "CONC_5": 8.68365684341949, "CONC_6": 0.9896474841342451, "FREQ_1": 9.915024736910743, "FREQ_2": 1.0892931440956621, "FREQ_3": 6.610538069701585, "FREQ_4": 4.539275536991598, "FREQ_5": 9.623232548141825, "FREQ_6": 3.6680486032230064, "LETTER_POS_1": 3.617063061579805, "LETTER_POS_2": 3.8730518322602228, "LETTER_POS_3": 1.8970514338063071, "LETTER_POS_4": 2.843242227219893, "LETTER_POS_5": 3.4644650739296026, "LETTER_POS_6": 4.756978151027588, "OCCUR_1": 9.359815385931032, "OCCUR_2": 7.085893720383593, "OCCUR_3": 5.621741873057674, "OCCUR_4": 6.982420848329811, "OCCUR_5": 2.694580460701146, "OCCUR_6": 7.011805515471369, "PERF_1": 5.949055939851928, "PERF_2": 4.847693979409339, "PERF_3": 3.4260664109118344, "PERF_4": 1.0145296772430157, "PERF_5": 1.153431784315807, "PERF_6": 1.219067238706567, "kl_stopExplr": 4.4085721173810075, "r_stopExplr": 4.524675573980737}, "datetime": {"datetime": "2022-06-09 16:34:48", "elapsed": 890.676928, "delta": 13.935438}}
{"target": 0.9597423510466989, "params": {"AVAIL_1": 1.913107082482051, "AVAIL_2": 0.0, "AVAIL_3": 5.915173243821014, "AVAIL_4": 6.83142644107192, "AVAIL_5": 4.3983735946103915, "AVAIL_6": 0.0, "CONC_1": 0.0, "CONC_2": 10.0, "CONC_3": 1.4975660616880992, "CONC_4": 8.01922393970292, "CONC_5": 10.0, "CONC_6": 6.68106265579405, "FREQ_1": 10.0, "FREQ_2": 10.0, "FREQ_3": 10.0, "FREQ_4": 4.133637511822515, "FREQ_5": 10.0, "FREQ_6": 10.0, "LETTER_POS_1": 5.848312064210249, "LETTER_POS_2": 1.9337342992211175, "LETTER_POS_3": 0.0, "LETTER_POS_4": 10.0, "LETTER_POS_5": 6.433120527421474, "LETTER_POS_6": 0.920716112891483, "OCCUR_1": 10.0, "OCCUR_2": 0.0, "OCCUR_3": 3.9478325772559693, "OCCUR_4": 8.635426126084486, "OCCUR_5": 8.81598610235747, "OCCUR_6": 8.365417940619578, "PERF_1": 10.0, "PERF_2": 0.29846765055777835, "PERF_3": 2.8463834294843724, "PERF_4": 3.608729976904873, "PERF_5": 0.0, "PERF_6": 7.891697048376046, "kl_stopExplr": 3.0, "r_stopExplr": 3.0}, "datetime": {"datetime": "2022-06-09 16:34:56", "elapsed": 898.769852, "delta": 8.092924}}
{"target": 0.9686684073107049, "params": {"AVAIL_1": 7.10952361774836, "AVAIL_2": 0.0, "AVAIL_3": 0.0, "AVAIL_4": 1.7710207473902573, "AVAIL_5": 9.575468946636365, "AVAIL_6": 0.0, "CONC_1": 3.3710401726488564, "CONC_2": 10.0, "CONC_3": 10.0, "CONC_4": 8.508134482262, "CONC_5": 0.0, "CONC_6": 10.0, "FREQ_1": 8.729242589043567, "FREQ_2": 5.545307911442579, "FREQ_3": 7.37663722039923, "FREQ_4": 6.680113013472174, "FREQ_5": 5.283414158213734, "FREQ_6": 10.0, "LETTER_POS_1": 0.0, "LETTER_POS_2": 6.079562366760795, "LETTER_POS_3": 3.6269226113540123, "LETTER_POS_4": 6.57927533044356, "LETTER_POS_5": 9.996320927611606, "LETTER_POS_6": 10.0, "OCCUR_1": 5.628480926761245, "OCCUR_2": 0.0, "OCCUR_3": 7.304367211001595, "OCCUR_4": 10.0, "OCCUR_5": 3.175766170405017, "OCCUR_6": 6.946709613168486, "PERF_1": 10.0, "PERF_2": 10.0, "PERF_3": 2.3301547289897377, "PERF_4": 5.990072392871144, "PERF_5": 2.616224113192273, "PERF_6": 9.95721836136815, "kl_stopExplr": 3.0, "r_stopExplr": 5.0}, "datetime": {"datetime": "2022-06-09 16:35:04", "elapsed": 906.363469, "delta": 7.593617}}
{"target": 0.9669252756227031, "params": {"AVAIL_1": 2.9970347793698515, "AVAIL_2": 0.12679069028718404, "AVAIL_3": 3.355513381722597, "AVAIL_4": 4.394545985354953, "AVAIL_5": 2.2860532333468617, "AVAIL_6": 2.1419977483586927, "CONC_1": 3.5479968587759703, "CONC_2": 2.555514827828471, "CONC_3": 5.053506508431488, "CONC_4": 2.3081319474471473, "CONC_5": 2.76114455874494, "CONC_6": 6.5199059329553135, "FREQ_1": 4.218273639004989, "FREQ_2": 2.594476606192506, "FREQ_3": 6.084022079362698, "FREQ_4": 7.066292806234963, "FREQ_5": 6.5005576296453516, "FREQ_6": 6.910546507775772, "LETTER_POS_1": 9.27643128339754, "LETTER_POS_2": 3.159430248462961, "LETTER_POS_3": 5.042792192024378, "LETTER_POS_4": 2.4521277750989023, "LETTER_POS_5": 7.362460364103186, "LETTER_POS_6": 6.763119190145597, "OCCUR_1": 8.407390843915387, "OCCUR_2": 6.747409415703514, "OCCUR_3": 2.8119611085670373, "OCCUR_4": 0.6510937028302932, "OCCUR_5": 7.267630667421912, "OCCUR_6": 2.3503400559084673, "PERF_1": 1.6086152431261014, "PERF_2": 5.705503928842692, "PERF_3": 6.318614279299334, "PERF_4": 9.026503612938722, "PERF_5": 4.024824565276078, "PERF_6": 4.602716226192358, "kl_stopExplr": 3.1057524163281167, "r_stopExplr": 3.666997208484341}, "datetime": {"datetime": "2022-06-09 16:35:09", "elapsed": 911.395962, "delta": 5.032493}}
