{"target": 0.9676767676767677, "params": {"AVAIL_1": 0.0, "AVAIL_2": 0.0, "AVAIL_3": 0.0, "AVAIL_4": 7.224667489823651, "AVAIL_5": 6.8591925807795135, "AVAIL_6": 6.873886439532837, "CONC_1": 0.0, "CONC_2": 10.0, "CONC_3": 8.75520781259853, "CONC_4": 10.0, "CONC_5": 4.218939915234825, "CONC_6": 7.251065339114748, "FREQ_1": 10.0, "FREQ_2": 9.83707106182622, "FREQ_3": 2.842785177265658, "FREQ_4": 10.0, "FREQ_5": 5.599802056211532, "FREQ_6": 4.185222341412912, "LETTER_POS_1": 10.0, "LETTER_POS_2": 0.32462979639639716, "LETTER_POS_3": 9.083862255456104, "LETTER_POS_4": 0.0, "LETTER_POS_5": 2.539564299165366, "LETTER_POS_6": 1.1574661861043256, "OCCUR_1": 10.0, "OCCUR_2": 7.075696887790335, "OCCUR_3": 3.794358658374564, "OCCUR_4": 1.02304351427705, "OCCUR_5": 9.979578055599843, "OCCUR_6": 10.0, "PERF_1": 10.0, "PERF_2": 10.0, "PERF_3": 10.0, "PERF_4": 3.261958036345945, "PERF_5": 10.0, "PERF_6": 2.147455639866651, "kl_stopExplr": 3.0, "r_stopExplr": 5.0}, "datetime": {"datetime": "2022-06-09 16:43:17", "elapsed": 1399.228082, "delta": 7.536442}}
{"target": 0.9704230625233995, "params": {"AVAIL_1": 0.0, "AVAIL_2": 0.0, "AVAIL_3": 0.0, "AVAIL_4": 0.0, "AVAIL_5": 3.6385654522699435, "AVAIL_6": 9.070718693702407, "CONC_1": 7.37191171326351, "CONC_2": 10.0, "CONC_3": 5.011564277635718, "CONC_4": 5.7434169055611255, "CONC_5": 0.0, "CONC_6": 10.0, "FREQ_1": 9.87998009189036, "FREQ_2": 0.0, "FREQ_3": 2.209895097696543, "FREQ_4": 10.0, "FREQ_5": 10.0, "FREQ_6": 1.9924254958434513, "LETTER_POS_1": 1.4820514347830602, "LETTER_POS_2": 0.0, "LETTER_POS_3": 0.0, "LETTER_POS_4": 9.1666076795339, "LETTER_POS_5": 6.851976372265849, "LETTER_POS_6": 10.0, "OCCUR_1": 10.0, "OCCUR_2": 10.0, "OCCUR_3": 7.902688378855606, "OCCUR_4": 2.091049392710789, "OCCUR_5": 6.858652315754029, "OCCUR_6": 10.0, "PERF_1": 10.0, "PERF_2": 10.0, "PERF_3": 6.981154293868145, "PERF_4": 10.0, "PERF_5": 6.775565139012521, "PERF_6": 0.0, "kl_stopExplr": 3.0, "r_stopExplr": 3.0}, "datetime": {"datetime": "2022-06-09 16:43:24", "elapsed": 1406.530104, "delta": 7.302022}}
{"target": 0.8315820198482194, "params": {"AVAIL_1": 3.457301609025627, "AVAIL_2": 6.9219387495101365, "AVAIL_3": 8.378654395004009, "AVAIL_4": 4.84726182568912, "AVAIL_5": 1.664998938711465, "AVAIL_6": 0.27180781512219365, "CONC_1": 6.111890781047951, "CONC_2": 6.153804666257323, "CONC_3": 4.06476270188962, "CONC_4": 7.680752542319488, "CONC_5": 2.22901811994035, "CONC_6": 7.709555014026618, "FREQ_1": 2.910419502957425, "FREQ_2": 5.737684530604488, "FREQ_3": 4.447978786436742, "FREQ_4": 6.773926011030515, "FREQ_5": 1.152912514506621, "FREQ_6": 8.304458324577407, "LETTER_POS_1": 6.428620225482847, "LETTER_POS_2": 8.670608674879208, "LETTER_POS_3": 9.855573153518815, "LETTER_POS_4": 3.21650121802582, "LETTER_POS_5": 9.334938430583362, "LETTER_POS_6": 1.8085201876406554, "OCCUR_1": 8.100345862817964, "OCCUR_2": 0.07672361480638767, "OCCUR_3": 8.241250351889253, "OCCUR_4": 3.107704174515167, "OCCUR_5": 1.0363051256017286, "OCCUR_6": 7.475062283092832, "PERF_1": 2.566737824666218, "PERF_2": 5.779348089198807, "PERF_3": 1.7535891867895992, "PERF_4": 4.206556125726974, "PERF_5": 7.345419325496946, "PERF_6": 1.1957349768626335, "kl_stopExplr": 4.610513469937989, "r_stopExplr": 3.464253004201632}, "datetime": {"datetime": "2022-06-09 16:43:46", "elapsed": 1428.300656, "delta": 21.770552}}
{"target": 0.964616003216727, "params": {"AVAIL_1": 0.0, "AVAIL_2": 0.0, "AVAIL_3": 5.908507044953977, "AVAIL_4": 2.038540988741355, "AVAIL_5": 0.08035118743255104, "AVAIL_6": 0.0, "CONC_1": 0.0, "CONC_2": 10.0, "CONC_3": 7.600165236220358, "CONC_4": 2.006319649506616, "CONC_5": 10.0, "CONC_6": 5.016070760609783, "FREQ_1": 10.0, "FREQ_2": 5.629541279667721, "FREQ_3": 8.593564510473774, "FREQ_4": 9.22392320578419, "FREQ_5": 3.362119696964117, "FREQ_6": 10.0, "LETTER_POS_1": 5.470660746703897, "LETTER_POS_2": 0.48889540632043815, "LETTER_POS_3": 1.3954800518347055, "LETTER_POS_4": 5.352995905361203, "LETTER_POS_5": 5.765339451425101, "LETTER_POS_6": 3.7777845100134835, "OCCUR_1": 10.0, "OCCUR_2": 10.0, "OCCUR_3": 0.0, "OCCUR_4": 6.882336596441433, "OCCUR_5": 0.20823335465520967, "OCCUR_6": 0.0, "PERF_1": 10.0, "PERF_2": 0.05283441501080348, "PERF_3": 2.9534091703801817, "PERF_4": 7.900100553044487, "PERF_5": 0.0, "PERF_6": 6.375124760970709, "kl_stopExplr": 3.0, "r_stopExplr": 3.984608554907756}, "datetime": {"datetime": "2022-06-09 16:43:53", "elapsed": 1435.792442, "delta": 7.491786}}
{"target": 0.9652139144342263, "params": {"AVAIL_1": 3.0732654344409083, "AVAIL_2": 5.473794812426322, "AVAIL_3": 0.1431852737070316, "AVAIL_4": 0.8929696926742703, "AVAIL_5": 7.505410562130747, "AVAIL_6": 6.865860613503537, "CONC_1": 3.8941767866622437, "CONC_2": 5.907672980465382, "CONC_3": 8.310912456371714, "CONC_4": 4.948857010565898, "CONC_5": 2.96692257682998, "CONC_6": 2.6006178685670553, "FREQ_1": 7.4598773900085895, "FREQ_2": 6.720206157068533, "FREQ_3": 3.869600798455277, "FREQ_4": 9.43317995990641, "FREQ_5": 9.316471026407555, "FREQ_6": 7.641416731011553, "LETTER_POS_1": 0.5899359442887053, "LETTER_POS_2": 1.2851310338385058, "LETTER_POS_3": 5.230704077412226, "LETTER_POS_4": 7.017179881502105, "LETTER_POS_5": 5.425036133656437, "LETTER_POS_6": 4.7808415749769795, "OCCUR_1": 5.63039863906611, "OCCUR_2": 6.278680838882741, "OCCUR_3": 5.604094940441446, "OCCUR_4": 5.565193050691638, "OCCUR_5": 7.029178048613932, "OCCUR_6": 9.262554119923768, "PERF_1": 6.326957386081721, "PERF_2": 0.12267638776913836, "PERF_3": 9.205169323740595, "PERF_4": 8.073000372694604, "PERF_5": 9.304741646358563, "PERF_6": 4.379515549403993, "kl_stopExplr": 3.4860772957968424, "r_stopExplr": 3.0691448042557647}, "datetime": {"datetime": "2022-06-09 16:43:59", "elapsed": 1441.31796, "delta": 5.525518}}
{"target": 0.9627681100768919, "params": {"AVAIL_1": 0.0, "AVAIL_2": 0.0, "AVAIL_3": 0.0, "AVAIL_4": 4.40256767644483, "AVAIL_5": 6.232337564623425, "AVAIL_6": 5.730815702227974, "CONC_1": 3.296710446971616, "CONC_2": 10.0, "CONC_3": 10.0, "CONC_4": 10.0, "CONC_5": 3.273714657924117, "CONC_6": 0.42837415597116596, "FREQ_1": 10.0, "FREQ_2": 9.291437566848778, "FREQ_3": 0.0, "FREQ_4": 10.0, "FREQ_5": 9.811411017283834, "FREQ_6": 6.513076972621511, "LETTER_POS_1": 0.0, "LETTER_POS_2": 0.0, "LETTER_POS_3": 0.0, "LETTER_POS_4": 0.0, "LETTER_POS_5": 10.0, "LETTER_POS_6": 10.0, "OCCUR_1": 0.0, "OCCUR_2": 6.623281048191494, "OCCUR_3": 2.662140544015296, "OCCUR_4": 9.466423936490202, "OCCUR_5": 2.0667419480222984, "OCCUR_6": 10.0, "PERF_1": 4.623082874379262, "PERF_2": 10.0, "PERF_3": 10.0, "PERF_4": 4.632927863724249, "PERF_5": 10.0, "PERF_6": 3.204753297083989, "kl_stopExplr": 3.0, "r_stopExplr": 3.0}, "datetime": {"datetime": "2022-06-09 16:44:06", "elapsed": 1448.937877, "delta": 7.619917}}
{"target": 0.971185064935065, "params": {"AVAIL_1": 0.0, "AVAIL_2": 0.0, "AVAIL_3": 0.0, "AVAIL_4": 3.0213205841106765, "AVAIL_5": 0.889105678914306, "AVAIL_6": 2.0208170189945056, "CONC_1": 0.0, "CONC_2": 1.3809729372906177, "CONC_3": 10.0, "CONC_4": 10.0, "CONC_5": 0.0, "CONC_6": 0.0, "FREQ_1": 10.0, "FREQ_2": 4.0375634237146825, "FREQ_3": 5.612213928878256, "FREQ_4": 10.0, "FREQ_5": 10.0, "FREQ_6": 10.0, "LETTER_POS_1": 0.0, "LETTER_POS_2": 0.0, "LETTER_POS_3": 0.32978533215335704, "LETTER_POS_4": 7.241854695490522, "LETTER_POS_5": 0.36141511860444936, "LETTER_POS_6": 2.5514629927607686, "OCCUR_1": 8.839306049576367, "OCCUR_2": 8.585473694575287, "OCCUR_3": 0.0, "OCCUR_4": 0.0, "OCCUR_5": 10.0, "OCCUR_6": 7.402378550126857, "PERF_1": 10.0, "PERF_2": 1.4913016386699691, "PERF_3": 7.227488825746919, "PERF_4": 9.855468659677973, "PERF_5": 6.948714242364955, "PERF_6": 3.168772511782345, "kl_stopExplr": 3.0, "r_stopExplr": 3.0}, "datetime": {"datetime": "2022-06-09 16:44:14", "elapsed": 1456.016381, "delta": 7.078504}}
{"target": 0.8227136431784108, "params": {"AVAIL_1": 2.5586067112241286, "AVAIL_2": 6.005731015975791, "AVAIL_3": 6.423770797883924, "AVAIL_4": 1.7071316640971868, "AVAIL_5": 7.480846843815437, "AVAIL_6": 0.9974801964512436, "CONC_1": 3.6121527909619155, "CONC_2": 3.4196033670581203, "CONC_3": 6.87865794262043, "CONC_4": 2.243718512731788, "CONC_5": 5.833557746304249, "CONC_6": 4.96077119069807, "FREQ_1": 3.4595131372288437, "FREQ_2": 7.714425747522327, "FREQ_3": 9.621143044582002, "FREQ_4": 1.2786831191609205, "FREQ_5": 0.07442190482882971, "FREQ_6": 0.8726690454670705, "LETTER_POS_1": 3.43362201482726, "LETTER_POS_2": 0.1800891700245344, "LETTER_POS_3": 6.4694058983822, "LETTER_POS_4": 4.633213347125161, "LETTER_POS_5": 7.341876975869699, "LETTER_POS_6": 0.5643066305593591, "OCCUR_1": 0.09733356821550965, "OCCUR_2": 4.699869437370262, "OCCUR_3": 7.458896881428981, "OCCUR_4": 3.5658778691248747, "OCCUR_5": 3.400948399588083, "OCCUR_6": 6.064541070501919, "PERF_1": 3.3860589070667304, "PERF_2": 1.5850958362573264, "PERF_3": 3.884076705762615, "PERF_4": 4.735984082819218, "PERF_5": 5.2551482954580315, "PERF_6": 2.262497071131068, "kl_stopExplr": 4.921760435325642, "r_stopExplr": 3.79247040687763}, "datetime": {"datetime": "2022-06-09 16:44:28", "elapsed": 1470.927255, "delta": 14.910874}}
{"target": 0.9575175471001108, "params": {"AVAIL_1": 0.0, "AVAIL_2": 0.0, "AVAIL_3": 0.0, "AVAIL_4": 3.411028371136199, "AVAIL_5": 3.6553670947776626, "AVAIL_6": 6.679664158186808, "CONC_1": 3.610036404927006, "CONC_2": 4.368647976478484, "CONC_3": 10.0, "CONC_4": 10.0, "CONC_5": 0.0, "CONC_6": 5.831155114462827, "FREQ_1": 10.0, "FREQ_2": 0.10474001217639806, "FREQ_3": 3.0223620614661564, "FREQ_4": 10.0, "FREQ_5": 10.0, "FREQ_6": 10.0, "LETTER_POS_1": 10.0, "LETTER_POS_2": 4.862454332807141, "LETTER_POS_3": 5.956017082261328, "LETTER_POS_4": 0.0, "LETTER_POS_5": 1.7574526197013915, "LETTER_POS_6": 10.0, "OCCUR_1": 8.722725208787864, "OCCUR_2": 10.0, "OCCUR_3": 10.0, "OCCUR_4": 0.0, "OCCUR_5": 2.6000616711928273, "OCCUR_6": 10.0, "PERF_1": 0.0, "PERF_2": 10.0, "PERF_3": 10.0, "PERF_4": 8.02876697050888, "PERF_5": 0.0, "PERF_6": 0.0, "kl_stopExplr": 3.0, "r_stopExplr": 3.0}, "datetime": {"datetime": "2022-06-09 16:44:36", "elapsed": 1478.125176, "delta": 7.197921}}
{"target": 0.9781696053736356, "params": {"AVAIL_1": 3.8761652756510783, "AVAIL_2": 0.0, "AVAIL_3": 0.0, "AVAIL_4": 0.0, "AVAIL_5": 10.0, "AVAIL_6": 10.0, "CONC_1": 1.7887934215270247, "CONC_2": 10.0, "CONC_3": 10.0, "CONC_4": 10.0, "CONC_5": 0.0, "CONC_6": 2.545991455561087, "FREQ_1": 10.0, "FREQ_2": 10.0, "FREQ_3": 4.725485817826131, "FREQ_4": 10.0, "FREQ_5": 10.0, "FREQ_6": 5.405678511467604, "LETTER_POS_1": 0.0, "LETTER_POS_2": 0.0, "LETTER_POS_3": 0.0, "LETTER_POS_4": 10.0, "LETTER_POS_5": 0.0, "LETTER_POS_6": 0.011175800905946363, "OCCUR_1": 10.0, "OCCUR_2": 0.0, "OCCUR_3": 0.0, "OCCUR_4": 6.130529821934351, "OCCUR_5": 9.312996020466377, "OCCUR_6": 10.0, "PERF_1": 10.0, "PERF_2": 5.685194594228491, "PERF_3": 2.0315396122153104, "PERF_4": 7.261135662056448, "PERF_5": 10.0, "PERF_6": 10.0, "kl_stopExplr": 3.0, "r_stopExplr": 3.0}, "datetime": {"datetime": "2022-06-09 16:44:43", "elapsed": 1485.348563, "delta": 7.223387}}
{"target": 0.9426415094339623, "params": {"AVAIL_1": 3.751130483373898, "AVAIL_2": 8.768458488450964, "AVAIL_3": 4.058036275187011, "AVAIL_4": 1.067110122674727, "AVAIL_5": 6.6047903360566815, "AVAIL_6": 0.1672770667055623, "CONC_1": 6.456644799531893, "CONC_2": 5.045494294002044, "CONC_3": 6.367372953075555, "CONC_4": 2.342613500698495, "CONC_5": 8.008765258515574, "CONC_6": 1.0821986136421768, "FREQ_1": 9.97857729596917, "FREQ_2": 7.215394241289346, "FREQ_3": 1.488388319885372, "FREQ_4": 6.142871523283394, "FREQ_5": 0.12136782611500307, "FREQ_6": 6.9531070533652475, "LETTER_POS_1": 4.379345987553663, "LETTER_POS_2": 3.2591415510439905, "LETTER_POS_3": 9.096604164528552, "LETTER_POS_4": 4.715146645866636, "LETTER_POS_5": 6.258216496053204, "LETTER_POS_6": 3.602937942392672, "OCCUR_1": 5.74614181155173, "OCCUR_2": 0.6409558343292721, "OCCUR_3": 9.148495894655142, "OCCUR_4": 3.5233745816351103, "OCCUR_5": 6.980190991699898, "OCCUR_6": 2.081497514104856, "PERF_1": 1.1039392413870164, "PERF_2": 2.916455508816742, "PERF_3": 3.639566516146223, "PERF_4": 4.6976889888592535, "PERF_5": 4.695999948017162, "PERF_6": 1.8212068988064034, "kl_stopExplr": 3.7519240276765733, "r_stopExplr": 4.64358237339106}, "datetime": {"datetime": "2022-06-09 16:44:49", "elapsed": 1491.119206, "delta": 5.770643}}
{"target": 0.9593946105574013, "params": {"AVAIL_1": 7.878689810378763, "AVAIL_2": 0.24613685679892305, "AVAIL_3": 5.646846817014584, "AVAIL_4": 1.696664961203912, "AVAIL_5": 8.387664953637314, "AVAIL_6": 2.168393628992148, "CONC_1": 9.889381108291268, "CONC_2": 3.4107235498142128, "CONC_3": 5.4715633096236065, "CONC_4": 5.431377883899303, "CONC_5": 2.6064478638394983, "CONC_6": 1.6680985514827296, "FREQ_1": 4.499145150880573, "FREQ_2": 3.104903956869749, "FREQ_3": 8.722082547950421, "FREQ_4": 2.3560743388223795, "FREQ_5": 0.4472899291281196, "FREQ_6": 3.589252761611781, "LETTER_POS_1": 3.961210888464144, "LETTER_POS_2": 6.525829492629375, "LETTER_POS_3": 5.1708622829604325, "LETTER_POS_4": 0.04891024225495255, "LETTER_POS_5": 1.320243116891917, "LETTER_POS_6": 4.400888757515363, "OCCUR_1": 3.935649073735613, "OCCUR_2": 1.9202330036385606, "OCCUR_3": 3.7672810947197624, "OCCUR_4": 8.903937945378116, "OCCUR_5": 9.252660056041947, "OCCUR_6": 2.300586651037795, "PERF_1": 0.16632319414423002, "PERF_2": 2.790068175011633, "PERF_3": 7.865997299248396, "PERF_4": 2.6936318167766227, "PERF_5": 0.20311276607976714, "PERF_6": 1.0156918147203708, "kl_stopExplr": 3.2969971428716907, "r_stopExplr": 4.282939510655266}, "datetime": {"datetime": "2022-06-09 16:44:55", "elapsed": 1497.240936, "delta": 6.12173}}
{"target": 0.8833063209076175, "params": {"AVAIL_1": 8.138511207757888, "AVAIL_2": 7.145606202911586, "AVAIL_3": 0.6905084811297368, "AVAIL_4": 0.1552815446667244, "AVAIL_5": 5.358223469414368, "AVAIL_6": 1.791063252284042, "CONC_1": 8.746645442515248, "CONC_2": 5.660585654521125, "CONC_3": 2.874221853630232, "CONC_4": 6.877820550568923, "CONC_5": 0.7187138911105451, "CONC_6": 0.5921302688488517, "FREQ_1": 8.158580275994305, "FREQ_2": 7.9890681098949035, "FREQ_3": 7.259767026770331, "FREQ_4": 7.22154860144815, "FREQ_5": 5.240435473944874, "FREQ_6": 5.014155246950734, "LETTER_POS_1": 9.760052680293898, "LETTER_POS_2": 4.865842143727718, "LETTER_POS_3": 4.19357688420019, "LETTER_POS_4": 2.0430095839205564, "LETTER_POS_5": 2.333473446598081, "LETTER_POS_6": 2.5785739188627064, "OCCUR_1": 2.8185395061295537, "OCCUR_2": 6.188863227213373, "OCCUR_3": 4.535261988923073, "OCCUR_4": 6.727322575501588, "OCCUR_5": 5.8585297133570275, "OCCUR_6": 5.108558588004556, "PERF_1": 3.5217747273120183, "PERF_2": 9.337523089067988, "PERF_3": 2.90461255397942, "PERF_4": 7.974842950130486, "PERF_5": 3.7280572836735173, "PERF_6": 1.1837704095914403, "kl_stopExplr": 4.736870640445282, "r_stopExplr": 3.510115028871587}, "datetime": {"datetime": "2022-06-09 16:45:10", "elapsed": 1511.951838, "delta": 14.710902}}
{"target": 0.9752066115702479, "params": {"AVAIL_1": 4.316840089805009, "AVAIL_2": 0.0, "AVAIL_3": 0.659921239903935, "AVAIL_4": 0.0, "AVAIL_5": 9.552465724598857, "AVAIL_6": 0.0, "CONC_1": 10.0, "CONC_2": 9.524888791538189, "CONC_3": 10.0, "CONC_4": 6.626772873662908, "CONC_5": 7.169871481106363, "CONC_6": 0.0, "FREQ_1": 10.0, "FREQ_2": 5.371214556645296, "FREQ_3": 6.458815066556103, "FREQ_4": 8.281078971370404, "FREQ_5": 0.0, "FREQ_6": 10.0, "LETTER_POS_1": 4.140978529127906, "LETTER_POS_2": 3.2979420056680295, "LETTER_POS_3": 5.914204972159466, "LETTER_POS_4": 0.0, "LETTER_POS_5": 3.3034763783224275, "LETTER_POS_6": 7.681530360860889, "OCCUR_1": 10.0, "OCCUR_2": 1.7563912218514222, "OCCUR_3": 6.332354825114227, "OCCUR_4": 5.551549212422997, "OCCUR_5": 9.219470083104538, "OCCUR_6": 0.0, "PERF_1": 2.7448266676050257, "PERF_2": 3.900243420785584, "PERF_3": 8.990818424204718, "PERF_4": 4.412874585817206, "PERF_5": 0.02371687842920772, "PERF_6": 1.7079048786825421, "kl_stopExplr": 3.0, "r_stopExplr": 4.380213928025504}, "datetime": {"datetime": "2022-06-09 16:45:15", "elapsed": 1517.845485, "delta": 5.893647}}
{"target": 0.972076082557669, "params": {"AVAIL_1": 0.0, "AVAIL_2": 0.0, "AVAIL_3": 0.0, "AVAIL_4": 0.0, "AVAIL_5": 8.939453478643035, "AVAIL_6": 0.0, "CONC_1": 5.257094135770759, "CONC_2": 10.0, "CONC_3": 10.0, "CONC_4": 5.451817521101044, "CONC_5": 7.0827546464884135, "CONC_6": 0.0, "FREQ_1": 10.0, "FREQ_2": 10.0, "FREQ_3": 0.3732660086362024, "FREQ_4": 10.0, "FREQ_5": 3.4111697086002817, "FREQ_6": 10.0, "LETTER_POS_1": 7.460048558782036, "LETTER_POS_2": 0.0, "LETTER_POS_3": 4.826322003956552, "LETTER_POS_4": 9.468477468003883, "LETTER_POS_5": 8.846212706575171, "LETTER_POS_6": 4.327591501065185, "OCCUR_1": 10.0, "OCCUR_2": 6.223628070903341, "OCCUR_3": 7.055629469054258, "OCCUR_4": 2.3173718672948884, "OCCUR_5": 9.471593194712787, "OCCUR_6": 3.723438844801198, "PERF_1": 5.111582147622626, "PERF_2": 4.148868511536719, "PERF_3": 1.4715353116414949, "PERF_4": 9.28173701312944, "PERF_5": 7.85892998106861, "PERF_6": 4.132169058688429, "kl_stopExplr": 3.0, "r_stopExplr": 3.0}, "datetime": {"datetime": "2022-06-09 16:45:22", "elapsed": 1524.76009, "delta": 6.914605}}
{"target": 0.9675347841598287, "params": {"AVAIL_1": 7.959051649762626, "AVAIL_2": 0.0, "AVAIL_3": 0.0, "AVAIL_4": 0.0, "AVAIL_5": 10.0, "AVAIL_6": 5.116821000760131, "CONC_1": 10.0, "CONC_2": 10.0, "CONC_3": 9.044658351514782, "CONC_4": 10.0, "CONC_5": 0.0, "CONC_6": 4.2078610753222705, "FREQ_1": 10.0, "FREQ_2": 0.0, "FREQ_3": 10.0, "FREQ_4": 1.0732660985386155, "FREQ_5": 2.4912202933770744, "FREQ_6": 3.9320403559839354, "LETTER_POS_1": 0.8205450354811086, "LETTER_POS_2": 10.0, "LETTER_POS_3": 1.0174703687984543, "LETTER_POS_4": 0.0, "LETTER_POS_5": 0.0, "LETTER_POS_6": 9.345058283831085, "OCCUR_1": 10.0, "OCCUR_2": 0.0, "OCCUR_3": 6.6059973339334235, "OCCUR_4": 10.0, "OCCUR_5": 9.37208236646788, "OCCUR_6": 7.845694313310775, "PERF_1": 3.6670790939047944, "PERF_2": 9.814944998386556, "PERF_3": 10.0, "PERF_4": 2.8072561452423135, "PERF_5": 0.02437141260782008, "PERF_6": 0.0, "kl_stopExplr": 3.0, "r_stopExplr": 3.0}, "datetime": {"datetime": "2022-06-09 16:45:30", "elapsed": 1532.643533, "delta": 7.883443}}
{"target": 0.9429569266589057, "params": {"AVAIL_1": 4.816582990305759, "AVAIL_2": 6.4234271742195315, "AVAIL_3": 1.6494822223614103, "AVAIL_4": 0.2471887998460931, "AVAIL_5": 6.371782752894127, "AVAIL_6": 2.1245828206276087, "CONC_1": 5.820449157518587, "CONC_2": 3.520599050824713, "CONC_3": 6.9030241643056645, "CONC_4": 0.6338867835782469, "CONC_5": 9.997299633453045, "CONC_6": 8.658553879137106, "FREQ_1": 5.863341416088694, "FREQ_2": 8.403695287931313, "FREQ_3": 3.775156874220208, "FREQ_4": 5.638740826731993, "FREQ_5": 3.0536308729502526, "FREQ_6": 0.9369973667094866, "LETTER_POS_1": 7.252023462042114, "LETTER_POS_2": 2.835967086645833, "LETTER_POS_3": 7.222473417304929, "LETTER_POS_4": 4.599694047517248, "LETTER_POS_5": 4.111839234331293, "LETTER_POS_6": 9.918074744220949, "OCCUR_1": 9.76851763854, "OCCUR_2": 7.754884499440199, "OCCUR_3": 6.102324371348876, "OCCUR_4": 0.2994937915241269, "OCCUR_5": 2.5994153099147166, "OCCUR_6": 8.479055461417882, "PERF_1": 1.3487352271711261, "PERF_2": 3.1987494248345385, "PERF_3": 0.6141987879526389, "PERF_4": 5.409779477237424, "PERF_5": 1.3114183787643585, "PERF_6": 6.572700026284318, "kl_stopExplr": 3.7839026573352026, "r_stopExplr": 3.3459748710038264}, "datetime": {"datetime": "2022-06-09 16:45:36", "elapsed": 1538.82817, "delta": 6.184637}}
{"target": 0.9706611570247934, "params": {"AVAIL_1": 5.7268747749575315, "AVAIL_2": 0.0, "AVAIL_3": 0.0, "AVAIL_4": 0.0, "AVAIL_5": 5.31552044141093, "AVAIL_6": 0.0, "CONC_1": 7.731954542084851, "CONC_2": 10.0, "CONC_3": 10.0, "CONC_4": 1.2243104905956004, "CONC_5": 10.0, "CONC_6": 5.302061722373129, "FREQ_1": 10.0, "FREQ_2": 10.0, "FREQ_3": 6.727567887968011, "FREQ_4": 9.256736781446719, "FREQ_5": 3.4614678147535387, "FREQ_6": 1.725078530380887, "LETTER_POS_1": 8.275410964165033, "LETTER_POS_2": 6.683502764616053, "LETTER_POS_3": 9.954967000363837, "LETTER_POS_4": 1.5484502677254073, "LETTER_POS_5": 9.396343326322057, "LETTER_POS_6": 10.0, "OCCUR_1": 10.0, "OCCUR_2": 6.228744092986555, "OCCUR_3": 10.0, "OCCUR_4": 2.383081213038784, "OCCUR_5": 1.7434222814605316, "OCCUR_6": 6.539866937277889, "PERF_1": 3.819824419089195, "PERF_2": 4.5968450775471865, "PERF_3": 6.63475259318095, "PERF_4": 6.890456415281763, "PERF_5": 0.0, "PERF_6": 5.048772471904662, "kl_stopExplr": 3.0, "r_stopExplr": 4.258840316766215}, "datetime": {"datetime": "2022-06-09 16:45:44", "elapsed": 1546.067176, "delta": 7.239006}}
{"target": 0.9755186721991701, "params": {"AVAIL_1": 3.916762647529212, "AVAIL_2": 0.0, "AVAIL_3": 0.0, "AVAIL_4": 0.0, "AVAIL_5": 6.312435044764128, "AVAIL_6": 0.0, "CONC_1": 1.9069541421117826, "CONC_2": 10.0, "CONC_3": 10.0, "CONC_4": 8.005648668173848, "CONC_5": 10.0, "CONC_6": 0.0, "FREQ_1": 10.0, "FREQ_2": 10.0, "FREQ_3": 7.867318051839865, "FREQ_4": 10.0, "FREQ_5": 0.0, "FREQ_6": 4.333498802606864, "LETTER_POS_1": 4.714584363595804, "LETTER_POS_2": 3.938200226807777, "LETTER_POS_3": 0.9859698993967368, "LETTER_POS_4": 2.035474494105922, "LETTER_POS_5": 0.0, "LETTER_POS_6": 2.072264778336819, "OCCUR_1": 7.1012560913615905, "OCCUR_2": 1.8347944015513242, "OCCUR_3": 0.0, "OCCUR_4": 4.226455609697017, "OCCUR_5": 9.972441387166137, "OCCUR_6": 9.549414642956364, "PERF_1": 7.856379674386707, "PERF_2": 2.494784559477687, "PERF_3": 8.431536995279492, "PERF_4": 2.41882592126723, "PERF_5": 5.350156643323207, "PERF_6": 10.0, "kl_stopExplr": 3.0, "r_stopExplr": 3.0}, "datetime": {"datetime": "2022-06-09 16:45:52", "elapsed": 1554.15602, "delta": 8.088844}}
