{"target": 0.86216498433693, "params": {"AVAIL_1": 6.317595050630836, "AVAIL_2": 3.5526137429041293, "AVAIL_3": 2.251779854979048, "AVAIL_4": 5.343035940404106, "AVAIL_5": 9.535165944480573, "AVAIL_6": 2.013711079036552, "CONC_1": 5.316086172888115, "CONC_2": 7.910319258003179, "CONC_3": 4.14691701871793, "CONC_4": 1.7729574128400505, "CONC_5": 6.308768188778352, "CONC_6": 7.355316122903094, "FREQ_1": 2.5727370562591787, "FREQ_2": 3.391921807507333, "FREQ_3": 4.879669957103468, "FREQ_4": 0.5781923255631416, "FREQ_5": 5.491146039137599, "FREQ_6": 7.765804231637128, "LETTER_POS_1": 4.01489522500159, "LETTER_POS_2": 1.691005743511853, "LETTER_POS_3": 7.8569231761086105, "LETTER_POS_4": 6.414798843245585, "LETTER_POS_5": 1.9440455165803006, "LETTER_POS_6": 0.062125819827107964, "OCCUR_1": 9.299741134831486, "OCCUR_2": 4.4113329047452154, "OCCUR_3": 5.889698238491883, "OCCUR_4": 7.681529525949722, "OCCUR_5": 4.021498754986256, "OCCUR_6": 9.390141503792817, "PERF_1": 0.5414329182871924, "PERF_2": 6.666486873738479, "PERF_3": 9.596287866686504, "PERF_4": 7.906558609075921, "PERF_5": 2.69845324289348, "PERF_6": 7.3201289783896675, "kl_stopExplr": 4.580325679746995, "r_stopExplr": 4.600103503497538}, "datetime": {"datetime": "2022-06-09 16:19:58", "elapsed": 0.0, "delta": 0.0}}
{"target": 0.9210110584518167, "params": {"AVAIL_1": 5.8536587124693735, "AVAIL_2": 4.489942375061247, "AVAIL_3": 7.993049371193895, "AVAIL_4": 8.635995011772145, "AVAIL_5": 1.8595288364684903, "AVAIL_6": 7.8902467965753225, "CONC_1": 7.242141370229797, "CONC_2": 8.107261265922652, "CONC_3": 3.8225868775529683, "CONC_4": 2.1528870754763307, "CONC_5": 1.4699097947263517, "CONC_6": 1.0021475747873876, "FREQ_1": 5.809174558342224, "FREQ_2": 5.907023180179854, "FREQ_3": 4.190546992963142, "FREQ_4": 8.487650020525711, "FREQ_5": 4.976292224014185, "FREQ_6": 7.056898458655587, "LETTER_POS_1": 1.1741787138075477, "LETTER_POS_2": 6.32798197874194, "LETTER_POS_3": 0.7014295312985319, "LETTER_POS_4": 0.1485431478600363, "LETTER_POS_5": 8.84961385268969, "LETTER_POS_6": 6.8641156369429375, "OCCUR_1": 5.782001198921735, "OCCUR_2": 3.998355672615288, "OCCUR_3": 4.896030016779543, "OCCUR_4": 9.911716604148905, "OCCUR_5": 2.6593038468247654, "OCCUR_6": 2.153649808057818, "PERF_1": 3.3011780949140235, "PERF_2": 3.115800899425288, "PERF_3": 8.238083832116374, "PERF_4": 2.057587941121567, "PERF_5": 7.252844974564399, "PERF_6": 3.0843657450434794, "kl_stopExplr": 3.1980507630389408, "r_stopExplr": 4.510564752320134}, "datetime": {"datetime": "2022-06-09 16:20:03", "elapsed": 5.915505, "delta": 5.915505}}
{"target": 0.8751440645409143, "params": {"AVAIL_1": 1.5513423733896559, "AVAIL_2": 2.8551193037356604, "AVAIL_3": 6.171178850066038, "AVAIL_4": 3.4968631970198674, "AVAIL_5": 0.8052985214032926, "AVAIL_6": 2.91530394441738, "CONC_1": 4.079278897965556, "CONC_2": 1.9534963005344286, "CONC_3": 0.21672041236945438, "CONC_4": 0.4778488209459908, "CONC_5": 1.909131674978547, "CONC_6": 9.614423347982804, "FREQ_1": 2.5302803813262074, "FREQ_2": 9.061484852421296, "FREQ_3": 7.885615295543919, "FREQ_4": 2.567151217355966, "FREQ_5": 4.792545853530069, "FREQ_6": 6.819514537142712, "LETTER_POS_1": 9.410726617175197, "LETTER_POS_2": 3.6833355392684544, "LETTER_POS_3": 0.6311384696652556, "LETTER_POS_4": 3.653131097705875, "LETTER_POS_5": 5.72047251561437, "LETTER_POS_6": 0.02113965609106705, "OCCUR_1": 1.7415330377073512, "OCCUR_2": 9.726721785921242, "OCCUR_3": 3.3479310222955627, "OCCUR_4": 0.53227257386115, "OCCUR_5": 4.334747381742159, "OCCUR_6": 1.7723029583765804, "PERF_1": 3.334081580243351, "PERF_2": 7.0509453788957, "PERF_3": 6.944243118263076, "PERF_4": 7.974290538224977, "PERF_5": 2.927901266005012, "PERF_6": 1.125669965520979, "kl_stopExplr": 3.4925813290279306, "r_stopExplr": 3.1601882426902734}, "datetime": {"datetime": "2022-06-09 16:20:09", "elapsed": 11.525539, "delta": 5.610034}}
{"target": 0.8878424657534246, "params": {"AVAIL_1": 3.3772965530299173, "AVAIL_2": 0.8175368787693904, "AVAIL_3": 9.015266252146963, "AVAIL_4": 4.339117825946803, "AVAIL_5": 1.4656694375934032, "AVAIL_6": 7.767447255498901, "CONC_1": 4.3915062962206575, "CONC_2": 9.615613452754223, "CONC_3": 6.4665818086469145, "CONC_4": 0.1725581872781945, "CONC_5": 5.21643097669346, "CONC_6": 7.816784125969754, "FREQ_1": 5.804235891094461, "FREQ_2": 9.588049447925773, "FREQ_3": 8.396108850097885, "FREQ_4": 1.6911864731931914, "FREQ_5": 5.578463662868147, "FREQ_6": 7.137688231452976, "LETTER_POS_1": 0.1697276387621549, "LETTER_POS_2": 6.852738495480115, "LETTER_POS_3": 1.5995072185694281, "LETTER_POS_4": 3.460818475850317, "LETTER_POS_5": 9.282974592706992, "LETTER_POS_6": 1.2399943567144722, "OCCUR_1": 9.05498792660808, "OCCUR_2": 6.4400470162900945, "OCCUR_3": 8.85660148790468, "OCCUR_4": 6.298198585887306, "OCCUR_5": 1.8429914136125491, "OCCUR_6": 6.423660614642799, "PERF_1": 3.663420384347514, "PERF_2": 9.041613495897042, "PERF_3": 6.284294003934124, "PERF_4": 0.5160045612639685, "PERF_5": 2.6754495490133854, "PERF_6": 1.1870311294878721, "kl_stopExplr": 4.375083556382169, "r_stopExplr": 3.7470715839177924}, "datetime": {"datetime": "2022-06-09 16:20:23", "elapsed": 25.464324, "delta": 13.938785}}
{"target": 0.7434187434187434, "params": {"AVAIL_1": 0.7466696944676365, "AVAIL_2": 5.287310554988558, "AVAIL_3": 9.89902460879879, "AVAIL_4": 7.727420382228948, "AVAIL_5": 9.707290894795689, "AVAIL_6": 3.1096283992746376, "CONC_1": 1.2505554041672051, "CONC_2": 0.7198760149562111, "CONC_3": 3.5556941389318295, "CONC_4": 2.730207226364606, "CONC_5": 8.530257146195497, "CONC_6": 7.636082830668251, "FREQ_1": 8.343073822894358, "FREQ_2": 1.6841487531570731, "FREQ_3": 5.247291881728472, "FREQ_4": 0.7844733928402869, "FREQ_5": 1.7961103698259462, "FREQ_6": 1.1161437717828104, "LETTER_POS_1": 5.802021865541449, "LETTER_POS_2": 2.069362307547824, "LETTER_POS_3": 6.950741251288911, "LETTER_POS_4": 1.0419335747517944, "LETTER_POS_5": 5.4195205238405855, "LETTER_POS_6": 7.022923484009439, "OCCUR_1": 9.44901561133652, "OCCUR_2": 2.327068486253827, "OCCUR_3": 6.056863253990841, "OCCUR_4": 4.817809370284164, "OCCUR_5": 2.5003842620151904, "OCCUR_6": 8.24829781784013, "PERF_1": 0.6180559247209916, "PERF_2": 2.8997141326829845, "PERF_3": 2.510899998935614, "PERF_4": 2.511245441310158, "PERF_5": 4.898693982750862, "PERF_6": 9.241168958099474, "kl_stopExplr": 4.960788297330085, "r_stopExplr": 3.99413435082984}, "datetime": {"datetime": "2022-06-09 16:20:41", "elapsed": 43.065095, "delta": 17.600771}}
{"target": 0.8341880341880342, "params": {"AVAIL_1": 8.192023513819697, "AVAIL_2": 5.916356470599542, "AVAIL_3": 4.067386104117864, "AVAIL_4": 1.136143192334752, "AVAIL_5": 5.844506167891944, "AVAIL_6": 6.548512939668845, "CONC_1": 3.962564258799083, "CONC_2": 2.8420448981638993, "CONC_3": 4.273911346868841, "CONC_4": 1.6916905506650637, "CONC_5": 5.946400261359898, "CONC_6": 5.025336681201395, "FREQ_1": 3.512906842081822, "FREQ_2": 1.0198187084389676, "FREQ_3": 6.95901956314168, "FREQ_4": 3.9165098630613224, "FREQ_5": 8.46540117378822, "FREQ_6": 9.174902033886768, "LETTER_POS_1": 8.15232848235745, "LETTER_POS_2": 2.4687529242478004, "LETTER_POS_3": 0.7025549215704752, "LETTER_POS_4": 1.9372649081013604, "LETTER_POS_5": 4.928332350456634, "LETTER_POS_6": 1.4711377088442557, "OCCUR_1": 1.3422422707643078, "OCCUR_2": 8.55876318852788, "OCCUR_3": 4.903276663057863, "OCCUR_4": 8.096342489063877, "OCCUR_5": 2.438877289965183, "OCCUR_6": 8.413104095926743, "PERF_1": 1.7923044809022293, "PERF_2": 0.8199264197579148, "PERF_3": 8.281836434461827, "PERF_4": 9.109145587885285, "PERF_5": 7.597300459587642, "PERF_6": 0.9530687892205281, "kl_stopExplr": 4.385312624303323, "r_stopExplr": 3.6084925872740925}, "datetime": {"datetime": "2022-06-09 16:20:54", "elapsed": 56.563451, "delta": 13.498356}}
{"target": 0.9357729648991785, "params": {"AVAIL_1": 2.6134867481057142, "AVAIL_2": 5.467458007179636, "AVAIL_3": 2.3021540445746047, "AVAIL_4": 7.672446419699459, "AVAIL_5": 3.3660798480519647, "AVAIL_6": 3.7986460107371336, "CONC_1": 4.599130542149315, "CONC_2": 0.9738732947811701, "CONC_3": 9.572823096333904, "CONC_4": 1.334316914231034, "CONC_5": 7.940038367352452, "CONC_6": 2.8576004445908643, "FREQ_1": 6.154825121469997, "FREQ_2": 2.1682389871225127, "FREQ_3": 5.176985970482928, "FREQ_4": 4.700743123978702, "FREQ_5": 2.150025049483938, "FREQ_6": 8.845432292346253, "LETTER_POS_1": 1.0988523735112843, "LETTER_POS_2": 0.5169640791324659, "LETTER_POS_3": 9.165562565127384, "LETTER_POS_4": 6.929083025525128, "LETTER_POS_5": 7.981239369325376, "LETTER_POS_6": 6.685755904850502, "OCCUR_1": 2.9090010950136946, "OCCUR_2": 5.512764114207142, "OCCUR_3": 0.5943370598008835, "OCCUR_4": 6.817642167895226, "OCCUR_5": 1.4985059457984218, "OCCUR_6": 3.624172943061067, "PERF_1": 4.102560779284376, "PERF_2": 7.135713466570195, "PERF_3": 4.5923876645818895, "PERF_4": 3.3501970547016513, "PERF_5": 2.4333859769314925, "PERF_6": 3.1492267982046798, "kl_stopExplr": 3.472751796761765, "r_stopExplr": 3.155536455011995}, "datetime": {"datetime": "2022-06-09 16:20:59", "elapsed": 61.766696, "delta": 5.203245}}
{"target": 0.946260804208944, "params": {"AVAIL_1": 4.689969781639923, "AVAIL_2": 7.823263758445221, "AVAIL_3": 0.060761206273435286, "AVAIL_4": 2.2468341057685635, "AVAIL_5": 2.2574487417307223, "AVAIL_6": 8.801456845325824, "CONC_1": 3.21357837865626, "CONC_2": 3.3304444732715046, "CONC_3": 5.643781646550958, "CONC_4": 6.783637473266721, "CONC_5": 0.2165314009774233, "CONC_6": 9.748377375801585, "FREQ_1": 3.5062643556216386, "FREQ_2": 0.5215560644487438, "FREQ_3": 1.9991382524643198, "FREQ_4": 1.3589068117984149, "FREQ_5": 5.21412807668309, "FREQ_6": 1.6034093949129324, "LETTER_POS_1": 0.014632313923349516, "LETTER_POS_2": 2.4757248370068927, "LETTER_POS_3": 2.6657818243021723, "LETTER_POS_4": 9.120893655709759, "LETTER_POS_5": 7.795616984491724, "LETTER_POS_6": 2.002144438093232, "OCCUR_1": 8.620278285301328, "OCCUR_2": 7.364330699389768, "OCCUR_3": 7.39282328951893, "OCCUR_4": 4.918325043486673, "OCCUR_5": 9.522719723410288, "OCCUR_6": 8.78892125237111, "PERF_1": 9.30940411796861, "PERF_2": 8.228766047184772, "PERF_3": 8.120148161928585, "PERF_4": 5.001305495912627, "PERF_5": 4.757560658123937, "PERF_6": 0.8342686147364142, "kl_stopExplr": 3.6071878294110578, "r_stopExplr": 4.82066993297674}, "datetime": {"datetime": "2022-06-09 16:21:04", "elapsed": 66.883822, "delta": 5.117126}}
{"target": 0.9162912912912913, "params": {"AVAIL_1": 9.378430204393425, "AVAIL_2": 8.563064576509893, "AVAIL_3": 7.432289560865023, "AVAIL_4": 7.073823719846662, "AVAIL_5": 7.800200397009514, "AVAIL_6": 8.566771860664806, "CONC_1": 6.078459796525502, "CONC_2": 3.893573381988864, "CONC_3": 0.8277045023415996, "CONC_4": 1.2529543725481818, "CONC_5": 3.3265023692048965, "CONC_6": 5.135004243167045, "FREQ_1": 9.81184778360241, "FREQ_2": 9.431799245178981, "FREQ_3": 8.627101831998285, "FREQ_4": 2.049360273961518, "FREQ_5": 4.2449144248174875, "FREQ_6": 4.538963743336367, "LETTER_POS_1": 8.70545224282486, "LETTER_POS_2": 9.069765597016769, "LETTER_POS_3": 9.16480013003712, "LETTER_POS_4": 2.26924256324873, "LETTER_POS_5": 1.363671624131485, "LETTER_POS_6": 9.45135836224439, "OCCUR_1": 5.952987635612013, "OCCUR_2": 4.696874405354185, "OCCUR_3": 9.00034198449681, "OCCUR_4": 0.9953101243051243, "OCCUR_5": 0.43307732740489047, "OCCUR_6": 0.5737925261331722, "PERF_1": 2.328293440243059, "PERF_2": 1.9618928343607833, "PERF_3": 7.056039332773646, "PERF_4": 0.11162049463457113, "PERF_5": 8.100433674207748, "PERF_6": 1.9686747233940927, "kl_stopExplr": 3.8778008628608434, "r_stopExplr": 3.4664520375301064}, "datetime": {"datetime": "2022-06-09 16:21:10", "elapsed": 72.774535, "delta": 5.890713}}
{"target": 0.8070374574347332, "params": {"AVAIL_1": 4.101110378932603, "AVAIL_2": 9.573187360208182, "AVAIL_3": 9.195641172017163, "AVAIL_4": 9.73892934199467, "AVAIL_5": 5.355073854750144, "AVAIL_6": 5.872015285088833, "CONC_1": 2.1327646697563365, "CONC_2": 9.933661558304575, "CONC_3": 7.647189618073311, "CONC_4": 0.6944517217871848, "CONC_5": 1.1362565302305594, "CONC_6": 1.7103043007954166, "FREQ_1": 6.15560845195947, "FREQ_2": 5.201863541495273, "FREQ_3": 5.91172409877787, "FREQ_4": 3.0269156601272096, "FREQ_5": 3.4359515138397176, "FREQ_6": 1.0310332673996847, "LETTER_POS_1": 2.258291120082329, "LETTER_POS_2": 3.509083743293684, "LETTER_POS_3": 0.6287804176849021, "LETTER_POS_4": 5.886251470888938, "LETTER_POS_5": 3.7736721595945344, "LETTER_POS_6": 9.387989754506286, "OCCUR_1": 2.6938416324377013, "OCCUR_2": 1.165497930751258, "OCCUR_3": 8.765620111801583, "OCCUR_4": 2.838691100700448, "OCCUR_5": 1.060069143951724, "OCCUR_6": 3.486696209882666, "PERF_1": 6.0749922704304895, "PERF_2": 1.1728083703909375, "PERF_3": 1.427436951875335, "PERF_4": 6.633521014481197, "PERF_5": 5.937208927533137, "PERF_6": 6.880665865945655, "kl_stopExplr": 4.071013609177929, "r_stopExplr": 3.4299988528096996}, "datetime": {"datetime": "2022-06-09 16:21:25", "elapsed": 87.634222, "delta": 14.859687}}
{"target": 0.821660926138538, "params": {"AVAIL_1": 4.602146274242981, "AVAIL_2": 4.100458553420713, "AVAIL_3": 2.7926551220051277, "AVAIL_4": 9.565454592349745, "AVAIL_5": 1.0750324027029468, "AVAIL_6": 9.058750953101063, "CONC_1": 4.360336934723653, "CONC_2": 7.549529489853062, "CONC_3": 2.1972891238799983, "CONC_4": 0.020454653287800273, "CONC_5": 3.0997503500755474, "CONC_6": 3.2155393179703307, "FREQ_1": 4.810910165411335, "FREQ_2": 2.5715619496447406, "FREQ_3": 4.31502036583921, "FREQ_4": 8.051574845859943, "FREQ_5": 2.208546932951978, "FREQ_6": 7.142283844143408, "LETTER_POS_1": 6.502928333983492, "LETTER_POS_2": 2.5310136304036623, "LETTER_POS_3": 3.994464775460105, "LETTER_POS_4": 2.931238462908431, "LETTER_POS_5": 8.168784897049342, "LETTER_POS_6": 2.8445357804951943, "OCCUR_1": 6.272667994999818, "OCCUR_2": 2.4893203249400777, "OCCUR_3": 6.359719464719104, "OCCUR_4": 9.90211403420618, "OCCUR_5": 4.799419798698238, "OCCUR_6": 4.151780865626662, "PERF_1": 1.0940303496503079, "PERF_2": 2.705938923666924, "PERF_3": 9.494226444184132, "PERF_4": 6.195871601395092, "PERF_5": 7.175158319143766, "PERF_6": 4.915562492403575, "kl_stopExplr": 4.579106807888471, "r_stopExplr": 3.441965482729283}, "datetime": {"datetime": "2022-06-09 16:21:41", "elapsed": 103.300535, "delta": 15.666313}}
{"target": 0.9268630849220104, "params": {"AVAIL_1": 8.876022978677023, "AVAIL_2": 0.48037835554318176, "AVAIL_3": 2.5403072343259803, "AVAIL_4": 2.7165725251645023, "AVAIL_5": 7.192037445995917, "AVAIL_6": 8.937119335151152, "CONC_1": 0.4719420949719333, "CONC_2": 2.9336562357606777, "CONC_3": 6.35576208161476, "CONC_4": 6.147682786329303, "CONC_5": 7.1679482874387475, "CONC_6": 7.0843964964388455, "FREQ_1": 9.303709722565424, "FREQ_2": 1.9505824341055988, "FREQ_3": 2.1695489632245857, "FREQ_4": 8.610013558693375, "FREQ_5": 6.391863732634148, "FREQ_6": 7.453920519179896, "LETTER_POS_1": 3.0374968775404874, "LETTER_POS_2": 4.238248385835667, "LETTER_POS_3": 7.4416990250580595, "LETTER_POS_4": 2.620939962210108, "LETTER_POS_5": 8.943589046780838, "LETTER_POS_6": 8.050385999760941, "OCCUR_1": 0.6841152477261381, "OCCUR_2": 6.707270910702635, "OCCUR_3": 0.49685351478170325, "OCCUR_4": 8.904728890533423, "OCCUR_5": 2.141631650844975, "OCCUR_6": 6.553980052781718, "PERF_1": 7.020314458637403, "PERF_2": 1.3457302793823889, "PERF_3": 6.801167491930596, "PERF_4": 0.19874487564138232, "PERF_5": 4.086445102722486, "PERF_6": 5.538999548724933, "kl_stopExplr": 4.208293733269247, "r_stopExplr": 4.654636020839307}, "datetime": {"datetime": "2022-06-09 16:22:01", "elapsed": 123.220711, "delta": 19.920176}}
{"target": 0.9550604229607251, "params": {"AVAIL_1": 3.264193961224028, "AVAIL_2": 1.6499387957334433, "AVAIL_3": 5.25096549070247, "AVAIL_4": 6.733305147289071, "AVAIL_5": 0.2884506445802604, "AVAIL_6": 1.7994086305723322, "CONC_1": 1.895974151175227, "CONC_2": 5.481495163238691, "CONC_3": 3.250900517770395, "CONC_4": 8.023285182785969, "CONC_5": 1.8895657431073265, "CONC_6": 7.855199961203706, "FREQ_1": 6.708232543868319, "FREQ_2": 0.8835488465136365, "FREQ_3": 2.2609742921290197, "FREQ_4": 8.031821730413721, "FREQ_5": 4.579720539139439, "FREQ_6": 9.691836124897964, "LETTER_POS_1": 9.337466910293896, "LETTER_POS_2": 2.799526427450949, "LETTER_POS_3": 4.744645690651006, "LETTER_POS_4": 2.0660012287237906, "LETTER_POS_5": 2.960078404899792, "LETTER_POS_6": 1.313748115874458, "OCCUR_1": 5.742094655224184, "OCCUR_2": 8.192390353027669, "OCCUR_3": 0.8672731018365176, "OCCUR_4": 1.4929666798049057, "OCCUR_5": 9.635621557333252, "OCCUR_6": 7.056620291283698, "PERF_1": 1.0309339825614328, "PERF_2": 6.663011469276689, "PERF_3": 9.527756837800146, "PERF_4": 1.0595944616960973, "PERF_5": 6.726141549520087, "PERF_6": 1.7543306408988435, "kl_stopExplr": 3.210730139258345, "r_stopExplr": 4.032507758561799}, "datetime": {"datetime": "2022-06-09 16:22:06", "elapsed": 128.87025, "delta": 5.649539}}
{"target": 0.9480326651818857, "params": {"AVAIL_1": 2.6959332491424313, "AVAIL_2": 3.779359003969253, "AVAIL_3": 0.33883690851870263, "AVAIL_4": 7.1126148724860805, "AVAIL_5": 9.434853718792443, "AVAIL_6": 5.9158232165676115, "CONC_1": 2.5708431529830635, "CONC_2": 4.511904779585897, "CONC_3": 4.340526756471853, "CONC_4": 8.8018037252732, "CONC_5": 2.512009590671822, "CONC_6": 7.5424315714346655, "FREQ_1": 7.243804938978611, "FREQ_2": 2.1023773989762216, "FREQ_3": 2.8761885937062006, "FREQ_4": 0.3537249063773351, "FREQ_5": 6.707691885563567, "FREQ_6": 8.783748066140527, "LETTER_POS_1": 9.549026568572357, "LETTER_POS_2": 3.4384659713465737, "LETTER_POS_3": 3.4693926127145627, "LETTER_POS_4": 0.31067904257032763, "LETTER_POS_5": 2.8998429657473404, "LETTER_POS_6": 5.508853573774191, "OCCUR_1": 9.122693422959214, "OCCUR_2": 0.22083169150890813, "OCCUR_3": 5.730381188495488, "OCCUR_4": 9.367382862901831, "OCCUR_5": 6.5153477744543995, "OCCUR_6": 0.1775241585721865, "PERF_1": 2.408796069151591, "PERF_2": 8.56478542370064, "PERF_3": 2.7617514612486813, "PERF_4": 5.937072178600866, "PERF_5": 2.4200240580589982, "PERF_6": 0.2404475327746769, "kl_stopExplr": 3.7077730516058054, "r_stopExplr": 3.686939700598094}, "datetime": {"datetime": "2022-06-09 16:22:12", "elapsed": 134.233184, "delta": 5.362934}}
{"target": 0.9483899426554918, "params": {"AVAIL_1": 1.200426343902149, "AVAIL_2": 0.040912817246436806, "AVAIL_3": 4.405200160650137, "AVAIL_4": 1.1656461919671668, "AVAIL_5": 6.377509826456803, "AVAIL_6": 5.0917454000124485, "CONC_1": 2.0440170168692005, "CONC_2": 8.625702024725978, "CONC_3": 7.492608190575828, "CONC_4": 9.074358570447718, "CONC_5": 4.282615446489526, "CONC_6": 7.7899770147102885, "FREQ_1": 7.574172641982804, "FREQ_2": 3.337578785893901, "FREQ_3": 6.268050625949843, "FREQ_4": 3.607825020912334, "FREQ_5": 7.207371372410659, "FREQ_6": 2.602384743892144, "LETTER_POS_1": 9.841293535749623, "LETTER_POS_2": 3.704453108932273, "LETTER_POS_3": 1.6780082475678182, "LETTER_POS_4": 2.829285943054858, "LETTER_POS_5": 5.113447251260959, "LETTER_POS_6": 1.8768635524795618, "OCCUR_1": 2.057786321765549, "OCCUR_2": 2.6532866849272163, "OCCUR_3": 4.847458752230079, "OCCUR_4": 6.3329365422776975, "OCCUR_5": 5.536992878268526, "OCCUR_6": 4.7613505386024855, "PERF_1": 6.654014820260844, "PERF_2": 6.272473006831596, "PERF_3": 7.324188067719822, "PERF_4": 2.853440076441869, "PERF_5": 5.993480123440218, "PERF_6": 7.348024523804081, "kl_stopExplr": 4.623316475208298, "r_stopExplr": 3.122412129716731}, "datetime": {"datetime": "2022-06-09 16:22:25", "elapsed": 147.823693, "delta": 13.590509}}
{"target": 0.8853575482406356, "params": {"AVAIL_1": 9.194511101796492, "AVAIL_2": 2.542837366608409, "AVAIL_3": 2.5854366326127733, "AVAIL_4": 0.9379406813569013, "AVAIL_5": 9.987493863672569, "AVAIL_6": 5.223839070897423, "CONC_1": 2.9937122934326688, "CONC_2": 4.451284256529075, "CONC_3": 4.7677868339480565, "CONC_4": 3.1847161944506808, "CONC_5": 4.099254929168832, "CONC_6": 5.128091273224488, "FREQ_1": 2.0573059880253797, "FREQ_2": 3.630260680217333, "FREQ_3": 6.975284484549719, "FREQ_4": 2.6235534412807637, "FREQ_5": 8.913294772544972, "FREQ_6": 7.621322411477013, "LETTER_POS_1": 7.810471419581245, "LETTER_POS_2": 5.75929020515733, "LETTER_POS_3": 3.6297839774493292, "LETTER_POS_4": 3.608137262569847, "LETTER_POS_5": 8.285135998802888, "LETTER_POS_6": 0.34689996578858406, "OCCUR_1": 2.654769674351888, "OCCUR_2": 5.067821946159069, "OCCUR_3": 7.111180392587007, "OCCUR_4": 1.6646843737189876, "OCCUR_5": 8.179787174634923, "OCCUR_6": 7.260365701875352, "PERF_1": 6.054375094485436, "PERF_2": 3.8704700755561507, "PERF_3": 8.78464417630447, "PERF_4": 6.495379267712858, "PERF_5": 0.49227795165359023, "PERF_6": 4.922337626485984, "kl_stopExplr": 4.1017911897061685, "r_stopExplr": 3.2780274764032242}, "datetime": {"datetime": "2022-06-09 16:22:40", "elapsed": 162.775948, "delta": 14.952255}}
