{"target": 0.9727863525588952, "params": {"AVAIL_1": 0.0, "AVAIL_2": 0.0, "AVAIL_3": 0.0, "AVAIL_4": 0.0, "AVAIL_5": 5.177210885915823, "AVAIL_6": 0.0, "CONC_1": 0.19274337040935777, "CONC_2": 10.0, "CONC_3": 10.0, "CONC_4": 10.0, "CONC_5": 0.0, "CONC_6": 6.2887308064910865, "FREQ_1": 10.0, "FREQ_2": 10.0, "FREQ_3": 8.496127254218253, "FREQ_4": 10.0, "FREQ_5": 7.038654382011154, "FREQ_6": 10.0, "LETTER_POS_1": 0.0, "LETTER_POS_2": 0.0, "LETTER_POS_3": 3.8099027480038297, "LETTER_POS_4": 8.587713863561845, "LETTER_POS_5": 1.5350178043436182, "LETTER_POS_6": 9.644883540998446, "OCCUR_1": 10.0, "OCCUR_2": 5.749805084373669, "OCCUR_3": 4.900723142895184, "OCCUR_4": 10.0, "OCCUR_5": 10.0, "OCCUR_6": 6.558293359913454, "PERF_1": 1.2454964248702347, "PERF_2": 0.0, "PERF_3": 2.1602030411689803, "PERF_4": 10.0, "PERF_5": 2.4167904825359665, "PERF_6": 10.0, "kl_stopExplr": 3.0, "r_stopExplr": 5.0}, "datetime": {"datetime": "2022-06-09 16:45:59", "elapsed": 1561.712651, "delta": 7.556631}}
{"target": 0.936734693877551, "params": {"AVAIL_1": 2.9790948565510162, "AVAIL_2": 0.0, "AVAIL_3": 0.0, "AVAIL_4": 0.0, "AVAIL_5": 2.733062751707563, "AVAIL_6": 0.0, "CONC_1": 8.507260949248435, "CONC_2": 0.0, "CONC_3": 10.0, "CONC_4": 1.8976542132795278, "CONC_5": 10.0, "CONC_6": 0.0, "FREQ_1": 10.0, "FREQ_2": 4.903812046913899, "FREQ_3": 3.631137422288464, "FREQ_4": 10.0, "FREQ_5": 0.0, "FREQ_6": 10.0, "LETTER_POS_1": 0.04251097339929094, "LETTER_POS_2": 0.0, "LETTER_POS_3": 5.841232286725218, "LETTER_POS_4": 1.9115051182567484, "LETTER_POS_5": 9.913182907638456, "LETTER_POS_6": 10.0, "OCCUR_1": 7.870679273104127, "OCCUR_2": 10.0, "OCCUR_3": 5.752996797184938, "OCCUR_4": 1.4564275570231613, "OCCUR_5": 3.892140041131629, "OCCUR_6": 1.9300798724871182, "PERF_1": 2.702282274818923, "PERF_2": 3.0694442258648253, "PERF_3": 2.1769513769729842, "PERF_4": 5.827155943214146, "PERF_5": 0.0, "PERF_6": 0.0, "kl_stopExplr": 3.0, "r_stopExplr": 3.0}, "datetime": {"datetime": "2022-06-09 16:46:06", "elapsed": 1568.928906, "delta": 7.216255}}
{"target": 0.9018290406868235, "params": {"AVAIL_1": 9.071983413751996, "AVAIL_2": 4.425802382133435, "AVAIL_3": 8.090077793991398, "AVAIL_4": 7.736950706674133, "AVAIL_5": 3.4227030054101015, "AVAIL_6": 2.7578819302375077, "CONC_1": 3.957049189461186, "CONC_2": 1.1082376231772662, "CONC_3": 7.798953568641897, "CONC_4": 4.792599361199619, "CONC_5": 8.744615843108653, "CONC_6": 5.964858921347618, "FREQ_1": 6.501258271508882, "FREQ_2": 7.143746300049754, "FREQ_3": 7.454814194512771, "FREQ_4": 6.8925449104171035, "FREQ_5": 3.0894884520544466, "FREQ_6": 7.027488378617397, "LETTER_POS_1": 0.8346960350533195, "LETTER_POS_2": 8.199976139969994, "LETTER_POS_3": 4.5971699608611605, "LETTER_POS_4": 5.717908935757254, "LETTER_POS_5": 7.715001138913494, "LETTER_POS_6": 5.194022779779617, "OCCUR_1": 7.258689448609169, "OCCUR_2": 0.26344942227433554, "OCCUR_3": 0.5611621424797442, "OCCUR_4": 4.817286574832112, "OCCUR_5": 5.589295711783565, "OCCUR_6": 7.492702184558021, "PERF_1": 5.73444733351919, "PERF_2": 2.045000316457579, "PERF_3": 8.418274678597177, "PERF_4": 8.924279336327213, "PERF_5": 0.9456597839046177, "PERF_6": 4.020813930915206, "kl_stopExplr": 3.4135061617315947, "r_stopExplr": 3.1261464151063825}, "datetime": {"datetime": "2022-06-09 16:46:13", "elapsed": 1575.383134, "delta": 6.454228}}
{"target": 0.9641148325358851, "params": {"AVAIL_1": 0.0, "AVAIL_2": 0.0, "AVAIL_3": 0.0, "AVAIL_4": 0.0, "AVAIL_5": 7.711962174011628, "AVAIL_6": 4.199101528739803, "CONC_1": 4.71860828765339, "CONC_2": 10.0, "CONC_3": 9.402522230098436, "CONC_4": 1.1910034123583821, "CONC_5": 5.664524920376977, "CONC_6": 10.0, "FREQ_1": 10.0, "FREQ_2": 10.0, "FREQ_3": 5.448205139566493, "FREQ_4": 9.868187971711823, "FREQ_5": 8.853427931204033, "FREQ_6": 3.805116869306785, "LETTER_POS_1": 4.906002772246421, "LETTER_POS_2": 0.0, "LETTER_POS_3": 6.809328877695053, "LETTER_POS_4": 10.0, "LETTER_POS_5": 3.4119608717636445, "LETTER_POS_6": 10.0, "OCCUR_1": 10.0, "OCCUR_2": 7.054634086236904, "OCCUR_3": 2.479789678399669, "OCCUR_4": 3.0896369669687953, "OCCUR_5": 6.282243373692865, "OCCUR_6": 5.258110636545237, "PERF_1": 10.0, "PERF_2": 4.895627558173692, "PERF_3": 5.53241358672608, "PERF_4": 5.901355231275272, "PERF_5": 7.459026499959771, "PERF_6": 10.0, "kl_stopExplr": 3.0, "r_stopExplr": 3.0}, "datetime": {"datetime": "2022-06-09 16:46:21", "elapsed": 1583.6483, "delta": 8.265166}}
{"target": 0.9131281651733542, "params": {"AVAIL_1": 4.025620733720009, "AVAIL_2": 9.662248407818998, "AVAIL_3": 5.923815723674784, "AVAIL_4": 3.5577443888773708, "AVAIL_5": 2.8877610544610297, "AVAIL_6": 6.7929966079383455, "CONC_1": 2.6157261944272534, "CONC_2": 3.6930587791087133, "CONC_3": 4.0570649405292585, "CONC_4": 0.7107541981468468, "CONC_5": 5.22490895670182, "CONC_6": 4.0614576536074125, "FREQ_1": 8.208254355901646, "FREQ_2": 6.297867345448905, "FREQ_3": 9.711900060029503, "FREQ_4": 2.1937492746941487, "FREQ_5": 8.182486153207574, "FREQ_6": 1.8018549775045, "LETTER_POS_1": 6.81821297418192, "LETTER_POS_2": 4.8060705954364105, "LETTER_POS_3": 6.691463640812042, "LETTER_POS_4": 6.955306510045504, "LETTER_POS_5": 1.655660475831372, "LETTER_POS_6": 3.7551545295010778, "OCCUR_1": 9.536183991475903, "OCCUR_2": 6.309047079138502, "OCCUR_3": 3.010490620805429, "OCCUR_4": 3.5694925955093737, "OCCUR_5": 5.589453341601435, "OCCUR_6": 3.746675134102304, "PERF_1": 1.493196764878757, "PERF_2": 7.99706388489255, "PERF_3": 1.5594408508349178, "PERF_4": 9.843686093324571, "PERF_5": 7.3392654040856184, "PERF_6": 3.974371771444215, "kl_stopExplr": 3.6476697629815593, "r_stopExplr": 4.876675127261122}, "datetime": {"datetime": "2022-06-09 16:46:28", "elapsed": 1590.028028, "delta": 6.379728}}
{"target": 0.9294896766653681, "params": {"AVAIL_1": 8.972986137415344, "AVAIL_2": 2.454058188387165, "AVAIL_3": 2.5487472364415487, "AVAIL_4": 0.4871118952198228, "AVAIL_5": 6.031445788828046, "AVAIL_6": 0.4065941597625411, "CONC_1": 1.8046080891535787, "CONC_2": 1.4794549821264036, "CONC_3": 2.1117922815475323, "CONC_4": 5.919426317351601, "CONC_5": 1.2005633516385583, "CONC_6": 9.909607927402176, "FREQ_1": 0.08986866108142366, "FREQ_2": 6.289446218586551, "FREQ_3": 4.74100326962139, "FREQ_4": 0.8654806217522026, "FREQ_5": 7.780724691542522, "FREQ_6": 1.7344718330917641, "LETTER_POS_1": 8.807245105970974, "LETTER_POS_2": 3.377054575476335, "LETTER_POS_3": 4.69175484544907, "LETTER_POS_4": 3.000733706807197, "LETTER_POS_5": 4.93306183199884, "LETTER_POS_6": 1.387724163658185, "OCCUR_1": 2.8551993757609715, "OCCUR_2": 1.616685647496604, "OCCUR_3": 7.823868653230352, "OCCUR_4": 6.53516160064168, "OCCUR_5": 5.034716424437907, "OCCUR_6": 9.641068485946914, "PERF_1": 8.929627424491347, "PERF_2": 2.87762647059135, "PERF_3": 2.3311799821589685, "PERF_4": 6.041896425520667, "PERF_5": 1.7067797626913384, "PERF_6": 5.81763532964014, "kl_stopExplr": 3.339773944259704, "r_stopExplr": 3.941811475757195}, "datetime": {"datetime": "2022-06-09 16:46:33", "elapsed": 1595.696774, "delta": 5.668746}}
{"target": 0.860655737704918, "params": {"AVAIL_1": 6.214672130411069, "AVAIL_2": 7.822331923742169, "AVAIL_3": 4.674387254247855, "AVAIL_4": 9.555543084079645, "AVAIL_5": 1.1213798723792079, "AVAIL_6": 8.539934633553695, "CONC_1": 9.650382682333005, "CONC_2": 3.0153433299605203, "CONC_3": 2.9959180216048797, "CONC_4": 7.8356959080038235, "CONC_5": 3.553176315017942, "CONC_6": 0.5994837698362754, "FREQ_1": 3.195358040550713, "FREQ_2": 4.91412792759535, "FREQ_3": 9.208789798913317, "FREQ_4": 8.603376367024184, "FREQ_5": 1.699038666635574, "FREQ_6": 2.1119744230188395, "LETTER_POS_1": 4.365950956514206, "LETTER_POS_2": 9.672614312506196, "LETTER_POS_3": 8.097438662420714, "LETTER_POS_4": 7.563898524541126, "LETTER_POS_5": 1.277487782660458, "LETTER_POS_6": 2.724715683196931, "OCCUR_1": 4.27176885531154, "OCCUR_2": 0.7355700592514802, "OCCUR_3": 4.340416630408065, "OCCUR_4": 2.860589465862197, "OCCUR_5": 5.232850586617897, "OCCUR_6": 2.7187840177195834, "PERF_1": 4.749389955348903, "PERF_2": 9.183440142952303, "PERF_3": 2.0911882600031073, "PERF_4": 8.243864744860375, "PERF_5": 6.872059668708936, "PERF_6": 7.446213541528924, "kl_stopExplr": 4.562081989333786, "r_stopExplr": 3.114903963504661}, "datetime": {"datetime": "2022-06-09 16:46:55", "elapsed": 1617.04286, "delta": 21.346086}}
{"target": 0.8824009799918334, "params": {"AVAIL_1": 5.656393784572309, "AVAIL_2": 0.16702301464816216, "AVAIL_3": 8.930334108630442, "AVAIL_4": 5.534023222599426, "AVAIL_5": 4.129210278912002, "AVAIL_6": 2.12432333753278, "CONC_1": 7.631549051972788, "CONC_2": 8.56404834636836, "CONC_3": 3.920183404002872, "CONC_4": 2.180852672978416, "CONC_5": 1.051935753230796, "CONC_6": 6.339940421602477, "FREQ_1": 0.10519436025458129, "FREQ_2": 7.526126982128931, "FREQ_3": 5.880731675384393, "FREQ_4": 2.824626705332319, "FREQ_5": 7.950759270469833, "FREQ_6": 7.987302400072977, "LETTER_POS_1": 9.443118653390318, "LETTER_POS_2": 0.8096999166134144, "LETTER_POS_3": 9.501410085912067, "LETTER_POS_4": 9.606149044727438, "LETTER_POS_5": 9.713577186232593, "LETTER_POS_6": 4.9403008832041, "OCCUR_1": 6.460404882709891, "OCCUR_2": 1.9433695140788154, "OCCUR_3": 9.951471325207338, "OCCUR_4": 0.9322009981224588, "OCCUR_5": 7.461836928870506, "OCCUR_6": 5.317055283712216, "PERF_1": 4.338445314918768, "PERF_2": 0.26354565124715457, "PERF_3": 5.284172703176642, "PERF_4": 8.43318946667477, "PERF_5": 7.166505574874869, "PERF_6": 3.5775657886805625, "kl_stopExplr": 4.372733574647081, "r_stopExplr": 4.7030358426538275}, "datetime": {"datetime": "2022-06-09 16:47:12", "elapsed": 1634.068276, "delta": 17.025416}}
{"target": 0.9281832298136646, "params": {"AVAIL_1": 9.686619454269202, "AVAIL_2": 4.9064149638291, "AVAIL_3": 5.736861429883474, "AVAIL_4": 7.065271373668491, "AVAIL_5": 0.16765534913539715, "AVAIL_6": 0.8032774739983539, "CONC_1": 5.029305385781219, "CONC_2": 9.748592726591554, "CONC_3": 2.972038142272615, "CONC_4": 5.7370370350644855, "CONC_5": 4.420084605362077, "CONC_6": 2.252549979059655, "FREQ_1": 3.3887901125548723, "FREQ_2": 5.379996052700697, "FREQ_3": 3.1695012838440872, "FREQ_4": 3.345191801577477, "FREQ_5": 7.559702893678184, "FREQ_6": 2.6514369363036305, "LETTER_POS_1": 1.5006902589761517, "LETTER_POS_2": 4.731095910407891, "LETTER_POS_3": 4.262290636800041, "LETTER_POS_4": 6.736177316025128, "LETTER_POS_5": 6.179617400764938, "LETTER_POS_6": 1.7500045332004022, "OCCUR_1": 0.4492897363944015, "OCCUR_2": 9.619322668588296, "OCCUR_3": 1.1766053218420458, "OCCUR_4": 7.650336653699945, "OCCUR_5": 6.26289445562183, "OCCUR_6": 4.700170408519318, "PERF_1": 4.552564744588105, "PERF_2": 4.004720158892827, "PERF_3": 5.41145876336706, "PERF_4": 4.232893534709153, "PERF_5": 0.5357443734455702, "PERF_6": 2.552908284219896, "kl_stopExplr": 3.0531240281730474, "r_stopExplr": 4.971849290639518}, "datetime": {"datetime": "2022-06-09 16:47:17", "elapsed": 1639.78765, "delta": 5.719374}}
{"target": 0.8166666666666667, "params": {"AVAIL_1": 5.8721284334925405, "AVAIL_2": 3.825085906793161, "AVAIL_3": 3.1523388560764354, "AVAIL_4": 9.558886015583393, "AVAIL_5": 8.504594229927408, "AVAIL_6": 3.182623073521611, "CONC_1": 9.331689841062671, "CONC_2": 1.3154150357229377, "CONC_3": 7.6175874303242015, "CONC_4": 9.684673786139047, "CONC_5": 1.858542312203254, "CONC_6": 6.541764305814852, "FREQ_1": 2.168080210143495, "FREQ_2": 6.105626706677393, "FREQ_3": 1.8894908062640647, "FREQ_4": 8.132345312594614, "FREQ_5": 4.8208617100194555, "FREQ_6": 0.42724535858368107, "LETTER_POS_1": 4.623055913593647, "LETTER_POS_2": 6.922496672405928, "LETTER_POS_3": 1.10577670868639, "LETTER_POS_4": 5.4840240970760945, "LETTER_POS_5": 3.9293038507648923, "LETTER_POS_6": 3.4620633298744985, "OCCUR_1": 0.451049927674515, "OCCUR_2": 3.539172148753167, "OCCUR_3": 6.285932567800386, "OCCUR_4": 9.518010625835725, "OCCUR_5": 3.16043703121026, "OCCUR_6": 7.840139168352215, "PERF_1": 9.797372959592103, "PERF_2": 6.653916685844643, "PERF_3": 2.6826839945226033, "PERF_4": 7.927448516242888, "PERF_5": 1.7389776060185447, "PERF_6": 3.100623112161526, "kl_stopExplr": 4.488379012244041, "r_stopExplr": 4.190128785910958}, "datetime": {"datetime": "2022-06-09 16:47:37", "elapsed": 1659.623646, "delta": 19.835996}}
{"target": 0.9075777485764345, "params": {"AVAIL_1": 1.5609505911005794, "AVAIL_2": 0.48533141528166346, "AVAIL_3": 9.78571931027491, "AVAIL_4": 7.7176253882374315, "AVAIL_5": 8.945243995725907, "AVAIL_6": 8.14100246314863, "CONC_1": 3.562517730584045, "CONC_2": 1.446073080477145, "CONC_3": 1.063500222733722, "CONC_4": 5.165175407900582, "CONC_5": 5.323511194725434, "CONC_6": 9.576149090618163, "FREQ_1": 1.9735249226143703, "FREQ_2": 4.685688635973144, "FREQ_3": 3.1641748286189477, "FREQ_4": 9.306225651520515, "FREQ_5": 8.154478305111589, "FREQ_6": 4.680454689417909, "LETTER_POS_1": 9.508615771072757, "LETTER_POS_2": 1.965680762331199, "LETTER_POS_3": 0.6092240844136443, "LETTER_POS_4": 7.159950517795206, "LETTER_POS_5": 7.571040471250616, "LETTER_POS_6": 2.110068209567025, "OCCUR_1": 6.178125648710947, "OCCUR_2": 7.199303442469076, "OCCUR_3": 8.274874665567642, "OCCUR_4": 4.605280735091735, "OCCUR_5": 6.617883569359769, "OCCUR_6": 3.691034452197192, "PERF_1": 2.043639599157933, "PERF_2": 6.522963855324061, "PERF_3": 7.0038431972451844, "PERF_4": 1.0939754771575816, "PERF_5": 6.684067695254285, "PERF_6": 9.41684251165578, "kl_stopExplr": 4.237203816009723, "r_stopExplr": 3.216868058375523}, "datetime": {"datetime": "2022-06-09 16:47:52", "elapsed": 1673.979612, "delta": 14.355966}}
{"target": 0.8643892339544513, "params": {"AVAIL_1": 1.633802241809984, "AVAIL_2": 7.9519933921490304, "AVAIL_3": 1.6338960593246465, "AVAIL_4": 1.3447399276554362, "AVAIL_5": 4.507945871632418, "AVAIL_6": 4.063837332438721, "CONC_1": 7.125799946710484, "CONC_2": 5.492118978443222, "CONC_3": 3.7236719507475047, "CONC_4": 5.365533191563195, "CONC_5": 0.8968453390197295, "CONC_6": 3.3667050091910045, "FREQ_1": 7.9421223499505, "FREQ_2": 8.431430247307981, "FREQ_3": 9.622711542914278, "FREQ_4": 4.4938378144669, "FREQ_5": 2.0631302650664063, "FREQ_6": 1.368675916718608, "LETTER_POS_1": 3.769081483720087, "LETTER_POS_2": 6.422981060540848, "LETTER_POS_3": 5.858383913344922, "LETTER_POS_4": 6.19830206564666, "LETTER_POS_5": 2.7183659816771177, "LETTER_POS_6": 6.0788287535744185, "OCCUR_1": 7.88590857140475, "OCCUR_2": 6.4102701208091215, "OCCUR_3": 5.7434736588107915, "OCCUR_4": 6.5667272208125524, "OCCUR_5": 9.391129914934831, "OCCUR_6": 4.483130523685266, "PERF_1": 7.060634723610809, "PERF_2": 9.268827375402445, "PERF_3": 2.9175815089400037, "PERF_4": 9.43332441795829, "PERF_5": 5.245392528450225, "PERF_6": 3.939541374433383, "kl_stopExplr": 4.9842015940831494, "r_stopExplr": 4.906395916595363}, "datetime": {"datetime": "2022-06-09 16:48:13", "elapsed": 1695.075145, "delta": 21.095533}}
{"target": 0.9419535628502802, "params": {"AVAIL_1": 9.451936628850463, "AVAIL_2": 1.2310994551087195, "AVAIL_3": 2.596581011174165, "AVAIL_4": 7.087189079718198, "AVAIL_5": 2.7670714447360654, "AVAIL_6": 3.20164397581429, "CONC_1": 0.8782251670284802, "CONC_2": 8.205917763544937, "CONC_3": 8.532654726200203, "CONC_4": 9.58736429472782, "CONC_5": 3.1394602931028146, "CONC_6": 3.2433739758882374, "FREQ_1": 4.1493251613322935, "FREQ_2": 9.739675847610897, "FREQ_3": 3.0081441047744537, "FREQ_4": 8.270634283359552, "FREQ_5": 1.7871491997285782, "FREQ_6": 2.6636108527696836, "LETTER_POS_1": 5.837919697513626, "LETTER_POS_2": 6.068534375218181, "LETTER_POS_3": 6.802085764779225, "LETTER_POS_4": 7.759641813408914, "LETTER_POS_5": 0.9032647853241671, "LETTER_POS_6": 1.6752074477835077, "OCCUR_1": 3.566293590001991, "OCCUR_2": 3.298564304331122, "OCCUR_3": 8.231274609705373, "OCCUR_4": 9.91265809766795, "OCCUR_5": 2.1704997889716404, "OCCUR_6": 0.29504211397243685, "PERF_1": 0.19722143494901423, "PERF_2": 7.572848380875749, "PERF_3": 8.640698859646998, "PERF_4": 3.390611026766186, "PERF_5": 6.228039854027391, "PERF_6": 3.4789479893004382, "kl_stopExplr": 4.606394604403771, "r_stopExplr": 3.216180801257459}, "datetime": {"datetime": "2022-06-09 16:48:27", "elapsed": 1709.565565, "delta": 14.49042}}
{"target": 0.9333333333333333, "params": {"AVAIL_1": 1.054361675597102, "AVAIL_2": 4.874616309076966, "AVAIL_3": 4.58904458710779, "AVAIL_4": 0.964827741982629, "AVAIL_5": 1.6414430908259647, "AVAIL_6": 3.0109753374272055, "CONC_1": 8.786534619226597, "CONC_2": 6.019124984664282, "CONC_3": 6.829800424939371, "CONC_4": 1.6743738149529763, "CONC_5": 8.513377491725532, "CONC_6": 1.5024789462904187, "FREQ_1": 8.247661934102586, "FREQ_2": 2.740322987484294, "FREQ_3": 2.590708957165827, "FREQ_4": 3.3360405367286914, "FREQ_5": 6.846445283214483, "FREQ_6": 8.024846130791683, "LETTER_POS_1": 3.637674710711666, "LETTER_POS_2": 0.8390119350410608, "LETTER_POS_3": 4.831622907202881, "LETTER_POS_4": 2.463711647525386, "LETTER_POS_5": 3.8946116624140203, "LETTER_POS_6": 4.744171828226574, "OCCUR_1": 6.762522200105796, "OCCUR_2": 4.686814334940349, "OCCUR_3": 2.76357235383328, "OCCUR_4": 2.3476028251662706, "OCCUR_5": 7.574502966252787, "OCCUR_6": 9.362973569099175, "PERF_1": 6.4450141044070275, "PERF_2": 2.6346234252356293, "PERF_3": 2.790868307023663, "PERF_4": 5.705136381688023, "PERF_5": 9.69055309669568, "PERF_6": 8.42623080913921, "kl_stopExplr": 3.666091002520182, "r_stopExplr": 3.759119254359659}, "datetime": {"datetime": "2022-06-09 16:48:33", "elapsed": 1715.00437, "delta": 5.438805}}
{"target": 0.9748971193415638, "params": {"AVAIL_1": 7.210779608299728, "AVAIL_2": 0.0, "AVAIL_3": 0.0, "AVAIL_4": 2.2897834397611265, "AVAIL_5": 0.0, "AVAIL_6": 0.0, "CONC_1": 0.0, "CONC_2": 10.0, "CONC_3": 8.964327549340567, "CONC_4": 10.0, "CONC_5": 6.465229752790236, "CONC_6": 1.4785937286216093, "FREQ_1": 10.0, "FREQ_2": 10.0, "FREQ_3": 5.329490713783074, "FREQ_4": 6.76195378270019, "FREQ_5": 10.0, "FREQ_6": 7.069220948367541, "LETTER_POS_1": 2.375585202015632, "LETTER_POS_2": 3.178730882754934, "LETTER_POS_3": 8.045354861676124, "LETTER_POS_4": 4.643059721220432, "LETTER_POS_5": 4.4159445396633545, "LETTER_POS_6": 1.4479077536384073, "OCCUR_1": 7.618644238991559, "OCCUR_2": 3.300801622990762, "OCCUR_3": 3.820837945534568, "OCCUR_4": 6.242395658898474, "OCCUR_5": 4.7576273451732956, "OCCUR_6": 5.147955117173399, "PERF_1": 5.640393780153593, "PERF_2": 2.886766192776569, "PERF_3": 6.863193911894212, "PERF_4": 7.813941959411885, "PERF_5": 4.335206973036909, "PERF_6": 9.163046203329461, "kl_stopExplr": 3.0, "r_stopExplr": 5.0}, "datetime": {"datetime": "2022-06-09 16:48:39", "elapsed": 1721.872933, "delta": 6.868563}}
{"target": 0.971252566735113, "params": {"AVAIL_1": 0.0, "AVAIL_2": 0.0, "AVAIL_3": 0.0, "AVAIL_4": 0.0, "AVAIL_5": 0.0, "AVAIL_6": 0.0, "CONC_1": 0.0, "CONC_2": 10.0, "CONC_3": 4.255823615916003, "CONC_4": 2.4399487752363234, "CONC_5": 8.086597173952008, "CONC_6": 4.611008862528777, "FREQ_1": 10.0, "FREQ_2": 5.453066959940188, "FREQ_3": 6.289406228825098, "FREQ_4": 7.04773004493236, "FREQ_5": 10.0, "FREQ_6": 2.760933110999209, "LETTER_POS_1": 10.0, "LETTER_POS_2": 0.0, "LETTER_POS_3": 4.049525547086973, "LETTER_POS_4": 5.290318984753267, "LETTER_POS_5": 4.156380714473402, "LETTER_POS_6": 6.12536260184987, "OCCUR_1": 10.0, "OCCUR_2": 9.064025022594294, "OCCUR_3": 5.765241446094869, "OCCUR_4": 0.0, "OCCUR_5": 7.333012128857574, "OCCUR_6": 7.7227416392466965, "PERF_1": 2.547056420243813, "PERF_2": 6.15308308264512, "PERF_3": 4.749335194730196, "PERF_4": 10.0, "PERF_5": 6.853101999315941, "PERF_6": 2.6128198851156967, "kl_stopExplr": 3.0, "r_stopExplr": 3.0}, "datetime": {"datetime": "2022-06-09 16:48:48", "elapsed": 1730.45242, "delta": 8.579487}}
{"target": 0.9393939393939394, "params": {"AVAIL_1": 1.7516273841396945, "AVAIL_2": 2.858795854581105, "AVAIL_3": 2.243440734286737, "AVAIL_4": 9.45705024413591, "AVAIL_5": 4.633296590283621, "AVAIL_6": 0.33338432880178237, "CONC_1": 6.332752084133999, "CONC_2": 3.909215126271506, "CONC_3": 7.830742570567767, "CONC_4": 0.3496458487155085, "CONC_5": 6.552433109966246, "CONC_6": 9.67171870328036, "FREQ_1": 1.5218256858377688, "FREQ_2": 6.131781025286402, "FREQ_3": 9.38672925871421, "FREQ_4": 2.571208301418144, "FREQ_5": 3.986826036445059, "FREQ_6": 0.3611239942488398, "LETTER_POS_1": 8.419267838539852, "LETTER_POS_2": 8.934258795865942, "LETTER_POS_3": 6.241354453084722, "LETTER_POS_4": 9.354706845657951, "LETTER_POS_5": 4.382855693309389, "LETTER_POS_6": 2.2130870288121365, "OCCUR_1": 6.2337478429726945, "OCCUR_2": 1.9945996227657603, "OCCUR_3": 6.648584608793558, "OCCUR_4": 6.723590774906602, "OCCUR_5": 1.2830793751073066, "OCCUR_6": 6.810608152161951, "PERF_1": 2.9476311964459856, "PERF_2": 5.798976883747853, "PERF_3": 2.8196267033524016, "PERF_4": 7.897190080610263, "PERF_5": 9.656206309370063, "PERF_6": 6.341221405850006, "kl_stopExplr": 3.720658402083411, "r_stopExplr": 4.851877991005299}, "datetime": {"datetime": "2022-06-09 16:48:56", "elapsed": 1738.063664, "delta": 7.611244}}
