{"target": 0.9263489562820008, "params": {"AVAIL_1": 6.0107112186719895, "AVAIL_2": 5.215452546733804, "AVAIL_3": 2.338002038646306, "AVAIL_4": 7.498988562453514, "AVAIL_5": 5.208545121857423, "AVAIL_6": 5.899519046290857, "CONC_1": 1.4662871442302716, "CONC_2": 0.6670592144146537, "CONC_3": 9.331211861487297, "CONC_4": 5.576665384683927, "CONC_5": 1.5476857328184934, "CONC_6": 4.631861951361121, "FREQ_1": 4.81917127295781, "FREQ_2": 8.602328711180425, "FREQ_3": 6.692736593999196, "FREQ_4": 9.596633403170463, "FREQ_5": 8.286387855530617, "FREQ_6": 4.150394559251223, "LETTER_POS_1": 5.88420275404646, "LETTER_POS_2": 9.206288106028321, "LETTER_POS_3": 2.1351232182810476, "LETTER_POS_4": 4.742226877253943, "LETTER_POS_5": 2.1116328400883533, "LETTER_POS_6": 3.269920798547643, "OCCUR_1": 0.6626391045042679, "OCCUR_2": 4.474154579429563, "OCCUR_3": 4.167656000930266, "OCCUR_4": 0.773412093182253, "OCCUR_5": 7.309182302670896, "OCCUR_6": 4.929805300541187, "PERF_1": 5.501779804173093, "PERF_2": 1.6668407917875272, "PERF_3": 3.8916829332181457, "PERF_4": 1.1505034219972898, "PERF_5": 2.7660657162355817, "PERF_6": 4.375042887198154, "kl_stopExplr": 3.992643907469188, "r_stopExplr": 4.091548651967566}, "datetime": {"datetime": "2022-06-09 16:22:46", "elapsed": 168.526215, "delta": 5.750267}}
{"target": 0.8420334356874787, "params": {"AVAIL_1": 2.5314579451332175, "AVAIL_2": 5.2454147264803535, "AVAIL_3": 5.775749687174838, "AVAIL_4": 6.238000579643192, "AVAIL_5": 2.41553825007888, "AVAIL_6": 9.707881943384674, "CONC_1": 8.025931859542178, "CONC_2": 2.4344550789774866, "CONC_3": 9.839144812940036, "CONC_4": 7.797545102695547, "CONC_5": 7.163697787281183, "CONC_6": 3.8131791043865038, "FREQ_1": 5.171276265439268, "FREQ_2": 0.7230938707725121, "FREQ_3": 7.284702995004723, "FREQ_4": 6.664683788325531, "FREQ_5": 9.438004557729599, "FREQ_6": 3.8799746331006366, "LETTER_POS_1": 4.706692581531175, "LETTER_POS_2": 6.696019061865671, "LETTER_POS_3": 5.2954142518351786, "LETTER_POS_4": 2.3932640379553893, "LETTER_POS_5": 0.03040879622872028, "LETTER_POS_6": 6.8507823856679275, "OCCUR_1": 0.4505188283116568, "OCCUR_2": 4.362299459134823, "OCCUR_3": 3.043534025805088, "OCCUR_4": 4.93330380292618, "OCCUR_5": 9.675175592210731, "OCCUR_6": 3.9714083451346838, "PERF_1": 4.408045278233055, "PERF_2": 8.077665405609356, "PERF_3": 0.2544245061069006, "PERF_4": 3.228969182120298, "PERF_5": 3.108623676819504, "PERF_6": 3.88492977106204, "kl_stopExplr": 4.43327336593563, "r_stopExplr": 3.670142847725276}, "datetime": {"datetime": "2022-06-09 16:23:03", "elapsed": 185.538049, "delta": 17.011834}}
{"target": 0.8274155995343423, "params": {"AVAIL_1": 6.019401722254142, "AVAIL_2": 1.9133861082216252, "AVAIL_3": 6.220660936517643, "AVAIL_4": 7.88910470371309, "AVAIL_5": 0.2914417806241998, "AVAIL_6": 6.5514699347338965, "CONC_1": 3.9610162916971445, "CONC_2": 0.9419684759338287, "CONC_3": 8.390837487028687, "CONC_4": 7.210951390984027, "CONC_5": 9.258167772658311, "CONC_6": 8.61412163132088, "FREQ_1": 1.0458185935261244, "FREQ_2": 0.5565354387819621, "FREQ_3": 6.423988535918999, "FREQ_4": 1.8278503540372903, "FREQ_5": 8.945110749418596, "FREQ_6": 5.120102134250278, "LETTER_POS_1": 3.28002994948819, "LETTER_POS_2": 5.49753674786832, "LETTER_POS_3": 6.490770226687342, "LETTER_POS_4": 3.376848765752886, "LETTER_POS_5": 6.4500838267851455, "LETTER_POS_6": 8.174417859442604, "OCCUR_1": 8.329146733886546, "OCCUR_2": 2.12576299013603, "OCCUR_3": 2.342186277333751, "OCCUR_4": 4.143628478990448, "OCCUR_5": 9.968453284083807, "OCCUR_6": 4.469025770587414, "PERF_1": 4.655406376982514, "PERF_2": 9.377433478010916, "PERF_3": 1.351460536440644, "PERF_4": 3.0233694130190902, "PERF_5": 5.195970185211936, "PERF_6": 9.223545032035087, "kl_stopExplr": 4.963690117702543, "r_stopExplr": 4.613795287480425}, "datetime": {"datetime": "2022-06-09 16:23:30", "elapsed": 212.293216, "delta": 26.755167}}
{"target": 0.9495928654517255, "params": {"AVAIL_1": 0.021281199715190713, "AVAIL_2": 0.5490127292693658, "AVAIL_3": 6.714545624306999, "AVAIL_4": 5.370495700281502, "AVAIL_5": 2.9562311067830027, "AVAIL_6": 5.077901689434662, "CONC_1": 0.1526395592996932, "CONC_2": 7.758380134910242, "CONC_3": 6.086407448363342, "CONC_4": 2.7754464723020145, "CONC_5": 2.7010145949578614, "CONC_6": 3.959883908815992, "FREQ_1": 7.577055290674437, "FREQ_2": 5.520236128404022, "FREQ_3": 3.8966942387714787, "FREQ_4": 2.993017110678892, "FREQ_5": 8.290826252604415, "FREQ_6": 9.296825734264855, "LETTER_POS_1": 9.618517974669114, "LETTER_POS_2": 2.9652587870262637, "LETTER_POS_3": 3.8645787886462966, "LETTER_POS_4": 3.873592166912214, "LETTER_POS_5": 9.977413119877523, "LETTER_POS_6": 8.844130448504586, "OCCUR_1": 0.609236746529298, "OCCUR_2": 4.851564872168299, "OCCUR_3": 1.8384282245274364, "OCCUR_4": 0.8922958496487943, "OCCUR_5": 5.635038634349319, "OCCUR_6": 3.1400315186630436, "PERF_1": 0.31325064501456, "PERF_2": 2.9737520199451337, "PERF_3": 5.532569041203811, "PERF_4": 3.2027777885608897, "PERF_5": 7.642140208165315, "PERF_6": 1.3935272290192424, "kl_stopExplr": 3.822166955648007, "r_stopExplr": 3.5339583059847564}, "datetime": {"datetime": "2022-06-09 16:23:35", "elapsed": 217.400031, "delta": 5.106815}}
{"target": 0.8458947368421053, "params": {"AVAIL_1": 3.903231094431001, "AVAIL_2": 3.0180550276224327, "AVAIL_3": 1.553894675660501, "AVAIL_4": 0.48502314465278196, "AVAIL_5": 5.510070727108046, "AVAIL_6": 2.979011998065949, "CONC_1": 6.860571463004009, "CONC_2": 0.33647034782239404, "CONC_3": 2.510181204810583, "CONC_4": 8.016801932262313, "CONC_5": 2.397048054453709, "CONC_6": 5.7638257563279005, "FREQ_1": 8.708014934522444, "FREQ_2": 9.515671806462615, "FREQ_3": 9.944803814038469, "FREQ_4": 8.146847409896417, "FREQ_5": 6.8683152283308635, "FREQ_6": 4.285069747504035, "LETTER_POS_1": 9.892763599358469, "LETTER_POS_2": 6.654536612615684, "LETTER_POS_3": 1.8241024219603263, "LETTER_POS_4": 6.190034347535988, "LETTER_POS_5": 1.41108462821117, "LETTER_POS_6": 1.6594629828221907, "OCCUR_1": 4.950010762829652, "OCCUR_2": 4.703814423971129, "OCCUR_3": 7.767322870657747, "OCCUR_4": 5.012953954270846, "OCCUR_5": 1.0224337565819397, "OCCUR_6": 0.1270746543357193, "PERF_1": 5.412604569498891, "PERF_2": 2.558009139795386, "PERF_3": 4.292219850618865, "PERF_4": 3.2187838758890788, "PERF_5": 6.057376654759196, "PERF_6": 0.2658383901418526, "kl_stopExplr": 4.197816989996667, "r_stopExplr": 3.8995659323132084}, "datetime": {"datetime": "2022-06-09 16:23:49", "elapsed": 231.71787, "delta": 14.317839}}
{"target": 0.943127962085308, "params": {"AVAIL_1": 4.858584051968772, "AVAIL_2": 4.794875550612106, "AVAIL_3": 7.875868237665163, "AVAIL_4": 3.086176114403841, "AVAIL_5": 3.9273815573336, "AVAIL_6": 3.584560298774706, "CONC_1": 2.975791162600058, "CONC_2": 8.935168510630993, "CONC_3": 6.13041998147836, "CONC_4": 3.871920507396255, "CONC_5": 9.016792278340057, "CONC_6": 5.554167828535102, "FREQ_1": 0.23904034149459075, "FREQ_2": 8.446716759649298, "FREQ_3": 1.4558412958715405, "FREQ_4": 6.705862720548438, "FREQ_5": 9.007835813337671, "FREQ_6": 9.368823934159842, "LETTER_POS_1": 3.467211004304943, "LETTER_POS_2": 2.1288903865936804, "LETTER_POS_3": 0.9385308664899106, "LETTER_POS_4": 9.128426495405876, "LETTER_POS_5": 9.497142468536609, "LETTER_POS_6": 8.00244880914004, "OCCUR_1": 5.4939777620839, "OCCUR_2": 9.519556831827643, "OCCUR_3": 4.524697539789412, "OCCUR_4": 8.088656396659333, "OCCUR_5": 2.487540689426999, "OCCUR_6": 1.8541189607342645, "PERF_1": 4.489295235887017, "PERF_2": 6.085734685586061, "PERF_3": 6.933560228995143, "PERF_4": 5.568108163699206, "PERF_5": 4.955280791414086, "PERF_6": 0.310279026081105, "kl_stopExplr": 3.8769500161993884, "r_stopExplr": 4.14125666635217}, "datetime": {"datetime": "2022-06-09 16:23:55", "elapsed": 237.232639, "delta": 5.514769}}
{"target": 0.9062015503875969, "params": {"AVAIL_1": 8.69893015873544, "AVAIL_2": 7.669263568145065, "AVAIL_3": 5.646149056847946, "AVAIL_4": 2.7095050199223083, "AVAIL_5": 7.826483363002143, "AVAIL_6": 1.6520835915942633, "CONC_1": 6.072763015129732, "CONC_2": 3.0632138596516203, "CONC_3": 3.2606528460057618, "CONC_4": 1.6330169576139875, "CONC_5": 3.7244929072647146, "CONC_6": 2.088962244917342, "FREQ_1": 7.4578797845856695, "FREQ_2": 2.4390643335037265, "FREQ_3": 8.03654974701839, "FREQ_4": 9.857861411947193, "FREQ_5": 2.6245176772917223, "FREQ_6": 7.467895255130513, "LETTER_POS_1": 2.642113364890987, "LETTER_POS_2": 3.6940018780269335, "LETTER_POS_3": 2.784149466588872, "LETTER_POS_4": 9.804392661346723, "LETTER_POS_5": 4.359347318235452, "LETTER_POS_6": 8.677028961579676, "OCCUR_1": 9.628131881484567, "OCCUR_2": 5.527163307866595, "OCCUR_3": 0.7282315264365569, "OCCUR_4": 0.8348175756667997, "OCCUR_5": 2.130791550242477, "OCCUR_6": 8.002104889872987, "PERF_1": 6.286891513082288, "PERF_2": 0.9632777514844604, "PERF_3": 3.621559487561088, "PERF_4": 8.105095845853151, "PERF_5": 5.787152049455127, "PERF_6": 2.9783996612125465, "kl_stopExplr": 3.312626665672039, "r_stopExplr": 4.326901529780936}, "datetime": {"datetime": "2022-06-09 16:24:01", "elapsed": 243.020627, "delta": 5.787988}}
{"target": 0.8022165387894288, "params": {"AVAIL_1": 1.6063195316552126, "AVAIL_2": 9.248938836231318, "AVAIL_3": 9.674876862744531, "AVAIL_4": 3.546899013544235, "AVAIL_5": 4.491473728132388, "AVAIL_6": 5.27312058477764, "CONC_1": 9.451605723939299, "CONC_2": 5.610309919862564, "CONC_3": 2.025373300632812, "CONC_4": 6.28998649304077, "CONC_5": 6.3306611254902725, "CONC_6": 5.011074311907729, "FREQ_1": 7.8627718339647235, "FREQ_2": 9.084025426043487, "FREQ_3": 4.523552207271143, "FREQ_4": 7.014005498624485, "FREQ_5": 9.321136486884345, "FREQ_6": 0.8135501191921002, "LETTER_POS_1": 8.86192314416423, "LETTER_POS_2": 7.809914823844636, "LETTER_POS_3": 2.6772704186997895, "LETTER_POS_4": 0.7814807074025365, "LETTER_POS_5": 0.7790896100244049, "LETTER_POS_6": 0.24794562742805892, "OCCUR_1": 1.1729873126901968, "OCCUR_2": 9.803066060393375, "OCCUR_3": 4.081442399317433, "OCCUR_4": 6.2888725015352955, "OCCUR_5": 8.069404768452625, "OCCUR_6": 3.8487256910924525, "PERF_1": 4.7999431748202435, "PERF_2": 9.73098812120805, "PERF_3": 1.5964345786801093, "PERF_4": 9.683504275992895, "PERF_5": 2.009209150155309, "PERF_6": 2.400048114164668, "kl_stopExplr": 4.828004956066975, "r_stopExplr": 4.89370484879038}, "datetime": {"datetime": "2022-06-09 16:24:19", "elapsed": 261.763829, "delta": 18.743202}}
{"target": 0.842258198422582, "params": {"AVAIL_1": 6.855467645575599, "AVAIL_2": 4.275091588399755, "AVAIL_3": 8.345304556719702, "AVAIL_4": 8.01690754694221, "AVAIL_5": 2.929021615837258, "AVAIL_6": 3.352546368219892, "CONC_1": 3.839221366889033, "CONC_2": 8.681915213116142, "CONC_3": 5.17999197495566, "CONC_4": 7.20089150079408, "CONC_5": 0.9476002175680887, "CONC_6": 6.234126176847288, "FREQ_1": 0.7404848797000274, "FREQ_2": 6.3905782799784285, "FREQ_3": 2.39173580925945, "FREQ_4": 6.452377529185153, "FREQ_5": 0.9397587030704158, "FREQ_6": 3.074329732843617, "LETTER_POS_1": 1.395639316021331, "LETTER_POS_2": 7.326014711864232, "LETTER_POS_3": 0.572250270026734, "LETTER_POS_4": 2.5968305339195896, "LETTER_POS_5": 8.128892721430466, "LETTER_POS_6": 1.3502654284617932, "OCCUR_1": 8.356633122081892, "OCCUR_2": 9.213114232095073, "OCCUR_3": 6.325754597526801, "OCCUR_4": 1.8530804231699372, "OCCUR_5": 4.436745492702054, "OCCUR_6": 1.1590568791515599, "PERF_1": 6.718398832357922, "PERF_2": 3.2841602654028366, "PERF_3": 9.116294553129167, "PERF_4": 3.112288613830766, "PERF_5": 1.3311511680872345, "PERF_6": 2.10077914463774, "kl_stopExplr": 4.45856224402083, "r_stopExplr": 4.983076891985316}, "datetime": {"datetime": "2022-06-09 16:24:37", "elapsed": 279.776074, "delta": 18.012245}}
{"target": 0.8385093167701864, "params": {"AVAIL_1": 4.853905201525307, "AVAIL_2": 4.912796502610565, "AVAIL_3": 8.243719814659512, "AVAIL_4": 1.034349323645235, "AVAIL_5": 9.519655826048323, "AVAIL_6": 3.252405197295828, "CONC_1": 4.873526017585852, "CONC_2": 9.699875620531468, "CONC_3": 1.726902078491942, "CONC_4": 7.8726965510090015, "CONC_5": 5.233608342649427, "CONC_6": 2.714063321532567, "FREQ_1": 0.5900188630709258, "FREQ_2": 8.324250512016647, "FREQ_3": 5.1254284618457255, "FREQ_4": 4.83446813756993, "FREQ_5": 7.155922390536382, "FREQ_6": 3.3770834481884906, "LETTER_POS_1": 0.2594074917262257, "LETTER_POS_2": 5.696760590329546, "LETTER_POS_3": 8.049226329099175, "LETTER_POS_4": 2.169690258951613, "LETTER_POS_5": 6.954198758433541, "LETTER_POS_6": 4.231808349369876, "OCCUR_1": 2.7597693485504915, "OCCUR_2": 0.6297284967061245, "OCCUR_3": 3.6727736535054922, "OCCUR_4": 5.975190571415659, "OCCUR_5": 9.43772141968678, "OCCUR_6": 4.976837280769091, "PERF_1": 5.681144615033174, "PERF_2": 5.297771508709089, "PERF_3": 2.38139153065004, "PERF_4": 4.900629055159306, "PERF_5": 5.2913540810022885, "PERF_6": 1.2653164738783074, "kl_stopExplr": 4.095198040490678, "r_stopExplr": 4.472405438871757}, "datetime": {"datetime": "2022-06-09 16:25:02", "elapsed": 304.645235, "delta": 24.869161}}
{"target": 0.8436980379115397, "params": {"AVAIL_1": 5.052939107527447, "AVAIL_2": 9.829585100990986, "AVAIL_3": 3.775310053483728, "AVAIL_4": 9.404891344313281, "AVAIL_5": 3.12206578319397, "AVAIL_6": 2.8904164456101333, "CONC_1": 9.517984891268869, "CONC_2": 2.143314895214865, "CONC_3": 6.442388500385398, "CONC_4": 5.789017118803202, "CONC_5": 4.000564741039403, "CONC_6": 7.274794056776015, "FREQ_1": 1.3896031622498561, "FREQ_2": 6.306396726539562, "FREQ_3": 5.291453235570682, "FREQ_4": 9.995076790159317, "FREQ_5": 6.547685479325599, "FREQ_6": 4.613630116503894, "LETTER_POS_1": 9.55758034362427, "LETTER_POS_2": 0.9541644785620984, "LETTER_POS_3": 7.966582209454337, "LETTER_POS_4": 5.1814157299215235, "LETTER_POS_5": 6.031061702505786, "LETTER_POS_6": 6.469862348188032, "OCCUR_1": 7.5135437706789485, "OCCUR_2": 0.8928436303601517, "OCCUR_3": 0.9436300471248305, "OCCUR_4": 6.337413877686365, "OCCUR_5": 9.757679504894876, "OCCUR_6": 2.44263547936319, "PERF_1": 3.3566899819895326, "PERF_2": 4.016243223765407, "PERF_3": 8.962046605420502, "PERF_4": 6.361230114658058, "PERF_5": 6.748924703233281, "PERF_6": 3.2268546600266736, "kl_stopExplr": 4.054530788879456, "r_stopExplr": 4.571572237945933}, "datetime": {"datetime": "2022-06-09 16:25:24", "elapsed": 326.922575, "delta": 22.27734}}
{"target": 0.9619377162629758, "params": {"AVAIL_1": 3.247227549907824, "AVAIL_2": 1.6883735215510842, "AVAIL_3": 4.968429192046392, "AVAIL_4": 8.990291289866246, "AVAIL_5": 2.5149669463174726, "AVAIL_6": 1.0066631439921014, "CONC_1": 1.1105418045090398, "CONC_2": 7.9157552377787646, "CONC_3": 5.6541228623550035, "CONC_4": 5.58939499724295, "CONC_5": 6.018743438019717, "CONC_6": 3.8501321351187334, "FREQ_1": 4.57772169671304, "FREQ_2": 6.142430805501116, "FREQ_3": 8.666908506535453, "FREQ_4": 5.153705228496155, "FREQ_5": 2.9616531484566266, "FREQ_6": 4.627961215045345, "LETTER_POS_1": 5.79905225759979, "LETTER_POS_2": 8.349569945089861, "LETTER_POS_3": 6.284333274805198, "LETTER_POS_4": 2.9798415421556568, "LETTER_POS_5": 9.580795186527565, "LETTER_POS_6": 6.090829768203049, "OCCUR_1": 0.16069126577059833, "OCCUR_2": 0.39126288286315924, "OCCUR_3": 7.068583850858291, "OCCUR_4": 5.8881664773568465, "OCCUR_5": 2.6933189587446082, "OCCUR_6": 7.073836342706212, "PERF_1": 8.847200499806453, "PERF_2": 7.329712328459603, "PERF_3": 9.339742781699385, "PERF_4": 4.20944185807028, "PERF_5": 4.73077934516372, "PERF_6": 9.180722139233746, "kl_stopExplr": 3.9755594018996327, "r_stopExplr": 4.330354727165677}, "datetime": {"datetime": "2022-06-09 16:25:30", "elapsed": 332.282056, "delta": 5.359481}}
{"target": 0.8047520661157025, "params": {"AVAIL_1": 8.184414991466845, "AVAIL_2": 4.454252329861829, "AVAIL_3": 1.4211871731648795, "AVAIL_4": 9.830602009493436, "AVAIL_5": 4.167002654953307, "AVAIL_6": 8.678369083999602, "CONC_1": 4.901552367561605, "CONC_2": 0.6853076520321588, "CONC_3": 2.4867576591378038, "CONC_4": 6.524754239191919, "CONC_5": 3.3762002418698134, "CONC_6": 6.920098390287458, "FREQ_1": 9.122560789973782, "FREQ_2": 8.887984456001867, "FREQ_3": 2.9829148567711252, "FREQ_4": 1.6620375050412428, "FREQ_5": 0.0608206753696261, "FREQ_6": 3.422637500314444, "LETTER_POS_1": 8.832614571613775, "LETTER_POS_2": 6.074731945802752, "LETTER_POS_3": 2.1075931571977646, "LETTER_POS_4": 6.596443724659627, "LETTER_POS_5": 4.567371415228579, "LETTER_POS_6": 4.122175763179408, "OCCUR_1": 4.325639403684134, "OCCUR_2": 1.6392636956383644, "OCCUR_3": 2.9236072468777685, "OCCUR_4": 5.075936592416087, "OCCUR_5": 4.527455359807849, "OCCUR_6": 5.599045756159323, "PERF_1": 7.2508781633896255, "PERF_2": 6.8264536619700475, "PERF_3": 9.850980949811545, "PERF_4": 9.913052485000403, "PERF_5": 0.8246099975544885, "PERF_6": 7.670618494306608, "kl_stopExplr": 4.274483998121862, "r_stopExplr": 3.0418646312711504}, "datetime": {"datetime": "2022-06-09 16:25:45", "elapsed": 347.285598, "delta": 15.003542}}
{"target": 0.7882713944766451, "params": {"AVAIL_1": 2.463542869327051, "AVAIL_2": 1.110409602265321, "AVAIL_3": 2.5567140938181554, "AVAIL_4": 6.72445330092322, "AVAIL_5": 2.7728884925695696, "AVAIL_6": 4.706809707559556, "CONC_1": 3.144808470483602, "CONC_2": 0.4410265630155552, "CONC_3": 9.380758663124967, "CONC_4": 2.57130144455879, "CONC_5": 3.5611492415741566, "CONC_6": 6.694732126567262, "FREQ_1": 0.20820006653855305, "FREQ_2": 7.045919218341203, "FREQ_3": 0.7312260088289857, "FREQ_4": 3.5161857035044743, "FREQ_5": 7.730445926714767, "FREQ_6": 0.9102076867917608, "LETTER_POS_1": 4.529444469409702, "LETTER_POS_2": 7.618452479873371, "LETTER_POS_3": 4.73634281232135, "LETTER_POS_4": 0.5499147004095695, "LETTER_POS_5": 1.2301727934453455, "LETTER_POS_6": 0.958916825816275, "OCCUR_1": 1.6223129086227073, "OCCUR_2": 4.498327065155513, "OCCUR_3": 1.5171205209124372, "OCCUR_4": 4.880489798138617, "OCCUR_5": 7.040888332218503, "OCCUR_6": 5.8250186086545135, "PERF_1": 2.1447923595327567, "PERF_2": 8.38955906662267, "PERF_3": 1.9004341479535714, "PERF_4": 5.483649131734369, "PERF_5": 3.509396059314173, "PERF_6": 8.840801321560763, "kl_stopExplr": 4.725354611865399, "r_stopExplr": 3.610147515427191}, "datetime": {"datetime": "2022-06-09 16:26:01", "elapsed": 363.658602, "delta": 16.373004}}
{"target": 0.966798418972332, "params": {"AVAIL_1": 6.153402425202542, "AVAIL_2": 0.21578843364645994, "AVAIL_3": 8.477225517209767, "AVAIL_4": 5.022007059147525, "AVAIL_5": 4.810313769481568, "AVAIL_6": 2.093710583203449, "CONC_1": 1.1629072381714811, "CONC_2": 8.339683506566216, "CONC_3": 9.387896930556378, "CONC_4": 4.369913207635635, "CONC_5": 7.143276386034765, "CONC_6": 3.910207677943923, "FREQ_1": 5.471693063186969, "FREQ_2": 4.73583990115814, "FREQ_3": 4.681820124070674, "FREQ_4": 1.2445119135018001, "FREQ_5": 4.260956754731293, "FREQ_6": 9.982817783835534, "LETTER_POS_1": 4.498624344387978, "LETTER_POS_2": 9.054207757283999, "LETTER_POS_3": 1.656590391578271, "LETTER_POS_4": 5.2762573111027, "LETTER_POS_5": 3.9337197722876116, "LETTER_POS_6": 3.9568447726249367, "OCCUR_1": 9.473614284986015, "OCCUR_2": 6.297289358702182, "OCCUR_3": 1.6693975072771283, "OCCUR_4": 6.671996397839031, "OCCUR_5": 2.489839782054938, "OCCUR_6": 6.781076334349764, "PERF_1": 7.387750628540163, "PERF_2": 0.7034318596975697, "PERF_3": 5.945891808198681, "PERF_4": 1.5239296718293105, "PERF_5": 0.7063177159816769, "PERF_6": 1.450479301795986, "kl_stopExplr": 3.264306546564315, "r_stopExplr": 4.405362775322852}, "datetime": {"datetime": "2022-06-09 16:26:06", "elapsed": 368.613757, "delta": 4.955155}}
{"target": 0.8505704821494295, "params": {"AVAIL_1": 2.411057767899669, "AVAIL_2": 7.30564171538971, "AVAIL_3": 0.21184095121205893, "AVAIL_4": 2.1414574114906237, "AVAIL_5": 4.857691835646305, "AVAIL_6": 8.556337352553973, "CONC_1": 2.6073382917739716, "CONC_2": 2.0644944369898965, "CONC_3": 9.222383534273558, "CONC_4": 2.5783308832771734, "CONC_5": 7.690322929809689, "CONC_6": 2.5182312130099715, "FREQ_1": 2.3680317794878922, "FREQ_2": 5.176796457508081, "FREQ_3": 5.922238477396946, "FREQ_4": 0.27774203685535515, "FREQ_5": 5.7016901851014925, "FREQ_6": 7.609983224517038, "LETTER_POS_1": 3.993756588014733, "LETTER_POS_2": 3.4134380732935266, "LETTER_POS_3": 3.298089665591836, "LETTER_POS_4": 9.72015507266105, "LETTER_POS_5": 3.847529851028273, "LETTER_POS_6": 0.4144539310642248, "OCCUR_1": 6.968981717374626, "OCCUR_2": 1.0915531348348684, "OCCUR_3": 4.054047385804896, "OCCUR_4": 0.3695651520962029, "OCCUR_5": 8.63784156987624, "OCCUR_6": 0.9998315693147963, "PERF_1": 1.740391283083913, "PERF_2": 9.314450913710102, "PERF_3": 5.1852313462661375, "PERF_4": 3.4271535145248686, "PERF_5": 3.7849660612220335, "PERF_6": 2.787726143879402, "kl_stopExplr": 4.721412258643128, "r_stopExplr": 4.366438657607942}, "datetime": {"datetime": "2022-06-09 16:26:26", "elapsed": 388.611636, "delta": 19.997879}}
