{"target": 0.8346534653465346, "params": {"AVAIL_1": 1.5596338321824432, "AVAIL_2": 5.706598415157163, "AVAIL_3": 9.08850757990292, "AVAIL_4": 4.156246626124535, "AVAIL_5": 4.667843473109005, "AVAIL_6": 1.3089657646253539, "CONC_1": 7.6112488474433135, "CONC_2": 9.719855563510055, "CONC_3": 6.992764457247884, "CONC_4": 8.540577184890239, "CONC_5": 9.149011306651992, "CONC_6": 2.182617835209566, "FREQ_1": 1.4209849858010948, "FREQ_2": 2.393579747291039, "FREQ_3": 5.101279483112298, "FREQ_4": 2.8574196445440236, "FREQ_5": 1.0242887510655851, "FREQ_6": 7.04590275062994, "LETTER_POS_1": 8.619871069665706, "LETTER_POS_2": 3.753081035955125, "LETTER_POS_3": 0.25489342431553763, "LETTER_POS_4": 6.753113077158183, "LETTER_POS_5": 9.778477032017687, "LETTER_POS_6": 0.22073686767787537, "OCCUR_1": 1.8863204650828347, "OCCUR_2": 0.40504386424651706, "OCCUR_3": 3.2521651272624483, "OCCUR_4": 9.026683754984706, "OCCUR_5": 4.648511862556201, "OCCUR_6": 4.319603525629981, "PERF_1": 1.2676862450148918, "PERF_2": 5.87068147535078, "PERF_3": 0.16046531015876386, "PERF_4": 3.2940806611206996, "PERF_5": 7.323064063151748, "PERF_6": 4.8392738501001356, "kl_stopExplr": 4.229125007263439, "r_stopExplr": 4.4625138000246505}, "datetime": {"datetime": "2022-06-09 16:52:38", "elapsed": 1960.206511, "delta": 21.59411}}
{"target": 0.9714993804213135, "params": {"AVAIL_1": 10.0, "AVAIL_2": 0.0, "AVAIL_3": 0.0, "AVAIL_4": 4.999758654471802, "AVAIL_5": 3.529252708479519, "AVAIL_6": 0.0, "CONC_1": 2.4929398966215146, "CONC_2": 10.0, "CONC_3": 6.632605872831942, "CONC_4": 9.032452534770702, "CONC_5": 10.0, "CONC_6": 6.062141613345439, "FREQ_1": 10.0, "FREQ_2": 10.0, "FREQ_3": 5.878177520389014, "FREQ_4": 0.33139704521913127, "FREQ_5": 4.751966825403522, "FREQ_6": 4.144124527378734, "LETTER_POS_1": 10.0, "LETTER_POS_2": 0.8334042266411988, "LETTER_POS_3": 10.0, "LETTER_POS_4": 0.0, "LETTER_POS_5": 10.0, "LETTER_POS_6": 4.2710287726466545, "OCCUR_1": 4.736253197942295, "OCCUR_2": 0.0, "OCCUR_3": 10.0, "OCCUR_4": 0.0, "OCCUR_5": 3.5049230127027453, "OCCUR_6": 4.047688140029725, "PERF_1": 10.0, "PERF_2": 10.0, "PERF_3": 2.3652668781040385, "PERF_4": 0.7301493313223159, "PERF_5": 0.0, "PERF_6": 5.5146612861165485, "kl_stopExplr": 3.0, "r_stopExplr": 3.0}, "datetime": {"datetime": "2022-06-09 16:52:45", "elapsed": 1967.657962, "delta": 7.451451}}
{"target": 0.9772727272727273, "params": {"AVAIL_1": 0.0, "AVAIL_2": 0.0, "AVAIL_3": 0.0, "AVAIL_4": 0.05907491297996843, "AVAIL_5": 5.211723147919456, "AVAIL_6": 0.0, "CONC_1": 4.520063362787517, "CONC_2": 10.0, "CONC_3": 8.709641042696948, "CONC_4": 0.9975046979931336, "CONC_5": 0.0, "CONC_6": 1.8791333253983367, "FREQ_1": 10.0, "FREQ_2": 5.568946833983249, "FREQ_3": 9.070123841234757, "FREQ_4": 6.585842968479467, "FREQ_5": 10.0, "FREQ_6": 10.0, "LETTER_POS_1": 0.0, "LETTER_POS_2": 0.09632228506511914, "LETTER_POS_3": 0.0, "LETTER_POS_4": 10.0, "LETTER_POS_5": 3.7156719128580837, "LETTER_POS_6": 1.4635169645250956, "OCCUR_1": 8.014592126351245, "OCCUR_2": 0.0, "OCCUR_3": 0.0, "OCCUR_4": 5.409287919297929, "OCCUR_5": 5.306534064315887, "OCCUR_6": 7.817459357415951, "PERF_1": 10.0, "PERF_2": 0.0, "PERF_3": 1.0956938412377577, "PERF_4": 8.642728057084252, "PERF_5": 3.246270949665884, "PERF_6": 10.0, "kl_stopExplr": 3.0, "r_stopExplr": 3.0}, "datetime": {"datetime": "2022-06-09 16:52:53", "elapsed": 1975.816332, "delta": 8.15837}}
{"target": 0.9695488721804512, "params": {"AVAIL_1": 5.3252511680560755, "AVAIL_2": 0.0, "AVAIL_3": 0.0, "AVAIL_4": 6.53495456941395, "AVAIL_5": 6.339369320100728, "AVAIL_6": 0.0, "CONC_1": 0.0, "CONC_2": 10.0, "CONC_3": 10.0, "CONC_4": 10.0, "CONC_5": 0.0, "CONC_6": 0.0, "FREQ_1": 5.604345108981777, "FREQ_2": 10.0, "FREQ_3": 9.277760283858724, "FREQ_4": 10.0, "FREQ_5": 10.0, "FREQ_6": 10.0, "LETTER_POS_1": 0.0, "LETTER_POS_2": 4.477406684973576, "LETTER_POS_3": 0.0, "LETTER_POS_4": 2.1772204109561106, "LETTER_POS_5": 0.0, "LETTER_POS_6": 2.9906158396913987, "OCCUR_1": 1.258082275294729, "OCCUR_2": 0.0, "OCCUR_3": 0.0, "OCCUR_4": 10.0, "OCCUR_5": 7.700686929139853, "OCCUR_6": 4.980225102165509, "PERF_1": 4.958884692705202, "PERF_2": 0.0, "PERF_3": 10.0, "PERF_4": 0.0, "PERF_5": 0.0, "PERF_6": 10.0, "kl_stopExplr": 3.0, "r_stopExplr": 3.0}, "datetime": {"datetime": "2022-06-09 16:53:01", "elapsed": 1983.307936, "delta": 7.491604}}
{"target": 0.888543823326432, "params": {"AVAIL_1": 2.4296056260223153, "AVAIL_2": 1.970765078782658, "AVAIL_3": 2.8754160348395996, "AVAIL_4": 6.497291635425068, "AVAIL_5": 0.5004470154471163, "AVAIL_6": 0.8225534760002828, "CONC_1": 5.417342601234086, "CONC_2": 1.5365330794303178, "CONC_3": 5.8335929884998325, "CONC_4": 3.314992712532092, "CONC_5": 1.1428652878967116, "CONC_6": 7.663787737970013, "FREQ_1": 7.28924867858262, "FREQ_2": 4.372309895642321, "FREQ_3": 7.464302032604628, "FREQ_4": 3.9913489873571315, "FREQ_5": 6.004647917335095, "FREQ_6": 0.13397539915513512, "LETTER_POS_1": 4.18192216004755, "LETTER_POS_2": 7.386955236741068, "LETTER_POS_3": 7.459212812146693, "LETTER_POS_4": 2.3067358900681754, "LETTER_POS_5": 6.9126357851616635, "LETTER_POS_6": 8.71985900097046, "OCCUR_1": 0.4095837645206546, "OCCUR_2": 9.47117830820056, "OCCUR_3": 0.22926474914833683, "OCCUR_4": 0.5550188171802628, "OCCUR_5": 4.472705671496334, "OCCUR_6": 8.252198659283165, "PERF_1": 2.2546290601182672, "PERF_2": 4.4816117699969595, "PERF_3": 5.115169798424395, "PERF_4": 8.171975745161248, "PERF_5": 0.8956508079098202, "PERF_6": 1.1542427307115455, "kl_stopExplr": 4.933955150728012, "r_stopExplr": 3.9643294924591412}, "datetime": {"datetime": "2022-06-09 16:53:17", "elapsed": 1999.435432, "delta": 16.127496}}
{"target": 0.9094202898550725, "params": {"AVAIL_1": 0.06341738378434103, "AVAIL_2": 4.630685626217317, "AVAIL_3": 5.478521223156909, "AVAIL_4": 7.954425749080782, "AVAIL_5": 3.8588901334324843, "AVAIL_6": 9.10857764825103, "CONC_1": 5.801948464239855, "CONC_2": 4.886570104921887, "CONC_3": 0.9792899295323976, "CONC_4": 5.976145395070218, "CONC_5": 4.726001477195128, "CONC_6": 9.37626973701564, "FREQ_1": 5.601293077279296, "FREQ_2": 4.642556229336287, "FREQ_3": 4.8760310693806606, "FREQ_4": 3.4503297333143825, "FREQ_5": 6.475126963441056, "FREQ_6": 8.46992224136078, "LETTER_POS_1": 9.374966043916634, "LETTER_POS_2": 4.483120758821149, "LETTER_POS_3": 1.0139620126687, "LETTER_POS_4": 0.512296431038749, "LETTER_POS_5": 5.5419395688623645, "LETTER_POS_6": 0.9339545814836048, "OCCUR_1": 6.01488376256416, "OCCUR_2": 2.6026335291473623, "OCCUR_3": 2.0911315696307753, "OCCUR_4": 3.7886938509550996, "OCCUR_5": 6.316786546858468, "OCCUR_6": 4.303317696357883, "PERF_1": 3.8660848618979413, "PERF_2": 2.8476373601626124, "PERF_3": 2.1255679780967576, "PERF_4": 5.2489480292780115, "PERF_5": 2.923296880597764, "PERF_6": 1.525882902758513, "kl_stopExplr": 3.4809513607948093, "r_stopExplr": 3.766710775035289}, "datetime": {"datetime": "2022-06-09 16:53:24", "elapsed": 2006.283916, "delta": 6.848484}}
{"target": 0.7935922880635101, "params": {"AVAIL_1": 4.020396094359244, "AVAIL_2": 4.589659273754437, "AVAIL_3": 3.3785209278063997, "AVAIL_4": 1.5286225863001868, "AVAIL_5": 8.295293455965457, "AVAIL_6": 2.66371184854159, "CONC_1": 4.7836072542555765, "CONC_2": 3.157239803132562, "CONC_3": 8.519656667696468, "CONC_4": 2.298187692076119, "CONC_5": 7.3199506651270605, "CONC_6": 0.8062462922948421, "FREQ_1": 0.16043451207392811, "FREQ_2": 8.46580149866582, "FREQ_3": 4.5707286202465, "FREQ_4": 3.4708084208318524, "FREQ_5": 5.0914794064898405, "FREQ_6": 5.1516272047046785, "LETTER_POS_1": 7.021058713272766, "LETTER_POS_2": 8.830603964617993, "LETTER_POS_3": 9.112227056247043, "LETTER_POS_4": 9.570905224771838, "LETTER_POS_5": 5.568825630088852, "LETTER_POS_6": 0.23954177123984732, "OCCUR_1": 0.08038035648975983, "OCCUR_2": 6.419512598636242, "OCCUR_3": 1.545057329497923, "OCCUR_4": 4.167576793903373, "OCCUR_5": 0.8953762908880392, "OCCUR_6": 3.982681446445043, "PERF_1": 7.690853496191741, "PERF_2": 8.965937081934227, "PERF_3": 9.00561291638116, "PERF_4": 6.127989342118482, "PERF_5": 9.640848366316014, "PERF_6": 9.308286064308186, "kl_stopExplr": 4.863839810400084, "r_stopExplr": 4.068735913441958}, "datetime": {"datetime": "2022-06-09 16:53:53", "elapsed": 2035.419434, "delta": 29.135518}}
{"target": 0.9769452449567724, "params": {"AVAIL_1": 0.0, "AVAIL_2": 0.0, "AVAIL_3": 0.0, "AVAIL_4": 1.6856475733937477, "AVAIL_5": 4.826291444687204, "AVAIL_6": 8.189626830314774, "CONC_1": 0.0, "CONC_2": 10.0, "CONC_3": 10.0, "CONC_4": 10.0, "CONC_5": 3.200896782502998, "CONC_6": 3.805548503787569, "FREQ_1": 10.0, "FREQ_2": 10.0, "FREQ_3": 1.778549514300275, "FREQ_4": 10.0, "FREQ_5": 10.0, "FREQ_6": 10.0, "LETTER_POS_1": 3.206008783878034, "LETTER_POS_2": 0.0, "LETTER_POS_3": 0.0, "LETTER_POS_4": 1.6100272652961714, "LETTER_POS_5": 4.922393042838888, "LETTER_POS_6": 2.6803709334437134, "OCCUR_1": 0.8682774605528589, "OCCUR_2": 1.178937856445845, "OCCUR_3": 4.529554559354906, "OCCUR_4": 0.0, "OCCUR_5": 8.996877433837904, "OCCUR_6": 8.00638580504689, "PERF_1": 6.038266606820484, "PERF_2": 0.0, "PERF_3": 2.8207496368149543, "PERF_4": 3.210421372792341, "PERF_5": 7.5457055718400845, "PERF_6": 8.792315973215539, "kl_stopExplr": 3.0, "r_stopExplr": 5.0}, "datetime": {"datetime": "2022-06-09 16:54:01", "elapsed": 2043.270679, "delta": 7.851245}}
{"target": 0.9071531791907514, "params": {"AVAIL_1": 1.4114840284595997, "AVAIL_2": 4.0313147114993875, "AVAIL_3": 7.306886636099902, "AVAIL_4": 9.637713212414438, "AVAIL_5": 8.406458547908269, "AVAIL_6": 3.714788321281893, "CONC_1": 4.16171033573597, "CONC_2": 0.751134775799458, "CONC_3": 8.481202878625396, "CONC_4": 3.09446195574837, "CONC_5": 0.9680270504953814, "CONC_6": 1.4306091148079758, "FREQ_1": 2.999307995882239, "FREQ_2": 6.740323888489427, "FREQ_3": 5.189880462192736, "FREQ_4": 9.66136948716475, "FREQ_5": 3.514572774407619, "FREQ_6": 0.6735987186745407, "LETTER_POS_1": 6.407548430076928, "LETTER_POS_2": 6.2566288788790825, "LETTER_POS_3": 9.664534435735607, "LETTER_POS_4": 4.056664140400962, "LETTER_POS_5": 2.556423479883274, "LETTER_POS_6": 3.2416250933307045, "OCCUR_1": 5.2194172979317885, "OCCUR_2": 2.3407851849560157, "OCCUR_3": 7.109309113014418, "OCCUR_4": 3.6350914928423794, "OCCUR_5": 7.530105351849046, "OCCUR_6": 0.8908451445208732, "PERF_1": 5.908280099973604, "PERF_2": 4.432380522622187, "PERF_3": 0.21734063696928985, "PERF_4": 5.086422446872884, "PERF_5": 4.189700181312281, "PERF_6": 3.0623073624924113, "kl_stopExplr": 3.9336425671088002, "r_stopExplr": 3.6579339075957895}, "datetime": {"datetime": "2022-06-09 16:54:07", "elapsed": 2049.167807, "delta": 5.897128}}
{"target": 0.9652007648183556, "params": {"AVAIL_1": 3.7394317833498647, "AVAIL_2": 3.047813697398608, "AVAIL_3": 0.0078547419233288, "AVAIL_4": 6.892092458001592, "AVAIL_5": 7.235401750456276, "AVAIL_6": 4.690861225594267, "CONC_1": 0.2692586276162878, "CONC_2": 8.979987732497358, "CONC_3": 9.007772323263092, "CONC_4": 0.9958072852326139, "CONC_5": 0.5999971135142701, "CONC_6": 7.162517260639474, "FREQ_1": 8.72185071357932, "FREQ_2": 4.967353695563292, "FREQ_3": 7.313031314492071, "FREQ_4": 5.997241749459833, "FREQ_5": 3.19733378347871, "FREQ_6": 7.003942841684938, "LETTER_POS_1": 9.290921384139269, "LETTER_POS_2": 6.808095751756302, "LETTER_POS_3": 7.725059934530089, "LETTER_POS_4": 4.129686904606697, "LETTER_POS_5": 4.007064809628811, "LETTER_POS_6": 4.8876739164428065, "OCCUR_1": 6.34174022484617, "OCCUR_2": 2.485077802214909, "OCCUR_3": 3.8570588948127416, "OCCUR_4": 4.360464138926973, "OCCUR_5": 4.210478880058874, "OCCUR_6": 4.2434395393596525, "PERF_1": 6.863814391959579, "PERF_2": 4.360734237180831, "PERF_3": 0.4795800659156435, "PERF_4": 4.639828916319065, "PERF_5": 7.536480592268858, "PERF_6": 8.578346120616695, "kl_stopExplr": 3.4314804615821903, "r_stopExplr": 4.868290633926193}, "datetime": {"datetime": "2022-06-09 16:54:12", "elapsed": 2054.902197, "delta": 5.73439}}
{"target": 0.9699812382739212, "params": {"AVAIL_1": 0.6185090224035715, "AVAIL_2": 0.0, "AVAIL_3": 0.0, "AVAIL_4": 9.72651545607793, "AVAIL_5": 7.566771869975624, "AVAIL_6": 0.0, "CONC_1": 0.0, "CONC_2": 10.0, "CONC_3": 10.0, "CONC_4": 6.22418118340239, "CONC_5": 4.880634008331633, "CONC_6": 1.3785393104684123, "FREQ_1": 10.0, "FREQ_2": 8.384054788768248, "FREQ_3": 8.463839393621292, "FREQ_4": 10.0, "FREQ_5": 5.18186519458889, "FREQ_6": 4.397711156182407, "LETTER_POS_1": 10.0, "LETTER_POS_2": 4.569063684631754, "LETTER_POS_3": 9.020928243048997, "LETTER_POS_4": 3.996430657532408, "LETTER_POS_5": 1.6473563158949347, "LETTER_POS_6": 0.3117860290646964, "OCCUR_1": 10.0, "OCCUR_2": 0.0, "OCCUR_3": 7.942785044573874, "OCCUR_4": 0.0, "OCCUR_5": 8.377305530421047, "OCCUR_6": 1.863369463819292, "PERF_1": 4.7139460808114135, "PERF_2": 5.553038080505557, "PERF_3": 0.16579351963877573, "PERF_4": 5.537194341070238, "PERF_5": 0.5399448567849622, "PERF_6": 5.863554234016451, "kl_stopExplr": 3.0, "r_stopExplr": 3.0}, "datetime": {"datetime": "2022-06-09 16:54:20", "elapsed": 2062.032265, "delta": 7.130068}}
{"target": 0.9265367316341829, "params": {"AVAIL_1": 3.261311484581826, "AVAIL_2": 7.190470014725009, "AVAIL_3": 4.487859498461434, "AVAIL_4": 0.9207103224621127, "AVAIL_5": 2.5170939447951546, "AVAIL_6": 9.6445827807383, "CONC_1": 4.199616067164095, "CONC_2": 9.066681305717676, "CONC_3": 1.164408905313148, "CONC_4": 0.02257265268049924, "CONC_5": 1.0803338977002708, "CONC_6": 9.246262122345698, "FREQ_1": 6.4301198288062364, "FREQ_2": 9.636467016341626, "FREQ_3": 2.359632867942273, "FREQ_4": 9.411784336897965, "FREQ_5": 3.786215540532507, "FREQ_6": 2.8554448449461303, "LETTER_POS_1": 9.560711103701601, "LETTER_POS_2": 6.833968426984146, "LETTER_POS_3": 6.696660066508649, "LETTER_POS_4": 8.335225285338565, "LETTER_POS_5": 9.638190026344988, "LETTER_POS_6": 9.261572446835663, "OCCUR_1": 9.041349825862573, "OCCUR_2": 6.6086840263294855, "OCCUR_3": 3.773901259878035, "OCCUR_4": 1.281317454180071, "OCCUR_5": 3.8918487477144437, "OCCUR_6": 1.131129685048634, "PERF_1": 6.027543544290084, "PERF_2": 8.628270524319259, "PERF_3": 6.484337080046699, "PERF_4": 9.807472055452532, "PERF_5": 1.0921802757364085, "PERF_6": 3.927427165458901, "kl_stopExplr": 3.0125137143837666, "r_stopExplr": 3.042657355005478}, "datetime": {"datetime": "2022-06-09 16:54:26", "elapsed": 2068.027703, "delta": 5.995438}}
{"target": 0.96943719716735, "params": {"AVAIL_1": 0.0, "AVAIL_2": 0.0, "AVAIL_3": 0.0, "AVAIL_4": 4.688553522679098, "AVAIL_5": 10.0, "AVAIL_6": 7.676693416262357, "CONC_1": 0.0, "CONC_2": 10.0, "CONC_3": 10.0, "CONC_4": 4.434854259098718, "CONC_5": 1.64237639773604, "CONC_6": 10.0, "FREQ_1": 10.0, "FREQ_2": 8.340529220533769, "FREQ_3": 5.576963551538889, "FREQ_4": 10.0, "FREQ_5": 10.0, "FREQ_6": 3.7938216187348752, "LETTER_POS_1": 10.0, "LETTER_POS_2": 4.817748330161411, "LETTER_POS_3": 6.260372440994398, "LETTER_POS_4": 7.97809448035314, "LETTER_POS_5": 6.361852468024054, "LETTER_POS_6": 7.640576227729858, "OCCUR_1": 10.0, "OCCUR_2": 0.07234670638894061, "OCCUR_3": 8.759179016668366, "OCCUR_4": 4.290398503700231, "OCCUR_5": 3.8025651236587263, "OCCUR_6": 7.354727081882545, "PERF_1": 0.6939741246276491, "PERF_2": 9.983328065530623, "PERF_3": 0.0, "PERF_4": 9.931858084634458, "PERF_5": 10.0, "PERF_6": 2.928499076433912, "kl_stopExplr": 3.0, "r_stopExplr": 5.0}, "datetime": {"datetime": "2022-06-09 16:54:35", "elapsed": 2077.373281, "delta": 9.345578}}
{"target": 0.9607129865405603, "params": {"AVAIL_1": 7.805867708207823, "AVAIL_2": 0.0, "AVAIL_3": 0.0, "AVAIL_4": 10.0, "AVAIL_5": 8.858641221610206, "AVAIL_6": 2.1349441489553933, "CONC_1": 0.0, "CONC_2": 10.0, "CONC_3": 10.0, "CONC_4": 9.003859969156098, "CONC_5": 8.400630348080782, "CONC_6": 10.0, "FREQ_1": 4.041113814965137, "FREQ_2": 10.0, "FREQ_3": 10.0, "FREQ_4": 7.131150576440809, "FREQ_5": 4.771430811776353, "FREQ_6": 1.8879188318882385, "LETTER_POS_1": 8.92653953601063, "LETTER_POS_2": 10.0, "LETTER_POS_3": 10.0, "LETTER_POS_4": 0.0, "LETTER_POS_5": 5.975661771106511, "LETTER_POS_6": 10.0, "OCCUR_1": 3.4936429539869107, "OCCUR_2": 0.0, "OCCUR_3": 10.0, "OCCUR_4": 7.210885779818385, "OCCUR_5": 2.206722314148903, "OCCUR_6": 3.043304817528159, "PERF_1": 3.9807898097886527, "PERF_2": 6.0893577260889575, "PERF_3": 10.0, "PERF_4": 0.0, "PERF_5": 0.0, "PERF_6": 6.345520442152948, "kl_stopExplr": 3.0, "r_stopExplr": 3.0}, "datetime": {"datetime": "2022-06-09 16:54:43", "elapsed": 2085.581006, "delta": 8.207725}}
{"target": 0.8519524617996604, "params": {"AVAIL_1": 8.61734617295519, "AVAIL_2": 5.203615880565309, "AVAIL_3": 2.4859855854723136, "AVAIL_4": 6.2262901747078025, "AVAIL_5": 0.9641995059247188, "AVAIL_6": 2.938355083529147, "CONC_1": 9.404766773438558, "CONC_2": 5.9995284912301186, "CONC_3": 6.223271271082076, "CONC_4": 8.89101590044675, "CONC_5": 8.162257247464426, "CONC_6": 7.238988020881472, "FREQ_1": 8.97666483248711, "FREQ_2": 4.965089814091806, "FREQ_3": 1.2943765357195491, "FREQ_4": 1.7013469884127819, "FREQ_5": 3.0798897038847937, "FREQ_6": 6.169786211599883, "LETTER_POS_1": 3.3300860881301055, "LETTER_POS_2": 5.067478844368899, "LETTER_POS_3": 2.4027213671060768, "LETTER_POS_4": 2.0696039234537436, "LETTER_POS_5": 6.640833729487767, "LETTER_POS_6": 6.099352435645251, "OCCUR_1": 8.392932107194806, "OCCUR_2": 1.4147043863899678, "OCCUR_3": 4.787212856620206, "OCCUR_4": 3.7850561093853043, "OCCUR_5": 1.932082566864386, "OCCUR_6": 9.540107507612895, "PERF_1": 8.624825840981892, "PERF_2": 2.208588276983361, "PERF_3": 1.1879340503187175, "PERF_4": 7.921835318393235, "PERF_5": 7.362358574946448, "PERF_6": 6.524368271725727, "kl_stopExplr": 4.9400662351665225, "r_stopExplr": 4.099715243308002}, "datetime": {"datetime": "2022-06-09 16:55:04", "elapsed": 2106.192997, "delta": 20.611991}}
{"target": 0.9584415584415584, "params": {"AVAIL_1": 9.013473317515041, "AVAIL_2": 0.40336980048978455, "AVAIL_3": 1.1385058394807146, "AVAIL_4": 1.0830319447241799, "AVAIL_5": 4.390845180314996, "AVAIL_6": 0.03376855988047822, "CONC_1": 3.1157805699117547, "CONC_2": 5.781608849063973, "CONC_3": 4.86193502163667, "CONC_4": 3.466196205386183, "CONC_5": 7.718706821896193, "CONC_6": 0.03631439673987713, "FREQ_1": 2.41912127109821, "FREQ_2": 4.4373738730852175, "FREQ_3": 6.048689347629194, "FREQ_4": 4.0949417446272305, "FREQ_5": 7.508412906406383, "FREQ_6": 3.854744269320729, "LETTER_POS_1": 8.744159709383638, "LETTER_POS_2": 9.279675022717466, "LETTER_POS_3": 4.007898348411256, "LETTER_POS_4": 1.317302472685401, "LETTER_POS_5": 8.025144888548269, "LETTER_POS_6": 9.173781521447342, "OCCUR_1": 6.663315761717307, "OCCUR_2": 4.724970586252639, "OCCUR_3": 2.648530920010951, "OCCUR_4": 1.774416643026746, "OCCUR_5": 0.7548587385450756, "OCCUR_6": 4.992818210342937, "PERF_1": 2.4436090461379045, "PERF_2": 1.5729670453760358, "PERF_3": 0.631832927592475, "PERF_4": 6.77163111606901, "PERF_5": 7.426161752272991, "PERF_6": 9.660803551901076, "kl_stopExplr": 3.235519819185345, "r_stopExplr": 4.166409510119179}, "datetime": {"datetime": "2022-06-09 16:55:10", "elapsed": 2112.31264, "delta": 6.119643}}
{"target": 0.9631833395314243, "params": {"AVAIL_1": 0.0, "AVAIL_2": 0.0, "AVAIL_3": 0.0, "AVAIL_4": 8.656315955008274, "AVAIL_5": 1.778470883813168, "AVAIL_6": 0.0, "CONC_1": 0.0, "CONC_2": 10.0, "CONC_3": 2.920965559088988, "CONC_4": 0.0, "CONC_5": 5.467849576604862, "CONC_6": 10.0, "FREQ_1": 5.873070477917439, "FREQ_2": 1.5897140185298575, "FREQ_3": 10.0, "FREQ_4": 4.421306102303441, "FREQ_5": 10.0, "FREQ_6": 5.4221915359226776, "LETTER_POS_1": 10.0, "LETTER_POS_2": 5.361648895724152, "LETTER_POS_3": 4.780976974861363, "LETTER_POS_4": 6.558901321119324, "LETTER_POS_5": 10.0, "LETTER_POS_6": 4.903122475371641, "OCCUR_1": 6.987262444218002, "OCCUR_2": 2.8386360718352153, "OCCUR_3": 4.426964618581886, "OCCUR_4": 3.5242802921326075, "OCCUR_5": 0.3899350981882034, "OCCUR_6": 1.539090187607816, "PERF_1": 10.0, "PERF_2": 6.190079953537067, "PERF_3": 0.0, "PERF_4": 9.21653170441232, "PERF_5": 0.0, "PERF_6": 6.599151920245031, "kl_stopExplr": 3.0, "r_stopExplr": 5.0}, "datetime": {"datetime": "2022-06-09 16:55:18", "elapsed": 2120.651284, "delta": 8.338644}}
{"target": 0.8355314197051978, "params": {"AVAIL_1": 3.880935082160989, "AVAIL_2": 7.963314536369111, "AVAIL_3": 4.606182621105436, "AVAIL_4": 2.9376719041287345, "AVAIL_5": 8.580001152051478, "AVAIL_6": 4.55215455144635, "CONC_1": 5.677711275107324, "CONC_2": 4.393383781501204, "CONC_3": 0.6772034447338204, "CONC_4": 5.717906474019857, "CONC_5": 6.060195114517794, "CONC_6": 3.4403248806028817, "FREQ_1": 5.54545529153596, "FREQ_2": 7.866518116277388, "FREQ_3": 6.271874078441844, "FREQ_4": 4.4224755615160625, "FREQ_5": 1.5785940685864719, "FREQ_6": 2.209251227397276, "LETTER_POS_1": 4.407404442924734, "LETTER_POS_2": 7.022349253630063, "LETTER_POS_3": 1.9427297115023634, "LETTER_POS_4": 1.3244845036019126, "LETTER_POS_5": 4.027616911023946, "LETTER_POS_6": 2.224787899002437, "OCCUR_1": 1.6613242587897936, "OCCUR_2": 6.277230242399963, "OCCUR_3": 9.212835554074648, "OCCUR_4": 9.689415788566832, "OCCUR_5": 0.4392383307517611, "OCCUR_6": 5.54239312187765, "PERF_1": 2.3984598272876756, "PERF_2": 8.004165263773325, "PERF_3": 8.558635856250332, "PERF_4": 1.3477079699906969, "PERF_5": 3.968546449687682, "PERF_6": 9.641934089899687, "kl_stopExplr": 4.831246000007521, "r_stopExplr": 4.439451830906967}, "datetime": {"datetime": "2022-06-09 16:55:38", "elapsed": 2140.214187, "delta": 19.562903}}
