{"target": 0.9630996309963099, "params": {"AVAIL_1": 3.1104133559656355, "AVAIL_2": 0.5864759725639912, "AVAIL_3": 2.775630199260488, "AVAIL_4": 2.126005460571061, "AVAIL_5": 4.780263429322435, "AVAIL_6": 5.078239506604363, "CONC_1": 4.226361374398719, "CONC_2": 7.138576788940199, "CONC_3": 4.503216913057255, "CONC_4": 6.146412459538917, "CONC_5": 1.489601352877551, "CONC_6": 8.867704522285692, "FREQ_1": 3.8223180004070514, "FREQ_2": 6.120885783465536, "FREQ_3": 8.766712839387262, "FREQ_4": 3.16714888031664, "FREQ_5": 8.961736687993495, "FREQ_6": 8.411972432292092, "LETTER_POS_1": 5.210527134151004, "LETTER_POS_2": 7.176289933861416, "LETTER_POS_3": 4.856814611151629, "LETTER_POS_4": 2.124174945476197, "LETTER_POS_5": 8.532168112970648, "LETTER_POS_6": 7.9392608443507555, "OCCUR_1": 8.609749309556932, "OCCUR_2": 6.70396589879179, "OCCUR_3": 5.163761819450433, "OCCUR_4": 2.798779144526937, "OCCUR_5": 7.35884779893974, "OCCUR_6": 2.9934052693938162, "PERF_1": 3.500584167074592, "PERF_2": 5.164874269779876, "PERF_3": 8.012748021877186, "PERF_4": 5.4204904177822835, "PERF_5": 2.2192431288575873, "PERF_6": 6.624474978726433, "kl_stopExplr": 3.3405579881758793, "r_stopExplr": 3.609826397288775}, "datetime": {"datetime": "2022-06-09 16:28:07", "elapsed": 489.935335, "delta": 4.995037}}
{"target": 0.9571535022354695, "params": {"AVAIL_1": 5.309813960455605, "AVAIL_2": 1.1762759732636852, "AVAIL_3": 1.6360174891085033, "AVAIL_4": 3.383436453889824, "AVAIL_5": 2.1506851400977745, "AVAIL_6": 4.429840244822665, "CONC_1": 1.3964108505959683, "CONC_2": 6.193190120135106, "CONC_3": 7.86634870777572, "CONC_4": 3.3665301350879306, "CONC_5": 9.93057552574497, "CONC_6": 2.2428498400519334, "FREQ_1": 8.461366155265306, "FREQ_2": 1.4884227605703149, "FREQ_3": 3.165539683744718, "FREQ_4": 2.7177055402128047, "FREQ_5": 9.213664595397512, "FREQ_6": 5.977555526425098, "LETTER_POS_1": 2.08738330166109, "LETTER_POS_2": 9.366178363868793, "LETTER_POS_3": 2.3670996407178446, "LETTER_POS_4": 4.280530964180336, "LETTER_POS_5": 5.129950388833425, "LETTER_POS_6": 8.43918878082133, "OCCUR_1": 7.5047583948924315, "OCCUR_2": 7.880409569588713, "OCCUR_3": 3.2316651104707295, "OCCUR_4": 7.573838830182128, "OCCUR_5": 0.9439233707267924, "OCCUR_6": 8.034137736763642, "PERF_1": 5.034919131015448, "PERF_2": 6.526050915652682, "PERF_3": 1.7987921361300763, "PERF_4": 4.484080503269876, "PERF_5": 0.36955587973565907, "PERF_6": 0.9382365959153949, "kl_stopExplr": 3.542754541201365, "r_stopExplr": 3.0819575387920084}, "datetime": {"datetime": "2022-06-09 16:28:13", "elapsed": 495.343525, "delta": 5.40819}}
{"target": 0.917290673927842, "params": {"AVAIL_1": 4.429195598755202, "AVAIL_2": 0.02943036661788967, "AVAIL_3": 5.297532366381476, "AVAIL_4": 7.301363293176063, "AVAIL_5": 1.999220065534476, "AVAIL_6": 5.466923410651178, "CONC_1": 2.1282558830048934, "CONC_2": 8.167600014793944, "CONC_3": 9.020754470747947, "CONC_4": 5.073070045502895, "CONC_5": 2.7553018702113374, "CONC_6": 2.8008972187238, "FREQ_1": 5.001505274639487, "FREQ_2": 6.702771654757669, "FREQ_3": 6.016579622049668, "FREQ_4": 4.024156173574006, "FREQ_5": 5.535137768323704, "FREQ_6": 8.644442239974456, "LETTER_POS_1": 9.6656868208947, "LETTER_POS_2": 9.64151619941595, "LETTER_POS_3": 4.117713176893347, "LETTER_POS_4": 9.935519752619582, "LETTER_POS_5": 4.673309519324742, "LETTER_POS_6": 6.829363885446603, "OCCUR_1": 3.367577624777227, "OCCUR_2": 4.271278108724447, "OCCUR_3": 2.253830066993995, "OCCUR_4": 9.244949132813478, "OCCUR_5": 1.2911166947088215, "OCCUR_6": 6.5726721791499205, "PERF_1": 6.58107988907487, "PERF_2": 5.414394441726308, "PERF_3": 5.830427692151794, "PERF_4": 5.908804331978299, "PERF_5": 5.36405122469947, "PERF_6": 3.262191159556258, "kl_stopExplr": 4.5162937114784105, "r_stopExplr": 4.168275791497571}, "datetime": {"datetime": "2022-06-09 16:28:31", "elapsed": 513.736273, "delta": 18.392748}}
{"target": 0.9644167278063096, "params": {"AVAIL_1": 0.14035728491820318, "AVAIL_2": 0.0, "AVAIL_3": 0.0, "AVAIL_4": 1.5547369974893863, "AVAIL_5": 0.0, "AVAIL_6": 0.8490567491837617, "CONC_1": 0.0, "CONC_2": 10.0, "CONC_3": 3.080943609789437, "CONC_4": 7.99735725906272, "CONC_5": 2.3830817008594476, "CONC_6": 8.031700507100691, "FREQ_1": 8.083742341233027, "FREQ_2": 5.475968764811193, "FREQ_3": 8.797807459962169, "FREQ_4": 7.427457616362221, "FREQ_5": 8.985550753044366, "FREQ_6": 10.0, "LETTER_POS_1": 4.56348493105177, "LETTER_POS_2": 8.460690196372468, "LETTER_POS_3": 6.592090810965557, "LETTER_POS_4": 3.58148739662051, "LETTER_POS_5": 10.0, "LETTER_POS_6": 9.82559210035567, "OCCUR_1": 3.2537608174342645, "OCCUR_2": 3.3879736582615707, "OCCUR_3": 8.008727066717174, "OCCUR_4": 1.4450026355687964, "OCCUR_5": 4.310071038627559, "OCCUR_6": 8.94938814505466, "PERF_1": 8.640015446365249, "PERF_2": 8.014432531801955, "PERF_3": 10.0, "PERF_4": 0.9896026596154367, "PERF_5": 1.7167156113081457, "PERF_6": 10.0, "kl_stopExplr": 3.0, "r_stopExplr": 3.0}, "datetime": {"datetime": "2022-06-09 16:28:38", "elapsed": 520.366208, "delta": 6.629935}}
{"target": 0.9687625150180216, "params": {"AVAIL_1": 4.3527914844717, "AVAIL_2": 0.0, "AVAIL_3": 1.5797719458237733, "AVAIL_4": 0.0, "AVAIL_5": 1.5489728960492923, "AVAIL_6": 4.554241228151585, "CONC_1": 1.9329959437359203, "CONC_2": 10.0, "CONC_3": 5.677373455437002, "CONC_4": 7.267694445768554, "CONC_5": 3.894473645310769, "CONC_6": 7.545644793462959, "FREQ_1": 10.0, "FREQ_2": 5.343790771678494, "FREQ_3": 3.106191290789195, "FREQ_4": 5.69121663666076, "FREQ_5": 10.0, "FREQ_6": 10.0, "LETTER_POS_1": 3.0125953710814586, "LETTER_POS_2": 8.661888930758472, "LETTER_POS_3": 1.1762874035886361, "LETTER_POS_4": 5.8536248244213525, "LETTER_POS_5": 7.944749662484503, "LETTER_POS_6": 10.0, "OCCUR_1": 10.0, "OCCUR_2": 9.5196163862947, "OCCUR_3": 0.01865636143272248, "OCCUR_4": 0.0, "OCCUR_5": 5.467136639966701, "OCCUR_6": 7.661594465836307, "PERF_1": 0.0, "PERF_2": 1.6478906364967234, "PERF_3": 8.699976162468383, "PERF_4": 0.0, "PERF_5": 0.9673252862630543, "PERF_6": 3.269764776374953, "kl_stopExplr": 3.0, "r_stopExplr": 3.0}, "datetime": {"datetime": "2022-06-09 16:28:44", "elapsed": 526.304859, "delta": 5.938651}}
{"target": 0.9693502247650184, "params": {"AVAIL_1": 4.386800859528731, "AVAIL_2": 2.5725831547821265, "AVAIL_3": 1.3304759633081464, "AVAIL_4": 4.662123566804751, "AVAIL_5": 4.103520710550478, "AVAIL_6": 4.337648718613403, "CONC_1": 0.4360186349616646, "CONC_2": 7.7981949823654, "CONC_3": 7.447967675137037, "CONC_4": 5.186059880839408, "CONC_5": 2.950785285028342, "CONC_6": 8.092111231614583, "FREQ_1": 5.79060045052798, "FREQ_2": 4.8848598456780135, "FREQ_3": 3.3218989197748794, "FREQ_4": 4.358866198024479, "FREQ_5": 4.064585662121457, "FREQ_6": 3.4654717819727776, "LETTER_POS_1": 3.680977059343097, "LETTER_POS_2": 8.078191716354839, "LETTER_POS_3": 5.192121411673152, "LETTER_POS_4": 4.208349678928292, "LETTER_POS_5": 9.18317637716804, "LETTER_POS_6": 7.5442181864237945, "OCCUR_1": 9.773205749843966, "OCCUR_2": 7.131254642571089, "OCCUR_3": 4.496003994010634, "OCCUR_4": 5.637785152515933, "OCCUR_5": 2.0699863133001086, "OCCUR_6": 8.813384753658124, "PERF_1": 3.392342827216325, "PERF_2": 6.101068195786806, "PERF_3": 5.913447403526069, "PERF_4": 3.7826208151861196, "PERF_5": 2.33061878635303, "PERF_6": 2.6095180786129433, "kl_stopExplr": 3.1218193265213268, "r_stopExplr": 3.6871087402831475}, "datetime": {"datetime": "2022-06-09 16:28:49", "elapsed": 531.159253, "delta": 4.854394}}
{"target": 0.9545454545454546, "params": {"AVAIL_1": 5.626322479468119, "AVAIL_2": 3.552701260607173, "AVAIL_3": 7.710294255626771, "AVAIL_4": 5.642915681177386, "AVAIL_5": 4.608327945955627, "AVAIL_6": 0.9648867354497326, "CONC_1": 1.9448155904231612, "CONC_2": 8.800727686163128, "CONC_3": 4.233176908273046, "CONC_4": 3.8280444737527963, "CONC_5": 7.522369629077131, "CONC_6": 5.80826868264762, "FREQ_1": 8.115020840828649, "FREQ_2": 8.843486423131603, "FREQ_3": 9.110452999698062, "FREQ_4": 2.2427275206100115, "FREQ_5": 6.165461134296441, "FREQ_6": 4.029688622821932, "LETTER_POS_1": 8.894151755716937, "LETTER_POS_2": 4.482003798834472, "LETTER_POS_3": 2.2674038464969337, "LETTER_POS_4": 6.081806777385264, "LETTER_POS_5": 9.949647485628287, "LETTER_POS_6": 2.098190256600131, "OCCUR_1": 7.673813680402564, "OCCUR_2": 4.900346790871702, "OCCUR_3": 4.461560147661935, "OCCUR_4": 5.225822133336665, "OCCUR_5": 6.325166943226139, "OCCUR_6": 6.269282545691875, "PERF_1": 6.36167465053605, "PERF_2": 1.5720418398084801, "PERF_3": 2.2357440069044463, "PERF_4": 6.157455824063777, "PERF_5": 0.25186950143466724, "PERF_6": 5.046724280232935, "kl_stopExplr": 3.7472362991322195, "r_stopExplr": 4.308750425358557}, "datetime": {"datetime": "2022-06-09 16:28:54", "elapsed": 536.374773, "delta": 5.21552}}
{"target": 0.9658634538152611, "params": {"AVAIL_1": 3.2107777298361704, "AVAIL_2": 0.8812644965825744, "AVAIL_3": 1.2081609921434033, "AVAIL_4": 6.781246035462539, "AVAIL_5": 9.391075552309314, "AVAIL_6": 4.845347789582808, "CONC_1": 0.4199666077570119, "CONC_2": 7.462753696894452, "CONC_3": 6.419732406743417, "CONC_4": 1.5210233783296034, "CONC_5": 7.493405748363628, "CONC_6": 9.313747126803259, "FREQ_1": 1.5562377072690259, "FREQ_2": 6.871644230079951, "FREQ_3": 3.214307074593953, "FREQ_4": 2.1980042342277284, "FREQ_5": 3.777301846123129, "FREQ_6": 3.2228553868985257, "LETTER_POS_1": 4.263497855882803, "LETTER_POS_2": 9.976110305197496, "LETTER_POS_3": 2.6077776555147625, "LETTER_POS_4": 1.4197802247846258, "LETTER_POS_5": 7.919721599173306, "LETTER_POS_6": 3.9844487508942894, "OCCUR_1": 9.06629558302088, "OCCUR_2": 7.585851709913788, "OCCUR_3": 3.2806259733351206, "OCCUR_4": 5.922909485060438, "OCCUR_5": 5.24195363176442, "OCCUR_6": 9.083134816990526, "PERF_1": 6.513516266608823, "PERF_2": 5.585318400343359, "PERF_3": 8.316436737641782, "PERF_4": 3.7826199841144126, "PERF_5": 4.395154783587715, "PERF_6": 4.853129026267229, "kl_stopExplr": 3.672106027168053, "r_stopExplr": 3.9241483656709413}, "datetime": {"datetime": "2022-06-09 16:28:59", "elapsed": 541.468113, "delta": 5.09334}}
{"target": 0.9343012704174228, "params": {"AVAIL_1": 5.31356144690879, "AVAIL_2": 4.051389469517646, "AVAIL_3": 2.6452159313079484, "AVAIL_4": 5.06648104497431, "AVAIL_5": 4.899469970552477, "AVAIL_6": 8.377225110119944, "CONC_1": 5.563183480606446, "CONC_2": 1.7673001872200433, "CONC_3": 6.392340451255566, "CONC_4": 5.623355584224978, "CONC_5": 3.5791858653302144, "CONC_6": 7.617466793247456, "FREQ_1": 4.919000492871735, "FREQ_2": 3.156413081449758, "FREQ_3": 6.265701950496, "FREQ_4": 4.403202809617651, "FREQ_5": 6.322532413638716, "FREQ_6": 4.714250607202596, "LETTER_POS_1": 2.8179767332865904, "LETTER_POS_2": 9.777781290767853, "LETTER_POS_3": 5.570304951658045, "LETTER_POS_4": 0.9829351219641957, "LETTER_POS_5": 7.411614879493829, "LETTER_POS_6": 7.831282705765904, "OCCUR_1": 5.942792842949211, "OCCUR_2": 4.344823941794253, "OCCUR_3": 8.239448949393047, "OCCUR_4": 4.0253706656039245, "OCCUR_5": 0.2148232594392896, "OCCUR_6": 9.9669650534055, "PERF_1": 1.1680814701316367, "PERF_2": 9.480872904993362, "PERF_3": 6.360845912143047, "PERF_4": 6.263710156647173, "PERF_5": 1.943794638273405, "PERF_6": 2.777977576066454, "kl_stopExplr": 3.3427882629233343, "r_stopExplr": 3.526227325783699}, "datetime": {"datetime": "2022-06-09 16:29:05", "elapsed": 547.634624, "delta": 6.166511}}
{"target": 0.9681938659598637, "params": {"AVAIL_1": 3.494139885933467, "AVAIL_2": 0.0, "AVAIL_3": 0.0, "AVAIL_4": 4.843144765365659, "AVAIL_5": 8.840768991919774, "AVAIL_6": 3.858549818955471, "CONC_1": 0.0, "CONC_2": 10.0, "CONC_3": 9.334737849938929, "CONC_4": 7.25210553634863, "CONC_5": 9.048785712601596, "CONC_6": 10.0, "FREQ_1": 7.538348617092969, "FREQ_2": 8.05445345732768, "FREQ_3": 7.333178978260634, "FREQ_4": 4.173337869366689, "FREQ_5": 9.649693890635291, "FREQ_6": 7.9529704052532475, "LETTER_POS_1": 7.418798932507665, "LETTER_POS_2": 9.543494080225848, "LETTER_POS_3": 1.3670475532818034, "LETTER_POS_4": 1.521363993774111, "LETTER_POS_5": 10.0, "LETTER_POS_6": 8.087139843949874, "OCCUR_1": 10.0, "OCCUR_2": 5.114581238489585, "OCCUR_3": 2.8507458545925104, "OCCUR_4": 2.0031210906818595, "OCCUR_5": 3.1681355611712214, "OCCUR_6": 10.0, "PERF_1": 8.856827350300737, "PERF_2": 7.626525178072504, "PERF_3": 7.994867262653758, "PERF_4": 5.51048586579544, "PERF_5": 2.043576365939717, "PERF_6": 2.1759536845990706, "kl_stopExplr": 3.0, "r_stopExplr": 3.0}, "datetime": {"datetime": "2022-06-09 16:29:11", "elapsed": 553.653046, "delta": 6.018422}}
{"target": 0.9713478611783697, "params": {"AVAIL_1": 2.269386383482003, "AVAIL_2": 0.0, "AVAIL_3": 0.0, "AVAIL_4": 0.4719562756594464, "AVAIL_5": 9.059488697794343, "AVAIL_6": 10.0, "CONC_1": 1.0240807052480103, "CONC_2": 10.0, "CONC_3": 4.6248285669595965, "CONC_4": 8.235910253667821, "CONC_5": 0.0, "CONC_6": 9.915041407445239, "FREQ_1": 7.419189614603346, "FREQ_2": 3.235765002491199, "FREQ_3": 3.9050125244823675, "FREQ_4": 2.498312958248468, "FREQ_5": 8.564321296976978, "FREQ_6": 3.1297429992545074, "LETTER_POS_1": 6.183941286165007, "LETTER_POS_2": 10.0, "LETTER_POS_3": 2.383271671067077, "LETTER_POS_4": 3.266540041587182, "LETTER_POS_5": 10.0, "LETTER_POS_6": 8.59792300209249, "OCCUR_1": 9.169160849099374, "OCCUR_2": 7.880641368577892, "OCCUR_3": 3.2908231186590418, "OCCUR_4": 2.5113589708692183, "OCCUR_5": 6.7689296762014575, "OCCUR_6": 10.0, "PERF_1": 7.0593605161569934, "PERF_2": 10.0, "PERF_3": 10.0, "PERF_4": 1.0907335634841575, "PERF_5": 10.0, "PERF_6": 4.28152631539929, "kl_stopExplr": 3.0, "r_stopExplr": 3.0}, "datetime": {"datetime": "2022-06-09 16:29:17", "elapsed": 559.474436, "delta": 5.82139}}
{"target": 0.9719312945119397, "params": {"AVAIL_1": 3.830935729826238, "AVAIL_2": 0.0, "AVAIL_3": 0.0, "AVAIL_4": 4.070888551613695, "AVAIL_5": 4.27412974759586, "AVAIL_6": 0.0, "CONC_1": 0.0, "CONC_2": 10.0, "CONC_3": 8.205244030809224, "CONC_4": 4.010144437816505, "CONC_5": 7.048244355052346, "CONC_6": 10.0, "FREQ_1": 9.212380652359382, "FREQ_2": 6.908105283885526, "FREQ_3": 9.862749295481237, "FREQ_4": 0.8895418645493451, "FREQ_5": 5.753513994556616, "FREQ_6": 3.531356088163059, "LETTER_POS_1": 6.999902649954928, "LETTER_POS_2": 9.495898633340223, "LETTER_POS_3": 4.222775072727406, "LETTER_POS_4": 7.153322257962063, "LETTER_POS_5": 10.0, "LETTER_POS_6": 3.734263120997836, "OCCUR_1": 7.757925404392525, "OCCUR_2": 10.0, "OCCUR_3": 1.5904413671004523, "OCCUR_4": 2.591338205961293, "OCCUR_5": 10.0, "OCCUR_6": 10.0, "PERF_1": 10.0, "PERF_2": 2.9144709857510573, "PERF_3": 10.0, "PERF_4": 0.361509811638771, "PERF_5": 4.900641518250057, "PERF_6": 5.756594509789615, "kl_stopExplr": 3.0, "r_stopExplr": 4.152300696456877}, "datetime": {"datetime": "2022-06-09 16:29:23", "elapsed": 565.609104, "delta": 6.134668}}
{"target": 0.9663596315578694, "params": {"AVAIL_1": 0.6017319525114551, "AVAIL_2": 0.5040935154768933, "AVAIL_3": 2.150949292665688, "AVAIL_4": 2.416072210502418, "AVAIL_5": 4.136002641636151, "AVAIL_6": 2.705836443985029, "CONC_1": 1.3070144522646165, "CONC_2": 9.344145257890188, "CONC_3": 8.436993283618845, "CONC_4": 6.536827940249596, "CONC_5": 2.0018559400287286, "CONC_6": 7.009291021022229, "FREQ_1": 5.690681521076727, "FREQ_2": 5.587298323166181, "FREQ_3": 1.2039267044522217, "FREQ_4": 5.234903696294667, "FREQ_5": 9.430702624398815, "FREQ_6": 9.523305751351241, "LETTER_POS_1": 7.257114605111447, "LETTER_POS_2": 8.967104950624591, "LETTER_POS_3": 3.3601408577126044, "LETTER_POS_4": 4.766104192505981, "LETTER_POS_5": 8.295934567634681, "LETTER_POS_6": 4.936944805925242, "OCCUR_1": 1.1446576289473676, "OCCUR_2": 8.359602674353162, "OCCUR_3": 3.5286993285799584, "OCCUR_4": 5.496988184778769, "OCCUR_5": 3.2116397775765027, "OCCUR_6": 2.972364842477261, "PERF_1": 0.4716523521722271, "PERF_2": 5.583934445516887, "PERF_3": 4.561693673230018, "PERF_4": 1.2564057950314822, "PERF_5": 0.46668847112962375, "PERF_6": 3.44305215094713, "kl_stopExplr": 3.061086876874028, "r_stopExplr": 4.071746886005876}, "datetime": {"datetime": "2022-06-09 16:29:28", "elapsed": 570.651219, "delta": 5.042115}}
{"target": 0.9352627570449352, "params": {"AVAIL_1": 1.0473882848195204, "AVAIL_2": 0.8653595890247923, "AVAIL_3": 0.7739015941040717, "AVAIL_4": 4.486708972094135, "AVAIL_5": 2.9557894863510215, "AVAIL_6": 9.110730470532797, "CONC_1": 3.3267928514151155, "CONC_2": 5.885788493096165, "CONC_3": 6.779331739017746, "CONC_4": 6.537320556583838, "CONC_5": 2.442292657124433, "CONC_6": 7.527983480523216, "FREQ_1": 8.97884744882844, "FREQ_2": 8.132803177060632, "FREQ_3": 0.9435272002075712, "FREQ_4": 5.823557347418537, "FREQ_5": 8.210632621559359, "FREQ_6": 6.864878257196843, "LETTER_POS_1": 6.536151793976115, "LETTER_POS_2": 8.929971557978222, "LETTER_POS_3": 0.2598644549677731, "LETTER_POS_4": 5.317663211748071, "LETTER_POS_5": 4.42160592474742, "LETTER_POS_6": 5.023476004952264, "OCCUR_1": 3.2773927191290255, "OCCUR_2": 5.743990529751751, "OCCUR_3": 2.804170039090208, "OCCUR_4": 8.41706721923321, "OCCUR_5": 6.86787592504139, "OCCUR_6": 6.057624570419621, "PERF_1": 2.2224714571973125, "PERF_2": 6.6425289977871325, "PERF_3": 2.8819946125642018, "PERF_4": 0.7006083753084202, "PERF_5": 2.144560673462573, "PERF_6": 0.35899844951607474, "kl_stopExplr": 4.618759707446982, "r_stopExplr": 3.3093102954554605}, "datetime": {"datetime": "2022-06-09 16:29:43", "elapsed": 585.808415, "delta": 15.157196}}
{"target": 0.9430864647938708, "params": {"AVAIL_1": 0.6666599297504636, "AVAIL_2": 0.0, "AVAIL_3": 0.0, "AVAIL_4": 3.3553036997058237, "AVAIL_5": 9.29552640785107, "AVAIL_6": 3.636677182805023, "CONC_1": 0.7448866933953115, "CONC_2": 7.059831982754946, "CONC_3": 10.0, "CONC_4": 0.8257177547632574, "CONC_5": 4.469748766828056, "CONC_6": 10.0, "FREQ_1": 4.711891007196873, "FREQ_2": 0.7813188978519092, "FREQ_3": 0.0, "FREQ_4": 5.207818722450332, "FREQ_5": 8.43199390840104, "FREQ_6": 10.0, "LETTER_POS_1": 0.0, "LETTER_POS_2": 10.0, "LETTER_POS_3": 6.144430516293691, "LETTER_POS_4": 6.052089572098652, "LETTER_POS_5": 10.0, "LETTER_POS_6": 10.0, "OCCUR_1": 10.0, "OCCUR_2": 10.0, "OCCUR_3": 0.5440726083291167, "OCCUR_4": 6.240476340837147, "OCCUR_5": 0.0, "OCCUR_6": 6.912319098474342, "PERF_1": 7.250769771138859, "PERF_2": 10.0, "PERF_3": 10.0, "PERF_4": 1.684578118578168, "PERF_5": 0.5006528464031438, "PERF_6": 0.0, "kl_stopExplr": 3.0, "r_stopExplr": 3.0}, "datetime": {"datetime": "2022-06-09 16:29:50", "elapsed": 592.44823, "delta": 6.639815}}
{"target": 0.9737171464330413, "params": {"AVAIL_1": 4.551806084937551, "AVAIL_2": 0.0, "AVAIL_3": 0.0, "AVAIL_4": 6.685088838374745, "AVAIL_5": 7.631231899780541, "AVAIL_6": 2.6038394095182893, "CONC_1": 0.0, "CONC_2": 10.0, "CONC_3": 9.371229792286902, "CONC_4": 9.201021474800603, "CONC_5": 3.1308009112167663, "CONC_6": 8.666785794134555, "FREQ_1": 7.687283314517422, "FREQ_2": 9.093772600373649, "FREQ_3": 7.931105530211984, "FREQ_4": 8.138944701490328, "FREQ_5": 3.861197505027449, "FREQ_6": 9.175022163082943, "LETTER_POS_1": 8.043709625624045, "LETTER_POS_2": 10.0, "LETTER_POS_3": 5.268092442016296, "LETTER_POS_4": 0.8448109886807831, "LETTER_POS_5": 10.0, "LETTER_POS_6": 8.801377049679195, "OCCUR_1": 0.48974999519477885, "OCCUR_2": 8.5645879018453, "OCCUR_3": 4.84981064074146, "OCCUR_4": 0.0, "OCCUR_5": 5.72082708420151, "OCCUR_6": 10.0, "PERF_1": 0.0, "PERF_2": 10.0, "PERF_3": 10.0, "PERF_4": 0.0, "PERF_5": 8.816727821499097, "PERF_6": 6.3305992002718, "kl_stopExplr": 3.0, "r_stopExplr": 3.0754867638982852}, "datetime": {"datetime": "2022-06-09 16:29:56", "elapsed": 598.230022, "delta": 5.781792}}
{"target": 0.832933653077538, "params": {"AVAIL_1": 6.1268082208938015, "AVAIL_2": 6.637219550631446, "AVAIL_3": 2.0702924219742656, "AVAIL_4": 6.421256705505408, "AVAIL_5": 8.590934242126755, "AVAIL_6": 5.114629177451478, "CONC_1": 3.72702586268102, "CONC_2": 0.6420584515037997, "CONC_3": 5.5149714857258445, "CONC_4": 1.248346657341799, "CONC_5": 0.7087678715519607, "CONC_6": 4.171273261674662, "FREQ_1": 7.8628769035214585, "FREQ_2": 7.255074371964674, "FREQ_3": 8.595698127543308, "FREQ_4": 8.129717874500265, "FREQ_5": 6.1868611331841015, "FREQ_6": 5.578861736422198, "LETTER_POS_1": 8.073818554510146, "LETTER_POS_2": 9.677554656582146, "LETTER_POS_3": 3.8974980116145885, "LETTER_POS_4": 0.8372361369780168, "LETTER_POS_5": 3.203376648995725, "LETTER_POS_6": 2.952379246861211, "OCCUR_1": 1.7824038760827898, "OCCUR_2": 5.851315951007988, "OCCUR_3": 2.049581741999721, "OCCUR_4": 3.214842032636284, "OCCUR_5": 9.351360781708415, "OCCUR_6": 3.779546639753523, "PERF_1": 1.3961996442746827, "PERF_2": 1.995337096941605, "PERF_3": 4.8644343537792665, "PERF_4": 2.9953700587944287, "PERF_5": 2.6709625783934934, "PERF_6": 2.089483826888273, "kl_stopExplr": 4.076833723795955, "r_stopExplr": 3.918001190966039}, "datetime": {"datetime": "2022-06-09 16:30:11", "elapsed": 613.564936, "delta": 15.334914}}
