{"target": 0.9484915378955114, "params": {"AVAIL_1": 6.685328930274864, "AVAIL_2": 8.867386083655534, "AVAIL_3": 0.6189905826651587, "AVAIL_4": 5.368418195768932, "AVAIL_5": 4.5332969459340315, "AVAIL_6": 4.456370476664569, "CONC_1": 3.1858205510472883, "CONC_2": 9.62054088012671, "CONC_3": 7.922005471406278, "CONC_4": 7.184197295948107, "CONC_5": 2.1323592860819085, "CONC_6": 6.576123914611232, "FREQ_1": 0.6257657710220721, "FREQ_2": 5.500722800976812, "FREQ_3": 0.09433117239053934, "FREQ_4": 5.466533255531306, "FREQ_5": 8.421720797413675, "FREQ_6": 8.392238674074889, "LETTER_POS_1": 2.9018298913667486, "LETTER_POS_2": 5.416749821840538, "LETTER_POS_3": 0.5831152645298165, "LETTER_POS_4": 9.236017416599354, "LETTER_POS_5": 9.097298018612438, "LETTER_POS_6": 3.463342307727716, "OCCUR_1": 3.8230739878264086, "OCCUR_2": 1.2770796627294445, "OCCUR_3": 7.107158765532487, "OCCUR_4": 0.7490730006411672, "OCCUR_5": 0.2265520104625829, "OCCUR_6": 8.15414345507646, "PERF_1": 8.532977646153313, "PERF_2": 4.515969000583602, "PERF_3": 0.3307442972963792, "PERF_4": 5.026658315314473, "PERF_5": 1.26069078638265, "PERF_6": 6.6427165581097825, "kl_stopExplr": 3.4640606714307003, "r_stopExplr": 3.552962949890558}, "datetime": {"datetime": "2022-06-09 16:26:32", "elapsed": 394.066263, "delta": 5.454627}}
{"target": 0.971266693646297, "params": {"AVAIL_1": 3.3398717836917613, "AVAIL_2": 0.6026431705540657, "AVAIL_3": 4.050331204332461, "AVAIL_4": 5.0143945756427595, "AVAIL_5": 3.553195179690692, "AVAIL_6": 1.8588820546354758, "CONC_1": 0.0, "CONC_2": 9.149137708360081, "CONC_3": 8.645164798362089, "CONC_4": 7.122169305317843, "CONC_5": 4.412590235362147, "CONC_6": 5.04560425160844, "FREQ_1": 6.9732708379694905, "FREQ_2": 4.063817843571086, "FREQ_3": 4.408208973025548, "FREQ_4": 5.371977934010547, "FREQ_5": 6.675915549848581, "FREQ_6": 10.0, "LETTER_POS_1": 6.443990796022329, "LETTER_POS_2": 5.943231173068667, "LETTER_POS_3": 3.189851237648988, "LETTER_POS_4": 5.7024569537388565, "LETTER_POS_5": 8.2952206067066, "LETTER_POS_6": 6.488863641704349, "OCCUR_1": 3.0021895562285303, "OCCUR_2": 4.882998487710824, "OCCUR_3": 2.7544747314909204, "OCCUR_4": 5.111833038115479, "OCCUR_5": 3.0053833717779215, "OCCUR_6": 6.083391045778816, "PERF_1": 7.664272422317116, "PERF_2": 5.09630404638619, "PERF_3": 7.797352584171114, "PERF_4": 0.27894050130008424, "PERF_5": 4.056782243077509, "PERF_6": 2.6883810915066646, "kl_stopExplr": 3.0, "r_stopExplr": 3.948074423885628}, "datetime": {"datetime": "2022-06-09 16:26:37", "elapsed": 399.26938, "delta": 5.203117}}
{"target": 0.8978102189781022, "params": {"AVAIL_1": 5.106405263286834, "AVAIL_2": 3.2095433410591734, "AVAIL_3": 4.744546690928466, "AVAIL_4": 7.450828902823927, "AVAIL_5": 3.4920573918926143, "AVAIL_6": 1.6534149248259011, "CONC_1": 3.7494138520311138, "CONC_2": 0.2347977135098045, "CONC_3": 7.05485497609299, "CONC_4": 5.492111324810292, "CONC_5": 5.369964851419842, "CONC_6": 2.417186546903054, "FREQ_1": 3.887885145738429, "FREQ_2": 8.126976559311354, "FREQ_3": 2.255279163310223, "FREQ_4": 8.951478268635755, "FREQ_5": 6.208663803666948, "FREQ_6": 3.5030397722091955, "LETTER_POS_1": 9.72663579759547, "LETTER_POS_2": 6.379689456174129, "LETTER_POS_3": 1.5132057012280509, "LETTER_POS_4": 1.6718101635913207, "LETTER_POS_5": 3.2999247271187104, "LETTER_POS_6": 5.905584311156266, "OCCUR_1": 4.110799934286219, "OCCUR_2": 4.857496386204314, "OCCUR_3": 5.526396183402957, "OCCUR_4": 1.3453770248379082, "OCCUR_5": 9.694850633041693, "OCCUR_6": 4.407599257027309, "PERF_1": 2.8337934541460905, "PERF_2": 1.7857295394374184, "PERF_3": 2.86052583069889, "PERF_4": 3.060420526067087, "PERF_5": 8.331042221777118, "PERF_6": 3.5025882380848095, "kl_stopExplr": 3.8717039403196245, "r_stopExplr": 3.6698423897413575}, "datetime": {"datetime": "2022-06-09 16:26:42", "elapsed": 404.195519, "delta": 4.926139}}
{"target": 0.96579476861167, "params": {"AVAIL_1": 2.4714612414717947, "AVAIL_2": 0.0, "AVAIL_3": 1.7246931802226226, "AVAIL_4": 3.480278622563591, "AVAIL_5": 5.973522906526057, "AVAIL_6": 4.051758946220089, "CONC_1": 0.0, "CONC_2": 9.290372937406575, "CONC_3": 7.452218954783736, "CONC_4": 10.0, "CONC_5": 0.25426968613478723, "CONC_6": 8.246306154202326, "FREQ_1": 9.124988046442809, "FREQ_2": 0.7976541835426414, "FREQ_3": 0.8320603160232503, "FREQ_4": 2.8004763017957974, "FREQ_5": 8.33337603353467, "FREQ_6": 10.0, "LETTER_POS_1": 9.586355882807355, "LETTER_POS_2": 3.1417255876106043, "LETTER_POS_3": 1.2391578658508147, "LETTER_POS_4": 3.4530097438193534, "LETTER_POS_5": 5.432106026590928, "LETTER_POS_6": 5.7612641955705035, "OCCUR_1": 7.039196668237434, "OCCUR_2": 5.414005772967989, "OCCUR_3": 3.0022596237713577, "OCCUR_4": 5.242774959993264, "OCCUR_5": 7.806038105220965, "OCCUR_6": 3.9890376750394214, "PERF_1": 5.359142335411535, "PERF_2": 5.977866505606502, "PERF_3": 6.585244584768918, "PERF_4": 0.0, "PERF_5": 4.869804413351749, "PERF_6": 0.0, "kl_stopExplr": 3.0, "r_stopExplr": 3.6111446721704463}, "datetime": {"datetime": "2022-06-09 16:26:48", "elapsed": 410.260175, "delta": 6.064656}}
{"target": 0.9475931677018633, "params": {"AVAIL_1": 5.715010811101342, "AVAIL_2": 8.479902162046713, "AVAIL_3": 2.280495056065386, "AVAIL_4": 6.055637537245097, "AVAIL_5": 4.056435156402008, "AVAIL_6": 5.162588361617909, "CONC_1": 0.7115542435043332, "CONC_2": 2.711135314728017, "CONC_3": 6.38513757801352, "CONC_4": 5.489384347806572, "CONC_5": 2.862116467521345, "CONC_6": 2.5966678202175455, "FREQ_1": 4.099366892186904, "FREQ_2": 9.985777660066265, "FREQ_3": 9.932824979897612, "FREQ_4": 8.792042518163683, "FREQ_5": 6.683350036182142, "FREQ_6": 9.131342543202901, "LETTER_POS_1": 2.8746689142453463, "LETTER_POS_2": 7.428136013223112, "LETTER_POS_3": 0.6604743292575643, "LETTER_POS_4": 8.400787759057891, "LETTER_POS_5": 4.837055586629248, "LETTER_POS_6": 2.5924689088116235, "OCCUR_1": 2.3152668981274385, "OCCUR_2": 2.0904970878215434, "OCCUR_3": 0.16810753706048231, "OCCUR_4": 2.5807991863369684, "OCCUR_5": 7.629945498063314, "OCCUR_6": 5.290660081132944, "PERF_1": 8.434241893604872, "PERF_2": 3.4668747001042375, "PERF_3": 3.697076810915619, "PERF_4": 3.0382333526629433, "PERF_5": 3.5367139367442038, "PERF_6": 9.076375560801193, "kl_stopExplr": 3.4505573219370844, "r_stopExplr": 3.1361657505205}, "datetime": {"datetime": "2022-06-09 16:26:53", "elapsed": 415.554436, "delta": 5.294261}}
{"target": 0.9002748331370239, "params": {"AVAIL_1": 5.100871452529859, "AVAIL_2": 7.7422740582798255, "AVAIL_3": 5.3728608700117775, "AVAIL_4": 6.02126261414691, "AVAIL_5": 0.2155883716739737, "AVAIL_6": 0.4946701954629995, "CONC_1": 2.093584102098575, "CONC_2": 1.5891619186460282, "CONC_3": 9.389764099528529, "CONC_4": 5.362727163654207, "CONC_5": 5.5052417192461505, "CONC_6": 4.411223382363484, "FREQ_1": 5.507828467920447, "FREQ_2": 1.0684582865334802, "FREQ_3": 4.017082285240447, "FREQ_4": 1.3339592486039398, "FREQ_5": 3.316641599339408, "FREQ_6": 7.6710735541487995, "LETTER_POS_1": 1.726706450951876, "LETTER_POS_2": 2.558126820756504, "LETTER_POS_3": 3.603929459977243, "LETTER_POS_4": 1.0151415886038906, "LETTER_POS_5": 7.582658773954547, "LETTER_POS_6": 6.614378361880856, "OCCUR_1": 1.2150106864507504, "OCCUR_2": 4.525834516676017, "OCCUR_3": 2.7043711632650713, "OCCUR_4": 5.198316422440225, "OCCUR_5": 2.435061336610901, "OCCUR_6": 5.420610092949399, "PERF_1": 5.613929046596059, "PERF_2": 8.815748369711528, "PERF_3": 4.750206890584844, "PERF_4": 2.3077666162053156, "PERF_5": 0.989963114979594, "PERF_6": 2.996613555210814, "kl_stopExplr": 3.603755510788542, "r_stopExplr": 4.22488727292166}, "datetime": {"datetime": "2022-06-09 16:26:59", "elapsed": 421.652748, "delta": 6.098312}}
{"target": 0.9643660915228808, "params": {"AVAIL_1": 3.8703522858807524, "AVAIL_2": 0.26793093549975944, "AVAIL_3": 1.9246509053230898, "AVAIL_4": 3.0684280949824005, "AVAIL_5": 7.772191930861636, "AVAIL_6": 8.47337480711079, "CONC_1": 4.744448520855, "CONC_2": 6.690328243544777, "CONC_3": 4.442047396881343, "CONC_4": 8.038851261615807, "CONC_5": 3.1091234869840036, "CONC_6": 3.3597314112148355, "FREQ_1": 7.9631064372594915, "FREQ_2": 5.191848969786498, "FREQ_3": 5.531897758333316, "FREQ_4": 3.6117814306148266, "FREQ_5": 6.08406147843601, "FREQ_6": 2.758913338071831, "LETTER_POS_1": 8.84649645609647, "LETTER_POS_2": 4.902810237068541, "LETTER_POS_3": 1.751661304258384, "LETTER_POS_4": 3.8292965097866705, "LETTER_POS_5": 1.924188599286737, "LETTER_POS_6": 1.553907873710716, "OCCUR_1": 4.107344866053402, "OCCUR_2": 1.1570218710846647, "OCCUR_3": 1.8545415620777794, "OCCUR_4": 3.3936629201685484, "OCCUR_5": 7.447971356793236, "OCCUR_6": 9.562208822904566, "PERF_1": 5.731374463434103, "PERF_2": 9.524238662065112, "PERF_3": 4.784519202402564, "PERF_4": 5.202850369620501, "PERF_5": 7.789284740559362, "PERF_6": 8.16057699488628, "kl_stopExplr": 3.5659403399758105, "r_stopExplr": 3.444641883956094}, "datetime": {"datetime": "2022-06-09 16:27:04", "elapsed": 426.788298, "delta": 5.13555}}
{"target": 0.9558648111332008, "params": {"AVAIL_1": 2.4801222394147517, "AVAIL_2": 2.887880265946381, "AVAIL_3": 3.168671186831059, "AVAIL_4": 5.318717924588537, "AVAIL_5": 7.25551100161246, "AVAIL_6": 1.5406947183290198, "CONC_1": 1.8132201330638742, "CONC_2": 9.847959088511058, "CONC_3": 5.153273873829108, "CONC_4": 5.0317386477277415, "CONC_5": 5.1765455248723, "CONC_6": 3.495716027905762, "FREQ_1": 6.293797118629604, "FREQ_2": 3.6314584337294056, "FREQ_3": 4.852640168203139, "FREQ_4": 3.7218815793053563, "FREQ_5": 6.443566755278264, "FREQ_6": 7.386558410950626, "LETTER_POS_1": 3.1350669943531018, "LETTER_POS_2": 9.140705587886917, "LETTER_POS_3": 1.2685551762417246, "LETTER_POS_4": 4.516667808450521, "LETTER_POS_5": 7.482271918105816, "LETTER_POS_6": 6.9069626512819315, "OCCUR_1": 7.406177319016591, "OCCUR_2": 8.368472557315803, "OCCUR_3": 5.075126254881477, "OCCUR_4": 6.56624739320908, "OCCUR_5": 4.218472376947766, "OCCUR_6": 9.579721198701316, "PERF_1": 5.724742643754237, "PERF_2": 3.9248087411034183, "PERF_3": 3.120338026345315, "PERF_4": 2.5402255196882773, "PERF_5": 1.3004046226271937, "PERF_6": 3.5614808525289057, "kl_stopExplr": 3.8375554092251734, "r_stopExplr": 4.7250678829119295}, "datetime": {"datetime": "2022-06-09 16:27:09", "elapsed": 431.781459, "delta": 4.993161}}
{"target": 0.9085534095388254, "params": {"AVAIL_1": 2.6918186330342966, "AVAIL_2": 9.013541472817892, "AVAIL_3": 2.5546242135843777, "AVAIL_4": 1.0892089205779443, "AVAIL_5": 4.464653975769599, "AVAIL_6": 4.737236783750857, "CONC_1": 2.3525202321602157, "CONC_2": 1.637362755354933, "CONC_3": 7.674303791283462, "CONC_4": 5.172524146592888, "CONC_5": 4.0572495406207265, "CONC_6": 3.487031718115828, "FREQ_1": 4.576791122260149, "FREQ_2": 9.5144283932819, "FREQ_3": 8.646204435754804, "FREQ_4": 5.5078485054053665, "FREQ_5": 7.539690543494039, "FREQ_6": 4.345228830196543, "LETTER_POS_1": 3.7853982811340114, "LETTER_POS_2": 9.317768244786203, "LETTER_POS_3": 0.6250942805740134, "LETTER_POS_4": 8.26538265995169, "LETTER_POS_5": 7.099616954116548, "LETTER_POS_6": 6.897817085313692, "OCCUR_1": 1.4292112224854514, "OCCUR_2": 5.944704256910418, "OCCUR_3": 5.360052387512644, "OCCUR_4": 3.0813288813184947, "OCCUR_5": 3.185231474493533, "OCCUR_6": 4.482891874981634, "PERF_1": 9.458146392360478, "PERF_2": 2.9171138784047312, "PERF_3": 5.141212353754141, "PERF_4": 7.1271932515225425, "PERF_5": 3.6764085834819307, "PERF_6": 7.39472783066558, "kl_stopExplr": 3.738709487216494, "r_stopExplr": 4.172139619942122}, "datetime": {"datetime": "2022-06-09 16:27:15", "elapsed": 437.165892, "delta": 5.384433}}
{"target": 0.9655032467532467, "params": {"AVAIL_1": 3.76835987379061, "AVAIL_2": 1.3121733499579458, "AVAIL_3": 3.8039299952616465, "AVAIL_4": 4.163789814392466, "AVAIL_5": 2.275423187836585, "AVAIL_6": 3.5320986909475782, "CONC_1": 2.0613702923504262, "CONC_2": 6.9958723738899256, "CONC_3": 4.560055344313767, "CONC_4": 3.8989747180435863, "CONC_5": 4.335607771067115, "CONC_6": 7.441890732456625, "FREQ_1": 5.8325768045791335, "FREQ_2": 7.849798770563017, "FREQ_3": 6.885059348330982, "FREQ_4": 5.412207788356259, "FREQ_5": 4.870509835633683, "FREQ_6": 6.513302540347573, "LETTER_POS_1": 6.4255172372151, "LETTER_POS_2": 8.319498558618461, "LETTER_POS_3": 3.876788835468614, "LETTER_POS_4": 4.115138079035791, "LETTER_POS_5": 9.182764654588471, "LETTER_POS_6": 4.086634452643871, "OCCUR_1": 9.698737821953308, "OCCUR_2": 5.0330283463327286, "OCCUR_3": 3.630519010751093, "OCCUR_4": 6.2098760364897485, "OCCUR_5": 4.791693695859912, "OCCUR_6": 6.468966693215061, "PERF_1": 4.495884230842977, "PERF_2": 1.174869969947232, "PERF_3": 4.778352132128348, "PERF_4": 1.488422871318843, "PERF_5": 1.4475297960078137, "PERF_6": 5.399393992694835, "kl_stopExplr": 3.4735719112134786, "r_stopExplr": 3.574699507630439}, "datetime": {"datetime": "2022-06-09 16:27:20", "elapsed": 442.280493, "delta": 5.114601}}
{"target": 0.9665161775771257, "params": {"AVAIL_1": 3.333530154776458, "AVAIL_2": 0.0, "AVAIL_3": 0.040052903346347785, "AVAIL_4": 3.310277934644805, "AVAIL_5": 4.887530437355433, "AVAIL_6": 4.736190708906338, "CONC_1": 0.0, "CONC_2": 10.0, "CONC_3": 5.566749706816404, "CONC_4": 8.845171327847902, "CONC_5": 0.9949003929286561, "CONC_6": 3.221081193988942, "FREQ_1": 9.077139120962824, "FREQ_2": 6.916535072071059, "FREQ_3": 7.796925097208554, "FREQ_4": 6.812943932294643, "FREQ_5": 6.704532324691907, "FREQ_6": 9.714662092932555, "LETTER_POS_1": 9.096314122162482, "LETTER_POS_2": 9.49052771651597, "LETTER_POS_3": 0.805478675755958, "LETTER_POS_4": 4.209753793489678, "LETTER_POS_5": 6.930743459879255, "LETTER_POS_6": 4.128191588372709, "OCCUR_1": 6.654179888497563, "OCCUR_2": 2.4003445738859273, "OCCUR_3": 0.4892553234477814, "OCCUR_4": 2.4854428956999204, "OCCUR_5": 7.487998011125129, "OCCUR_6": 10.0, "PERF_1": 8.176228170915447, "PERF_2": 5.327905556856655, "PERF_3": 4.9228062547006095, "PERF_4": 0.0, "PERF_5": 6.698659866867787, "PERF_6": 8.115788557990628, "kl_stopExplr": 3.0, "r_stopExplr": 3.393973277140528}, "datetime": {"datetime": "2022-06-09 16:27:26", "elapsed": 448.070946, "delta": 5.790453}}
{"target": 0.9516509433962265, "params": {"AVAIL_1": 5.862829000069767, "AVAIL_2": 1.1385230920963787, "AVAIL_3": 1.4058477734905253, "AVAIL_4": 5.4364541899057475, "AVAIL_5": 1.0178864679855453, "AVAIL_6": 0.9944111732391258, "CONC_1": 0.0, "CONC_2": 8.239359637083448, "CONC_3": 8.412827413519858, "CONC_4": 2.919271516929347, "CONC_5": 5.7031619599030305, "CONC_6": 2.3399481512094975, "FREQ_1": 5.54815805146347, "FREQ_2": 10.0, "FREQ_3": 6.966332413066229, "FREQ_4": 9.007211676177278, "FREQ_5": 7.043271716162697, "FREQ_6": 10.0, "LETTER_POS_1": 3.156716551568783, "LETTER_POS_2": 10.0, "LETTER_POS_3": 3.0645692876358326, "LETTER_POS_4": 9.382790264413634, "LETTER_POS_5": 10.0, "LETTER_POS_6": 8.596021296123583, "OCCUR_1": 7.452503534623084, "OCCUR_2": 6.0750250311237215, "OCCUR_3": 0.0, "OCCUR_4": 6.207573891254294, "OCCUR_5": 2.6116865883652216, "OCCUR_6": 9.129114697406088, "PERF_1": 8.486114079775069, "PERF_2": 0.0, "PERF_3": 4.173257614307191, "PERF_4": 0.0, "PERF_5": 0.6534553146906019, "PERF_6": 3.931466010677609, "kl_stopExplr": 3.0, "r_stopExplr": 3.2299897394176282}, "datetime": {"datetime": "2022-06-09 16:27:32", "elapsed": 454.597196, "delta": 6.52625}}
{"target": 0.929062613101701, "params": {"AVAIL_1": 3.766469828348452, "AVAIL_2": 3.642108224329663, "AVAIL_3": 7.809185786912805, "AVAIL_4": 6.230544673522673, "AVAIL_5": 3.2244766356104915, "AVAIL_6": 2.767221855150032, "CONC_1": 2.529795017107639, "CONC_2": 4.0001154651786655, "CONC_3": 7.920966994498928, "CONC_4": 7.582952895616119, "CONC_5": 0.4976950374786937, "CONC_6": 3.58236689759074, "FREQ_1": 9.079510070707718, "FREQ_2": 3.968541620606718, "FREQ_3": 0.5152600679660058, "FREQ_4": 7.1077221062238705, "FREQ_5": 1.5881940015332174, "FREQ_6": 7.635681708759279, "LETTER_POS_1": 9.522031984889693, "LETTER_POS_2": 0.8639710247630816, "LETTER_POS_3": 8.100038658988785, "LETTER_POS_4": 3.2574727411790363, "LETTER_POS_5": 1.713897542029802, "LETTER_POS_6": 1.6728017906015091, "OCCUR_1": 6.534971188287347, "OCCUR_2": 5.628248562721771, "OCCUR_3": 0.9664264048784521, "OCCUR_4": 6.852880205647693, "OCCUR_5": 8.236400607877863, "OCCUR_6": 7.006105821667888, "PERF_1": 0.5182850030009145, "PERF_2": 8.897333861928882, "PERF_3": 9.619864639082268, "PERF_4": 2.7359718320790116, "PERF_5": 5.338484805815656, "PERF_6": 3.3654223816711317, "kl_stopExplr": 3.8567374934425156, "r_stopExplr": 4.242450831076196}, "datetime": {"datetime": "2022-06-09 16:27:38", "elapsed": 460.591557, "delta": 5.994361}}
{"target": 0.9585393685812096, "params": {"AVAIL_1": 2.0770793282464943, "AVAIL_2": 2.03082431577317, "AVAIL_3": 0.0, "AVAIL_4": 0.0, "AVAIL_5": 3.6459212046317626, "AVAIL_6": 5.026153296622577, "CONC_1": 0.8848283262550988, "CONC_2": 8.645532458570875, "CONC_3": 7.166511784098624, "CONC_4": 8.95877894782061, "CONC_5": 0.5456279551939285, "CONC_6": 6.787866534004402, "FREQ_1": 7.401215359921775, "FREQ_2": 3.475238632175844, "FREQ_3": 3.0085557162299112, "FREQ_4": 4.8771077834598255, "FREQ_5": 4.93762757079812, "FREQ_6": 10.0, "LETTER_POS_1": 3.936204445119643, "LETTER_POS_2": 3.1701997945679468, "LETTER_POS_3": 2.2211417753065783, "LETTER_POS_4": 10.0, "LETTER_POS_5": 9.675186829164174, "LETTER_POS_6": 2.609179137818733, "OCCUR_1": 10.0, "OCCUR_2": 6.9085016656431515, "OCCUR_3": 0.0, "OCCUR_4": 8.020271130385435, "OCCUR_5": 5.543060406944813, "OCCUR_6": 10.0, "PERF_1": 10.0, "PERF_2": 6.207481088269629, "PERF_3": 2.840449397513112, "PERF_4": 0.8295595952900631, "PERF_5": 2.1616146069905753, "PERF_6": 3.498930147063002, "kl_stopExplr": 3.0, "r_stopExplr": 3.3527587341844387}, "datetime": {"datetime": "2022-06-09 16:27:44", "elapsed": 466.560054, "delta": 5.968497}}
{"target": 0.9407464409388226, "params": {"AVAIL_1": 1.9464754562993636, "AVAIL_2": 5.984803129569726, "AVAIL_3": 2.9011074682292226, "AVAIL_4": 2.7940823867800777, "AVAIL_5": 2.37955222427387, "AVAIL_6": 3.8361651504703542, "CONC_1": 1.9713585353314, "CONC_2": 8.54386075886496, "CONC_3": 8.010060469026346, "CONC_4": 3.7279059699500294, "CONC_5": 6.860306729157259, "CONC_6": 7.129666558557004, "FREQ_1": 7.421569245195803, "FREQ_2": 3.0099868277469666, "FREQ_3": 2.509199461350188, "FREQ_4": 1.4284319332812123, "FREQ_5": 6.994106964048049, "FREQ_6": 8.93579259263097, "LETTER_POS_1": 9.165433556923222, "LETTER_POS_2": 7.681564752709501, "LETTER_POS_3": 2.136273570187014, "LETTER_POS_4": 4.2114617828914085, "LETTER_POS_5": 5.015969647886953, "LETTER_POS_6": 9.186045583194621, "OCCUR_1": 3.3612520775917574, "OCCUR_2": 5.7644515137425305, "OCCUR_3": 0.4298232164273763, "OCCUR_4": 3.243709152030416, "OCCUR_5": 1.9853386508077042, "OCCUR_6": 2.1432706081148867, "PERF_1": 8.643387711326207, "PERF_2": 1.6324278351080435, "PERF_3": 6.064792074100786, "PERF_4": 0.8666504545970921, "PERF_5": 6.57843646419323, "PERF_6": 0.18090452660142753, "kl_stopExplr": 3.155914778870745, "r_stopExplr": 4.375174278328699}, "datetime": {"datetime": "2022-06-09 16:27:50", "elapsed": 472.175866, "delta": 5.615812}}
{"target": 0.9686746987951808, "params": {"AVAIL_1": 1.0591869226479107, "AVAIL_2": 0.0, "AVAIL_3": 0.0, "AVAIL_4": 2.53776162981274, "AVAIL_5": 7.880511275149087, "AVAIL_6": 5.823505554576508, "CONC_1": 0.7101216144182108, "CONC_2": 10.0, "CONC_3": 5.5020637870553974, "CONC_4": 10.0, "CONC_5": 0.0, "CONC_6": 2.7803831375374672, "FREQ_1": 10.0, "FREQ_2": 1.2678207374013521, "FREQ_3": 3.916556134672336, "FREQ_4": 5.743258273388917, "FREQ_5": 6.010259738842487, "FREQ_6": 6.049847877881777, "LETTER_POS_1": 10.0, "LETTER_POS_2": 1.3734192741676656, "LETTER_POS_3": 2.61992642182692, "LETTER_POS_4": 6.78232402231656, "LETTER_POS_5": 2.3531149416156665, "LETTER_POS_6": 1.866049154649507, "OCCUR_1": 0.5415226946138625, "OCCUR_2": 2.4647645016833284, "OCCUR_3": 0.1500366684618805, "OCCUR_4": 0.9177653898859571, "OCCUR_5": 9.551862840990964, "OCCUR_6": 10.0, "PERF_1": 9.26486308893329, "PERF_2": 10.0, "PERF_3": 9.49809638638278, "PERF_4": 0.0, "PERF_5": 10.0, "PERF_6": 5.980639135910968, "kl_stopExplr": 3.0, "r_stopExplr": 3.7964614548278934}, "datetime": {"datetime": "2022-06-09 16:27:55", "elapsed": 477.93193, "delta": 5.756064}}
{"target": 0.9519841269841269, "params": {"AVAIL_1": 2.2024495628473972, "AVAIL_2": 0.0, "AVAIL_3": 3.1040958309397686, "AVAIL_4": 4.5213592380789915, "AVAIL_5": 3.676628833777399, "AVAIL_6": 0.5466978615518787, "CONC_1": 0.0, "CONC_2": 10.0, "CONC_3": 6.4783104803100775, "CONC_4": 6.516263936661275, "CONC_5": 2.347942971767262, "CONC_6": 2.0686524883923596, "FREQ_1": 10.0, "FREQ_2": 7.335190338395569, "FREQ_3": 8.03552690117133, "FREQ_4": 2.5039376570779814, "FREQ_5": 4.424524773358994, "FREQ_6": 10.0, "LETTER_POS_1": 10.0, "LETTER_POS_2": 10.0, "LETTER_POS_3": 6.085664006867339, "LETTER_POS_4": 0.7524019946128232, "LETTER_POS_5": 9.263414553576293, "LETTER_POS_6": 10.0, "OCCUR_1": 10.0, "OCCUR_2": 6.536593388251328, "OCCUR_3": 0.0, "OCCUR_4": 10.0, "OCCUR_5": 5.3974005079300325, "OCCUR_6": 4.8268335012041526, "PERF_1": 3.8147521593841422, "PERF_2": 4.844834605515951, "PERF_3": 8.429431301654587, "PERF_4": 0.0, "PERF_5": 1.8885070947062952, "PERF_6": 0.4823051478452223, "kl_stopExplr": 3.0, "r_stopExplr": 3.7484263974649674}, "datetime": {"datetime": "2022-06-09 16:28:03", "elapsed": 484.940298, "delta": 7.008368}}
