{"target": 0.9620743034055728, "params": {"AVAIL_1": 9.553274580142487, "AVAIL_2": 0.570360362591581, "AVAIL_3": 6.075791379942194, "AVAIL_4": 5.067043329939645, "AVAIL_5": 5.419012168704985, "AVAIL_6": 2.5025839931701688, "CONC_1": 4.829819584814855, "CONC_2": 9.553695212917873, "CONC_3": 5.828805536095053, "CONC_4": 6.000974157019536, "CONC_5": 2.1428942142456684, "CONC_6": 8.736530312123577, "FREQ_1": 5.749504693536757, "FREQ_2": 6.893183268337923, "FREQ_3": 4.4239800349310885, "FREQ_4": 1.2694072600849038, "FREQ_5": 7.829219722612169, "FREQ_6": 9.448282707011877, "LETTER_POS_1": 2.425469379455165, "LETTER_POS_2": 7.574191284376122, "LETTER_POS_3": 6.614065068775856, "LETTER_POS_4": 4.257424284780412, "LETTER_POS_5": 6.477677109992509, "LETTER_POS_6": 7.468929778363178, "OCCUR_1": 8.518480927356483, "OCCUR_2": 4.473070386178146, "OCCUR_3": 3.2711993228277834, "OCCUR_4": 2.6588201258573516, "OCCUR_5": 7.110086874044913, "OCCUR_6": 1.4247289471855518, "PERF_1": 4.715577143487178, "PERF_2": 8.578564974286087, "PERF_3": 8.263624695532965, "PERF_4": 4.1831940257755384, "PERF_5": 0.059897353028561806, "PERF_6": 7.637393709255961, "kl_stopExplr": 3.5816309348647546, "r_stopExplr": 4.502057161185772}, "datetime": {"datetime": "2022-06-09 16:30:17", "elapsed": 619.011894, "delta": 5.446958}}
{"target": 0.9733333333333334, "params": {"AVAIL_1": 9.660031634467359, "AVAIL_2": 0.0, "AVAIL_3": 0.0, "AVAIL_4": 3.435896756108149, "AVAIL_5": 4.844678656995448, "AVAIL_6": 0.3718060177663639, "CONC_1": 0.0, "CONC_2": 10.0, "CONC_3": 5.407261487616269, "CONC_4": 7.977831507736771, "CONC_5": 6.0398649423152975, "CONC_6": 10.0, "FREQ_1": 5.412879154316478, "FREQ_2": 10.0, "FREQ_3": 0.9586789659328722, "FREQ_4": 0.0, "FREQ_5": 9.348322878037887, "FREQ_6": 10.0, "LETTER_POS_1": 9.76149775324892, "LETTER_POS_2": 10.0, "LETTER_POS_3": 3.6164629983430228, "LETTER_POS_4": 4.679335399210171, "LETTER_POS_5": 10.0, "LETTER_POS_6": 9.271391282435562, "OCCUR_1": 10.0, "OCCUR_2": 9.25797347466716, "OCCUR_3": 7.957504427572685, "OCCUR_4": 3.7836074297754303, "OCCUR_5": 4.479230345366045, "OCCUR_6": 7.019066100474724, "PERF_1": 4.764513411084628, "PERF_2": 5.6593852689177915, "PERF_3": 4.857137459612311, "PERF_4": 0.0, "PERF_5": 3.6181082637119424, "PERF_6": 6.6366229328856585, "kl_stopExplr": 3.0, "r_stopExplr": 4.159186861546748}, "datetime": {"datetime": "2022-06-09 16:30:23", "elapsed": 624.965206, "delta": 5.953312}}
{"target": 0.9616101379053299, "params": {"AVAIL_1": 7.69716648040921, "AVAIL_2": 0.0, "AVAIL_3": 0.0, "AVAIL_4": 4.501890521376102, "AVAIL_5": 5.2329679918221546, "AVAIL_6": 5.80755224782242, "CONC_1": 7.28417333697507, "CONC_2": 10.0, "CONC_3": 8.927744352401184, "CONC_4": 10.0, "CONC_5": 0.28320391288714974, "CONC_6": 2.825039941436117, "FREQ_1": 10.0, "FREQ_2": 6.272034979267161, "FREQ_3": 0.5697130920193124, "FREQ_4": 4.168638464325956, "FREQ_5": 10.0, "FREQ_6": 10.0, "LETTER_POS_1": 4.660850591948533, "LETTER_POS_2": 9.629388463293347, "LETTER_POS_3": 6.763979454824794, "LETTER_POS_4": 0.0, "LETTER_POS_5": 10.0, "LETTER_POS_6": 10.0, "OCCUR_1": 7.180305882125855, "OCCUR_2": 2.862136100275929, "OCCUR_3": 6.234494216128511, "OCCUR_4": 0.0, "OCCUR_5": 0.0, "OCCUR_6": 8.270772626685257, "PERF_1": 2.2941127562295596, "PERF_2": 10.0, "PERF_3": 9.438472144229555, "PERF_4": 0.0, "PERF_5": 6.885961801857635, "PERF_6": 5.2877724618369, "kl_stopExplr": 3.0, "r_stopExplr": 4.29559370386736}, "datetime": {"datetime": "2022-06-09 16:30:29", "elapsed": 631.493825, "delta": 6.528619}}
{"target": 0.9148230088495575, "params": {"AVAIL_1": 5.0718642248191035, "AVAIL_2": 2.052241465791975, "AVAIL_3": 5.476417708322065, "AVAIL_4": 2.30851848106422, "AVAIL_5": 7.7560207305033195, "AVAIL_6": 9.525562052474854, "CONC_1": 2.642089093614437, "CONC_2": 9.924590084206033, "CONC_3": 4.1745739499158665, "CONC_4": 4.678989187947028, "CONC_5": 5.8751727141089924, "CONC_6": 5.384524806364691, "FREQ_1": 2.407466082058509, "FREQ_2": 7.237180864674952, "FREQ_3": 9.750448502372127, "FREQ_4": 5.196953332448436, "FREQ_5": 6.340564417476728, "FREQ_6": 8.248312130277947, "LETTER_POS_1": 5.5066965440120175, "LETTER_POS_2": 8.333424452140054, "LETTER_POS_3": 1.9065454547385108, "LETTER_POS_4": 4.406236345299833, "LETTER_POS_5": 9.499124764508055, "LETTER_POS_6": 7.093591839128425, "OCCUR_1": 6.189529941907096, "OCCUR_2": 4.832752220441804, "OCCUR_3": 4.715409510464674, "OCCUR_4": 9.739731303439035, "OCCUR_5": 4.34783404113563, "OCCUR_6": 5.608078284953111, "PERF_1": 1.0403329688158391, "PERF_2": 3.1251528332918332, "PERF_3": 4.150038808229258, "PERF_4": 3.1709104681632305, "PERF_5": 5.497395219354779, "PERF_6": 7.1043384606945, "kl_stopExplr": 4.319092218266891, "r_stopExplr": 4.952681176467285}, "datetime": {"datetime": "2022-06-09 16:30:49", "elapsed": 651.042689, "delta": 19.548864}}
{"target": 0.9651581898277933, "params": {"AVAIL_1": 5.558680992449712, "AVAIL_2": 0.0, "AVAIL_3": 4.458789341811415, "AVAIL_4": 2.876662990972629, "AVAIL_5": 4.143762366619637, "AVAIL_6": 0.0, "CONC_1": 0.0, "CONC_2": 10.0, "CONC_3": 8.430290192442248, "CONC_4": 10.0, "CONC_5": 2.1457438967602966, "CONC_6": 8.428277517702528, "FREQ_1": 10.0, "FREQ_2": 10.0, "FREQ_3": 3.6577509406797373, "FREQ_4": 7.897933466067389, "FREQ_5": 10.0, "FREQ_6": 8.027458883782334, "LETTER_POS_1": 10.0, "LETTER_POS_2": 0.7907884721065143, "LETTER_POS_3": 1.0477912034962626, "LETTER_POS_4": 8.792376418666024, "LETTER_POS_5": 10.0, "LETTER_POS_6": 4.80890181424687, "OCCUR_1": 6.293428804169099, "OCCUR_2": 8.279623954208011, "OCCUR_3": 1.9251515829308192, "OCCUR_4": 0.0, "OCCUR_5": 10.0, "OCCUR_6": 10.0, "PERF_1": 3.4449121987050417, "PERF_2": 10.0, "PERF_3": 7.268347815462992, "PERF_4": 2.889181509068074, "PERF_5": 4.7309528844402, "PERF_6": 9.52409120696045, "kl_stopExplr": 3.0, "r_stopExplr": 3.1834285671311187}, "datetime": {"datetime": "2022-06-09 16:30:55", "elapsed": 657.631785, "delta": 6.589096}}
{"target": 0.9649317091177556, "params": {"AVAIL_1": 6.778154354333104, "AVAIL_2": 0.0, "AVAIL_3": 0.0, "AVAIL_4": 8.41855945023611, "AVAIL_5": 7.79674051741229, "AVAIL_6": 1.9002550430143277, "CONC_1": 0.0, "CONC_2": 10.0, "CONC_3": 9.39147437231628, "CONC_4": 10.0, "CONC_5": 5.9201181707342165, "CONC_6": 5.811421559759992, "FREQ_1": 6.823560978569318, "FREQ_2": 9.576832588015101, "FREQ_3": 8.657913856450929, "FREQ_4": 9.189959404955545, "FREQ_5": 10.0, "FREQ_6": 2.1647727659144205, "LETTER_POS_1": 4.802561962220849, "LETTER_POS_2": 10.0, "LETTER_POS_3": 0.0, "LETTER_POS_4": 7.328456279730033, "LETTER_POS_5": 10.0, "LETTER_POS_6": 2.88919815297195, "OCCUR_1": 0.0, "OCCUR_2": 0.0, "OCCUR_3": 6.101227227334026, "OCCUR_4": 0.0, "OCCUR_5": 4.874413141748705, "OCCUR_6": 10.0, "PERF_1": 10.0, "PERF_2": 10.0, "PERF_3": 9.637831735533599, "PERF_4": 0.0, "PERF_5": 8.509473288917002, "PERF_6": 10.0, "kl_stopExplr": 3.0, "r_stopExplr": 4.061919758586815}, "datetime": {"datetime": "2022-06-09 16:31:03", "elapsed": 665.739604, "delta": 8.107819}}
{"target": 0.9425287356321839, "params": {"AVAIL_1": 4.644825576013721, "AVAIL_2": 0.7925015964303461, "AVAIL_3": 6.538558274781944, "AVAIL_4": 1.1799783942603526, "AVAIL_5": 1.2092865942427766, "AVAIL_6": 5.644260590198823, "CONC_1": 4.17452727524927, "CONC_2": 2.743357113078856, "CONC_3": 6.682604352184249, "CONC_4": 0.1189047119695863, "CONC_5": 1.320713467501634, "CONC_6": 7.339127182321279, "FREQ_1": 3.2406447210060776, "FREQ_2": 2.9671281939858964, "FREQ_3": 8.86591782044332, "FREQ_4": 5.9248024067967275, "FREQ_5": 7.798270148086317, "FREQ_6": 7.12611102712717, "LETTER_POS_1": 7.914829030683496, "LETTER_POS_2": 8.997702002283846, "LETTER_POS_3": 3.486994981112288, "LETTER_POS_4": 3.523472139215066, "LETTER_POS_5": 4.631663901844673, "LETTER_POS_6": 5.5877989390955465, "OCCUR_1": 7.5705133561759865, "OCCUR_2": 9.048916107792625, "OCCUR_3": 8.201204208909784, "OCCUR_4": 2.863827709175919, "OCCUR_5": 6.165529099054442, "OCCUR_6": 1.993018945565005, "PERF_1": 4.658157376241972, "PERF_2": 4.677998647284888, "PERF_3": 7.3930913720957205, "PERF_4": 7.009624056576602, "PERF_5": 4.128962627614182, "PERF_6": 4.1641291212542875, "kl_stopExplr": 3.017674182135625, "r_stopExplr": 4.15661334690124}, "datetime": {"datetime": "2022-06-09 16:31:09", "elapsed": 671.459091, "delta": 5.719487}}
{"target": 0.964550700741962, "params": {"AVAIL_1": 7.919065632015044, "AVAIL_2": 0.0, "AVAIL_3": 7.360095789752055, "AVAIL_4": 0.2006516165570098, "AVAIL_5": 0.0, "AVAIL_6": 0.0, "CONC_1": 0.0, "CONC_2": 10.0, "CONC_3": 10.0, "CONC_4": 2.0268326783073793, "CONC_5": 3.7509381718774235, "CONC_6": 10.0, "FREQ_1": 10.0, "FREQ_2": 5.376997996048235, "FREQ_3": 6.288641537579609, "FREQ_4": 6.200273479688971, "FREQ_5": 9.271858900930193, "FREQ_6": 10.0, "LETTER_POS_1": 10.0, "LETTER_POS_2": 10.0, "LETTER_POS_3": 6.233886541669271, "LETTER_POS_4": 5.92713809111056, "LETTER_POS_5": 10.0, "LETTER_POS_6": 9.319829320106495, "OCCUR_1": 10.0, "OCCUR_2": 10.0, "OCCUR_3": 7.254285668182014, "OCCUR_4": 0.0, "OCCUR_5": 6.847708896519139, "OCCUR_6": 4.573943289014811, "PERF_1": 7.2406687791006705, "PERF_2": 3.3707307936298045, "PERF_3": 4.599576338424545, "PERF_4": 5.8760375512118905, "PERF_5": 0.0, "PERF_6": 4.510442521560677, "kl_stopExplr": 3.0, "r_stopExplr": 5.0}, "datetime": {"datetime": "2022-06-09 16:31:16", "elapsed": 678.276662, "delta": 6.817571}}
{"target": 0.9615076182838813, "params": {"AVAIL_1": 6.343006252073088, "AVAIL_2": 2.2208306827429314, "AVAIL_3": 3.036182764435992, "AVAIL_4": 3.1493472502724518, "AVAIL_5": 2.322504018891065, "AVAIL_6": 0.4842650805282289, "CONC_1": 1.8588519773755674, "CONC_2": 8.019933553158848, "CONC_3": 5.803835014669255, "CONC_4": 6.22658272793804, "CONC_5": 4.503353120386459, "CONC_6": 3.4019406081516146, "FREQ_1": 9.763715889607385, "FREQ_2": 4.6207174013237555, "FREQ_3": 0.10411305317594377, "FREQ_4": 8.490453640876526, "FREQ_5": 5.335648100722276, "FREQ_6": 8.06858975306225, "LETTER_POS_1": 7.369971663973076, "LETTER_POS_2": 1.8989294080590857, "LETTER_POS_3": 2.8436844699802277, "LETTER_POS_4": 2.7090590820739555, "LETTER_POS_5": 5.47063446575939, "LETTER_POS_6": 5.505903387236741, "OCCUR_1": 1.3006560500989384, "OCCUR_2": 3.888758890609123, "OCCUR_3": 5.281987748304466, "OCCUR_4": 3.1478667178838835, "OCCUR_5": 4.070043533731176, "OCCUR_6": 7.026911849060805, "PERF_1": 9.117843818973235, "PERF_2": 4.957093352071701, "PERF_3": 5.715401953983795, "PERF_4": 4.173374438262844, "PERF_5": 2.2096236263235527, "PERF_6": 0.2664371326784387, "kl_stopExplr": 3.0623853939109615, "r_stopExplr": 3.2138776300728265}, "datetime": {"datetime": "2022-06-09 16:31:21", "elapsed": 683.465698, "delta": 5.189036}}
{"target": 0.9484096198603569, "params": {"AVAIL_1": 3.6558648434692573, "AVAIL_2": 0.9816324383610464, "AVAIL_3": 6.841776255968856, "AVAIL_4": 5.060076643042695, "AVAIL_5": 4.045176662605545, "AVAIL_6": 1.3136206062020817, "CONC_1": 3.5213286908463193, "CONC_2": 3.4135500620532513, "CONC_3": 0.005475779174363149, "CONC_4": 3.044645327179447, "CONC_5": 9.139125092349573, "CONC_6": 6.447668620379185, "FREQ_1": 9.696347654466447, "FREQ_2": 7.11724777853447, "FREQ_3": 6.853118743411409, "FREQ_4": 2.381075891911273, "FREQ_5": 5.195479727199828, "FREQ_6": 4.446320291198881, "LETTER_POS_1": 4.62458940647105, "LETTER_POS_2": 3.246455804017617, "LETTER_POS_3": 4.698023398821785, "LETTER_POS_4": 5.276006004971531, "LETTER_POS_5": 8.194374473563343, "LETTER_POS_6": 0.3826936073996168, "OCCUR_1": 8.205246759983213, "OCCUR_2": 6.083995475185181, "OCCUR_3": 3.1806719732910684, "OCCUR_4": 3.884806566158645, "OCCUR_5": 5.9471120566520135, "OCCUR_6": 3.992919411303606, "PERF_1": 8.566145332901483, "PERF_2": 2.966542855878711, "PERF_3": 2.266103487848623, "PERF_4": 8.673626501736104, "PERF_5": 3.695468378500988, "PERF_6": 7.536090206346403, "kl_stopExplr": 3.899201105403877, "r_stopExplr": 3.1242247067114213}, "datetime": {"datetime": "2022-06-09 16:31:26", "elapsed": 688.912032, "delta": 5.446334}}
{"target": 0.798753030827849, "params": {"AVAIL_1": 6.3912719611972655, "AVAIL_2": 7.9506075288065965, "AVAIL_3": 9.44745042973141, "AVAIL_4": 4.577450908067522, "AVAIL_5": 6.374077826161906, "AVAIL_6": 2.872349432625879, "CONC_1": 2.338646918817852, "CONC_2": 6.935043967082661, "CONC_3": 5.612481303395057, "CONC_4": 5.325610256941777, "CONC_5": 3.3584099313719387, "CONC_6": 4.379097199512334, "FREQ_1": 8.558060698170275, "FREQ_2": 7.034949827134298, "FREQ_3": 7.242264584498701, "FREQ_4": 0.1421424188011733, "FREQ_5": 7.9557513262294695, "FREQ_6": 1.5946769938676297, "LETTER_POS_1": 9.544684496304509, "LETTER_POS_2": 4.092311732527493, "LETTER_POS_3": 5.268226518956842, "LETTER_POS_4": 5.749738333807467, "LETTER_POS_5": 9.521312011962497, "LETTER_POS_6": 4.740883846257619, "OCCUR_1": 4.686666173743236, "OCCUR_2": 8.551653161636004, "OCCUR_3": 0.970329274455175, "OCCUR_4": 6.871452648622453, "OCCUR_5": 8.183119685469697, "OCCUR_6": 5.3325119279698, "PERF_1": 5.1159788953743845, "PERF_2": 0.8368038113812326, "PERF_3": 2.510432999721254, "PERF_4": 4.217460482901874, "PERF_5": 0.42068889279963884, "PERF_6": 7.797897027033458, "kl_stopExplr": 4.940421142400723, "r_stopExplr": 3.035010624196355}, "datetime": {"datetime": "2022-06-09 16:31:42", "elapsed": 704.704345, "delta": 15.792313}}
{"target": 0.9740847387906212, "params": {"AVAIL_1": 4.187548153621468, "AVAIL_2": 0.0, "AVAIL_3": 1.6144564077640264, "AVAIL_4": 3.7485394602263513, "AVAIL_5": 1.8632982497697719, "AVAIL_6": 0.0, "CONC_1": 0.0, "CONC_2": 10.0, "CONC_3": 2.9346835017821644, "CONC_4": 4.776901785686407, "CONC_5": 10.0, "CONC_6": 9.211294394344117, "FREQ_1": 10.0, "FREQ_2": 8.796771889806553, "FREQ_3": 6.1233820280129505, "FREQ_4": 4.892296344387979, "FREQ_5": 6.4062956428035625, "FREQ_6": 10.0, "LETTER_POS_1": 5.090530205326144, "LETTER_POS_2": 7.1328237773001195, "LETTER_POS_3": 0.0, "LETTER_POS_4": 7.575426661376669, "LETTER_POS_5": 10.0, "LETTER_POS_6": 0.823826505526694, "OCCUR_1": 10.0, "OCCUR_2": 4.479300402682586, "OCCUR_3": 4.710499011418649, "OCCUR_4": 0.4189219229858926, "OCCUR_5": 6.936821493503307, "OCCUR_6": 7.009001542917617, "PERF_1": 10.0, "PERF_2": 3.14833430236467, "PERF_3": 0.9744092533773977, "PERF_4": 8.456933301200333, "PERF_5": 3.3340652608808314, "PERF_6": 6.086566732308437, "kl_stopExplr": 3.0, "r_stopExplr": 5.0}, "datetime": {"datetime": "2022-06-09 16:31:48", "elapsed": 710.54423, "delta": 5.839885}}
{"target": 0.9728714524207012, "params": {"AVAIL_1": 5.1942267674990825, "AVAIL_2": 0.0, "AVAIL_3": 0.0, "AVAIL_4": 0.0, "AVAIL_5": 3.360926991808898, "AVAIL_6": 1.4959846851851786, "CONC_1": 0.0, "CONC_2": 8.442566813350538, "CONC_3": 8.835020092247138, "CONC_4": 7.08261126415241, "CONC_5": 4.652879238635875, "CONC_6": 8.098755965061867, "FREQ_1": 9.346272338758746, "FREQ_2": 5.092934529831806, "FREQ_3": 1.3134606451208066, "FREQ_4": 7.450440497416224, "FREQ_5": 3.184992455748273, "FREQ_6": 10.0, "LETTER_POS_1": 4.035568592274683, "LETTER_POS_2": 9.716514386193241, "LETTER_POS_3": 4.124865336852498, "LETTER_POS_4": 2.4651396498944225, "LETTER_POS_5": 3.1206263663619436, "LETTER_POS_6": 7.566081167173737, "OCCUR_1": 10.0, "OCCUR_2": 8.608070024185029, "OCCUR_3": 7.8945616412700454, "OCCUR_4": 1.9783436669839765, "OCCUR_5": 9.030990371741733, "OCCUR_6": 10.0, "PERF_1": 8.457517821151729, "PERF_2": 10.0, "PERF_3": 10.0, "PERF_4": 4.9538134274494885, "PERF_5": 9.793817422953884, "PERF_6": 4.478438501984721, "kl_stopExplr": 3.0, "r_stopExplr": 4.2957507242843445}, "datetime": {"datetime": "2022-06-09 16:31:54", "elapsed": 716.660098, "delta": 6.115868}}
{"target": 0.9679358717434869, "params": {"AVAIL_1": 6.262216883105377, "AVAIL_2": 0.0, "AVAIL_3": 1.9451946101247848, "AVAIL_4": 5.172040948111855, "AVAIL_5": 3.478882423971255, "AVAIL_6": 0.0, "CONC_1": 0.0, "CONC_2": 10.0, "CONC_3": 2.8441654304189434, "CONC_4": 1.8622502529565959, "CONC_5": 10.0, "CONC_6": 3.764378499705514, "FREQ_1": 10.0, "FREQ_2": 9.058503105074237, "FREQ_3": 6.880154626075232, "FREQ_4": 6.801133789408366, "FREQ_5": 5.766718860894094, "FREQ_6": 10.0, "LETTER_POS_1": 5.706248036128031, "LETTER_POS_2": 6.37980289059438, "LETTER_POS_3": 7.135775938067758, "LETTER_POS_4": 2.6541301635205516, "LETTER_POS_5": 10.0, "LETTER_POS_6": 7.158831672798063, "OCCUR_1": 8.346619042332083, "OCCUR_2": 9.573897191836213, "OCCUR_3": 2.7423657061054136, "OCCUR_4": 0.0, "OCCUR_5": 1.8946528254802713, "OCCUR_6": 2.15459818565325, "PERF_1": 10.0, "PERF_2": 10.0, "PERF_3": 7.24059588939396, "PERF_4": 3.582857144781068, "PERF_5": 6.998228924616441, "PERF_6": 7.354729457341456, "kl_stopExplr": 3.0, "r_stopExplr": 3.032522640382105}, "datetime": {"datetime": "2022-06-09 16:32:01", "elapsed": 722.963007, "delta": 6.302909}}
{"target": 0.9575432811211871, "params": {"AVAIL_1": 3.149683441397786, "AVAIL_2": 2.9897684790384482, "AVAIL_3": 1.7847579673863667, "AVAIL_4": 5.572851333871971, "AVAIL_5": 5.071093824229418, "AVAIL_6": 1.9931553652659562, "CONC_1": 3.428391992321317, "CONC_2": 7.372023346329809, "CONC_3": 9.550943532646798, "CONC_4": 5.436213599587608, "CONC_5": 2.51778987066843, "CONC_6": 8.471238069956478, "FREQ_1": 2.2754764106918657, "FREQ_2": 5.737799610133594, "FREQ_3": 3.923011158914452, "FREQ_4": 3.095220326749002, "FREQ_5": 9.686278621073052, "FREQ_6": 3.466804463510117, "LETTER_POS_1": 6.521173075862042, "LETTER_POS_2": 6.738005223601016, "LETTER_POS_3": 3.3601102987806075, "LETTER_POS_4": 4.873475339184949, "LETTER_POS_5": 8.553164108230533, "LETTER_POS_6": 9.8894871194572, "OCCUR_1": 8.616636519559405, "OCCUR_2": 3.76493013003656, "OCCUR_3": 4.307208222050397, "OCCUR_4": 6.316215850340394, "OCCUR_5": 8.431761783982115, "OCCUR_6": 5.295298821330904, "PERF_1": 4.232868546395308, "PERF_2": 5.553455637735437, "PERF_3": 9.509192111143728, "PERF_4": 4.3683935683296, "PERF_5": 3.5167418512544737, "PERF_6": 2.8274460732765663, "kl_stopExplr": 3.9513402929178616, "r_stopExplr": 4.092914423204078}, "datetime": {"datetime": "2022-06-09 16:32:06", "elapsed": 728.622705, "delta": 5.659698}}
{"target": 0.9120535714285715, "params": {"AVAIL_1": 5.228998722425082, "AVAIL_2": 0.39734797840619285, "AVAIL_3": 4.148259881147263, "AVAIL_4": 8.050809846171665, "AVAIL_5": 0.857022849691913, "AVAIL_6": 4.161271631145191, "CONC_1": 1.819794303605382, "CONC_2": 5.995599471710521, "CONC_3": 6.744500038787432, "CONC_4": 5.1525367899563985, "CONC_5": 1.4333858397038879, "CONC_6": 7.458348988783524, "FREQ_1": 5.247241593003082, "FREQ_2": 7.58590762194583, "FREQ_3": 8.717642800278497, "FREQ_4": 9.085696885037024, "FREQ_5": 4.821076960336274, "FREQ_6": 5.0828725088633755, "LETTER_POS_1": 7.3956104625251475, "LETTER_POS_2": 5.816911601025891, "LETTER_POS_3": 0.25574094026393324, "LETTER_POS_4": 5.115241114588612, "LETTER_POS_5": 8.48592996241543, "LETTER_POS_6": 3.2792080315343397, "OCCUR_1": 7.440322783273122, "OCCUR_2": 4.658304284453192, "OCCUR_3": 5.429472593820122, "OCCUR_4": 7.336120973535371, "OCCUR_5": 3.1704607553889588, "OCCUR_6": 2.3339884635768327, "PERF_1": 3.016475482896995, "PERF_2": 6.410233827358086, "PERF_3": 5.274568209657012, "PERF_4": 2.147827004046494, "PERF_5": 5.090333180642527, "PERF_6": 8.46012815353017, "kl_stopExplr": 4.932689377951826, "r_stopExplr": 3.7321269411574325}, "datetime": {"datetime": "2022-06-09 16:32:21", "elapsed": 743.205882, "delta": 14.583177}}
{"target": 0.9662881476224272, "params": {"AVAIL_1": 3.3943243248371844, "AVAIL_2": 0.0, "AVAIL_3": 0.0, "AVAIL_4": 0.7150650908526203, "AVAIL_5": 2.906012427876219, "AVAIL_6": 0.0, "CONC_1": 0.0, "CONC_2": 10.0, "CONC_3": 5.492771669357274, "CONC_4": 9.380346801261808, "CONC_5": 1.3774061183127262, "CONC_6": 10.0, "FREQ_1": 8.659570795001411, "FREQ_2": 2.254669485573249, "FREQ_3": 0.0, "FREQ_4": 2.9193153855471476, "FREQ_5": 10.0, "FREQ_6": 10.0, "LETTER_POS_1": 6.510450048896486, "LETTER_POS_2": 10.0, "LETTER_POS_3": 1.735837647383133, "LETTER_POS_4": 2.773178926811496, "LETTER_POS_5": 10.0, "LETTER_POS_6": 10.0, "OCCUR_1": 10.0, "OCCUR_2": 0.6234219770810668, "OCCUR_3": 10.0, "OCCUR_4": 5.359882721360322, "OCCUR_5": 5.762882644229729, "OCCUR_6": 4.693459359701432, "PERF_1": 1.6795148471593284, "PERF_2": 10.0, "PERF_3": 6.470446148170939, "PERF_4": 9.527419103683549, "PERF_5": 1.162948291943436, "PERF_6": 0.0, "kl_stopExplr": 3.0, "r_stopExplr": 5.0}, "datetime": {"datetime": "2022-06-09 16:32:29", "elapsed": 751.283834, "delta": 8.077952}}
{"target": 0.9652067130577159, "params": {"AVAIL_1": 0.2765506613801183, "AVAIL_2": 1.2758500870345069, "AVAIL_3": 1.4065343919165219, "AVAIL_4": 6.771545238526304, "AVAIL_5": 5.783712607941347, "AVAIL_6": 2.573554646639872, "CONC_1": 4.236287549187595, "CONC_2": 9.258915097547973, "CONC_3": 5.444614245886321, "CONC_4": 4.2131724157716, "CONC_5": 2.157619531272906, "CONC_6": 7.4484089441696995, "FREQ_1": 6.189707914071414, "FREQ_2": 4.5434297523416, "FREQ_3": 6.02378316567285, "FREQ_4": 1.6175511460207959, "FREQ_5": 9.411073295762694, "FREQ_6": 7.582206706596785, "LETTER_POS_1": 0.18814193515337196, "LETTER_POS_2": 6.125430553533791, "LETTER_POS_3": 3.1874665039322334, "LETTER_POS_4": 5.4594936150943605, "LETTER_POS_5": 7.212506589859016, "LETTER_POS_6": 9.009777574372551, "OCCUR_1": 7.677480570372616, "OCCUR_2": 4.424670285174921, "OCCUR_3": 5.469049271797256, "OCCUR_4": 8.29744105587867, "OCCUR_5": 8.664294032806696, "OCCUR_6": 6.920426908896644, "PERF_1": 4.671043768841093, "PERF_2": 2.6464811311599323, "PERF_3": 4.388976702466073, "PERF_4": 6.8765688685537, "PERF_5": 5.48676433318637, "PERF_6": 7.56063797671758, "kl_stopExplr": 3.81152175302488, "r_stopExplr": 3.870016255299058}, "datetime": {"datetime": "2022-06-09 16:32:34", "elapsed": 756.269841, "delta": 4.986007}}
