{"target": 0.728185595567867, "params": {"AVAIL_1": 9.490783247657328, "AVAIL_2": 5.361862100672284, "AVAIL_3": 8.502989313915467, "AVAIL_4": 8.242843310963021, "AVAIL_5": 4.050767247867539, "AVAIL_6": 8.620986565192085, "CONC_1": 5.527362309385265, "CONC_2": 1.8345023468977428, "CONC_3": 0.08342389479117585, "CONC_4": 0.40343121062967335, "CONC_5": 3.09874498708408, "CONC_6": 0.5385413478315548, "FREQ_1": 5.177133664860393, "FREQ_2": 4.464624796214264, "FREQ_3": 2.0558090894622194, "FREQ_4": 7.177990481593924, "FREQ_5": 1.9878588954342302, "FREQ_6": 7.797532699308613, "LETTER_POS_1": 7.880726561696701, "LETTER_POS_2": 3.581450080920127, "LETTER_POS_3": 5.495402460038079, "LETTER_POS_4": 6.340481758796245, "LETTER_POS_5": 4.444539775385449, "LETTER_POS_6": 5.945056001318195, "OCCUR_1": 7.987471703132281, "OCCUR_2": 3.2374628570772392, "OCCUR_3": 3.6444723182527374, "OCCUR_4": 8.808310066092714, "OCCUR_5": 8.497311282476721, "OCCUR_6": 4.517904733127951, "PERF_1": 8.527657074558821, "PERF_2": 4.165916231538297, "PERF_3": 3.321953626201821, "PERF_4": 4.918329517973805, "PERF_5": 5.708213571466889, "PERF_6": 5.94620238104003, "kl_stopExplr": 4.537525467778176, "r_stopExplr": 3.7597142984168856}, "datetime": {"datetime": "2022-06-09 16:49:13", "elapsed": 1755.628914, "delta": 17.56525}}
{"target": 0.9609432571849669, "params": {"AVAIL_1": 4.4302145408179125, "AVAIL_2": 0.0, "AVAIL_3": 0.0, "AVAIL_4": 2.943680171676395, "AVAIL_5": 4.815120625606516, "AVAIL_6": 0.0, "CONC_1": 0.0, "CONC_2": 10.0, "CONC_3": 8.123877483144863, "CONC_4": 1.5611419997442868, "CONC_5": 9.588073367495003, "CONC_6": 10.0, "FREQ_1": 4.882188965069222, "FREQ_2": 10.0, "FREQ_3": 10.0, "FREQ_4": 1.9276772615710338, "FREQ_5": 9.090983260450455, "FREQ_6": 0.0, "LETTER_POS_1": 8.545703989809107, "LETTER_POS_2": 9.677388715463708, "LETTER_POS_3": 4.857873108562416, "LETTER_POS_4": 8.828231714466794, "LETTER_POS_5": 6.692499608879837, "LETTER_POS_6": 1.261023109875519, "OCCUR_1": 10.0, "OCCUR_2": 0.0, "OCCUR_3": 5.0050017630514585, "OCCUR_4": 8.597793390691235, "OCCUR_5": 0.0, "OCCUR_6": 9.71003760081137, "PERF_1": 10.0, "PERF_2": 1.354139161582013, "PERF_3": 2.185160014568513, "PERF_4": 9.031491679597671, "PERF_5": 4.171246511851736, "PERF_6": 9.27737084831267, "kl_stopExplr": 3.0, "r_stopExplr": 5.0}, "datetime": {"datetime": "2022-06-09 16:49:21", "elapsed": 1762.989168, "delta": 7.360254}}
{"target": 0.7866507747318237, "params": {"AVAIL_1": 5.264192209955782, "AVAIL_2": 7.855090700923737, "AVAIL_3": 8.57476275103845, "AVAIL_4": 3.5999620001452106, "AVAIL_5": 1.4906567905665824, "AVAIL_6": 2.3956455721523917, "CONC_1": 8.870257120752976, "CONC_2": 8.584364429882543, "CONC_3": 4.526101073347288, "CONC_4": 2.5595494277420725, "CONC_5": 7.697540570824125, "CONC_6": 9.029850196559643, "FREQ_1": 2.4243229051815707, "FREQ_2": 8.880120805744719, "FREQ_3": 3.2229104616632656, "FREQ_4": 6.223134311174469, "FREQ_5": 0.9285016286145598, "FREQ_6": 7.367807498871177, "LETTER_POS_1": 7.637024226775406, "LETTER_POS_2": 9.597077628501387, "LETTER_POS_3": 2.1515367123273976, "LETTER_POS_4": 6.401440001612375, "LETTER_POS_5": 1.388091650623321, "LETTER_POS_6": 2.280840390344867, "OCCUR_1": 9.93606294309008, "OCCUR_2": 9.418176040145479, "OCCUR_3": 7.080236406551571, "OCCUR_4": 9.544043153067761, "OCCUR_5": 5.825551137709559, "OCCUR_6": 8.41892980222349, "PERF_1": 8.151521802482115, "PERF_2": 1.020530966086769, "PERF_3": 0.9454588374768635, "PERF_4": 3.691006417859728, "PERF_5": 9.965568416448923, "PERF_6": 3.3309043334253605, "kl_stopExplr": 4.239423844074848, "r_stopExplr": 4.740768742568012}, "datetime": {"datetime": "2022-06-09 16:49:40", "elapsed": 1782.664944, "delta": 19.675776}}
{"target": 0.9120495931809376, "params": {"AVAIL_1": 2.2640173209408, "AVAIL_2": 6.134008399892509, "AVAIL_3": 9.636686706779704, "AVAIL_4": 7.623385417610623, "AVAIL_5": 2.3575366112579554, "AVAIL_6": 2.8895960954533373, "CONC_1": 4.445057245220957, "CONC_2": 8.405145929923911, "CONC_3": 3.627829448934424, "CONC_4": 1.4013002223525273, "CONC_5": 4.122038132997387, "CONC_6": 3.025314903952271, "FREQ_1": 4.6132688180294625, "FREQ_2": 2.006878651806312, "FREQ_3": 5.946736935685718, "FREQ_4": 4.0412099250543765, "FREQ_5": 1.060829712966268, "FREQ_6": 8.01814720193661, "LETTER_POS_1": 9.720433232829553, "LETTER_POS_2": 8.019993326809974, "LETTER_POS_3": 0.4734265738179133, "LETTER_POS_4": 7.914718725343686, "LETTER_POS_5": 2.280159389163281, "LETTER_POS_6": 0.8888917167979205, "OCCUR_1": 8.527683321577882, "OCCUR_2": 8.725840695307927, "OCCUR_3": 0.05218532497319739, "OCCUR_4": 9.228622178019922, "OCCUR_5": 1.252669084867487, "OCCUR_6": 3.618918059075482, "PERF_1": 9.619460362673756, "PERF_2": 3.703614908688894, "PERF_3": 5.265659014733952, "PERF_4": 7.011617657100894, "PERF_5": 2.526221509855593, "PERF_6": 9.651992620442037, "kl_stopExplr": 3.729901602916894, "r_stopExplr": 3.1816241336447963}, "datetime": {"datetime": "2022-06-09 16:49:46", "elapsed": 1788.419691, "delta": 5.754747}}
{"target": 0.9448, "params": {"AVAIL_1": 8.292911048864264, "AVAIL_2": 2.2681313033661965, "AVAIL_3": 7.743710176508004, "AVAIL_4": 7.783019741548082, "AVAIL_5": 2.494307632522592, "AVAIL_6": 5.730615623932595, "CONC_1": 6.354762374745589, "CONC_2": 5.732828859386464, "CONC_3": 6.097974356159492, "CONC_4": 5.291069955417612, "CONC_5": 9.627448950243956, "CONC_6": 9.840373170726483, "FREQ_1": 7.4674580818001175, "FREQ_2": 6.548009423849377, "FREQ_3": 5.683969578475171, "FREQ_4": 1.5536104437964793, "FREQ_5": 0.19834761185359207, "FREQ_6": 6.718475293311017, "LETTER_POS_1": 4.565783558288816, "LETTER_POS_2": 4.505181643272326, "LETTER_POS_3": 2.3792490961608848, "LETTER_POS_4": 8.45280438215754, "LETTER_POS_5": 9.66826594375907, "LETTER_POS_6": 7.611957849582652, "OCCUR_1": 5.768400310994197, "OCCUR_2": 7.106543960239353, "OCCUR_3": 8.179540786236863, "OCCUR_4": 0.9600330909585508, "OCCUR_5": 5.3145458041456894, "OCCUR_6": 7.754229254791946, "PERF_1": 4.44256390749287, "PERF_2": 6.2012022817183, "PERF_3": 4.393481770970639, "PERF_4": 3.0132579247065228, "PERF_5": 3.207430677434547, "PERF_6": 1.5910230951699422, "kl_stopExplr": 3.523156695041628, "r_stopExplr": 4.6266387618318845}, "datetime": {"datetime": "2022-06-09 16:49:52", "elapsed": 1794.25643, "delta": 5.836739}}
{"target": 0.9737390579408086, "params": {"AVAIL_1": 4.108205131484457, "AVAIL_2": 0.0, "AVAIL_3": 0.0, "AVAIL_4": 7.504222208739439, "AVAIL_5": 4.901489707726142, "AVAIL_6": 0.16540082398121297, "CONC_1": 5.884828533357924, "CONC_2": 10.0, "CONC_3": 8.439699744567744, "CONC_4": 4.6848895530636465, "CONC_5": 10.0, "CONC_6": 10.0, "FREQ_1": 10.0, "FREQ_2": 4.476643175888681, "FREQ_3": 10.0, "FREQ_4": 2.8451255957864445, "FREQ_5": 6.389325076823432, "FREQ_6": 4.81256865555234, "LETTER_POS_1": 10.0, "LETTER_POS_2": 7.668493300734983, "LETTER_POS_3": 7.335667738728014, "LETTER_POS_4": 10.0, "LETTER_POS_5": 7.243707449557955, "LETTER_POS_6": 10.0, "OCCUR_1": 8.27346140297412, "OCCUR_2": 7.271765365889556, "OCCUR_3": 10.0, "OCCUR_4": 0.0, "OCCUR_5": 1.5332154924921488, "OCCUR_6": 1.8490547442700307, "PERF_1": 0.6156724794843083, "PERF_2": 10.0, "PERF_3": 5.898840085591784, "PERF_4": 8.161310584536354, "PERF_5": 4.500645609078581, "PERF_6": 2.4732904742418156, "kl_stopExplr": 3.0, "r_stopExplr": 5.0}, "datetime": {"datetime": "2022-06-09 16:49:59", "elapsed": 1801.306966, "delta": 7.050536}}
{"target": 0.968837395125849, "params": {"AVAIL_1": 4.017378132022831, "AVAIL_2": 0.0, "AVAIL_3": 3.002656287648493, "AVAIL_4": 7.186327738234538, "AVAIL_5": 2.576384594163961, "AVAIL_6": 0.0, "CONC_1": 6.895918748595749, "CONC_2": 10.0, "CONC_3": 8.305021881488557, "CONC_4": 10.0, "CONC_5": 10.0, "CONC_6": 0.0, "FREQ_1": 10.0, "FREQ_2": 7.020923116937306, "FREQ_3": 5.420350211512082, "FREQ_4": 10.0, "FREQ_5": 5.704067597381606, "FREQ_6": 10.0, "LETTER_POS_1": 0.0, "LETTER_POS_2": 0.725480363569095, "LETTER_POS_3": 2.511344519561286, "LETTER_POS_4": 8.26046030281794, "LETTER_POS_5": 4.487346728930893, "LETTER_POS_6": 4.821973511388559, "OCCUR_1": 0.0, "OCCUR_2": 9.296082659119557, "OCCUR_3": 0.0, "OCCUR_4": 1.793244151994711, "OCCUR_5": 5.2610822299839075, "OCCUR_6": 1.9380003871363392, "PERF_1": 1.8195755291727118, "PERF_2": 4.155672506703839, "PERF_3": 10.0, "PERF_4": 1.3921921452909545, "PERF_5": 7.147940351475456, "PERF_6": 6.9404111058078755, "kl_stopExplr": 3.0, "r_stopExplr": 5.0}, "datetime": {"datetime": "2022-06-09 16:50:06", "elapsed": 1808.352915, "delta": 7.045949}}
{"target": 0.8775276611980161, "params": {"AVAIL_1": 1.429738593740667, "AVAIL_2": 9.759707184561297, "AVAIL_3": 2.747245990921238, "AVAIL_4": 4.743947510294218, "AVAIL_5": 8.952156910417745, "AVAIL_6": 3.01849399925075, "CONC_1": 5.740452788792467, "CONC_2": 9.530067642200832, "CONC_3": 4.5129181433737875, "CONC_4": 5.460267824395093, "CONC_5": 7.410949180659667, "CONC_6": 6.348391398648447, "FREQ_1": 2.6810169478523473, "FREQ_2": 7.351190246236941, "FREQ_3": 9.390972301010063, "FREQ_4": 3.5343916776230646, "FREQ_5": 5.535973947375168, "FREQ_6": 4.8329186794514065, "LETTER_POS_1": 7.673269035023546, "LETTER_POS_2": 3.0972379204032032, "LETTER_POS_3": 1.9084163922754982, "LETTER_POS_4": 8.083959529343765, "LETTER_POS_5": 6.104980755092808, "LETTER_POS_6": 4.429684503575924, "OCCUR_1": 5.274714427445226, "OCCUR_2": 7.242278394632505, "OCCUR_3": 5.16354659723201, "OCCUR_4": 4.154566555157778, "OCCUR_5": 9.575487268894356, "OCCUR_6": 0.7182830261546724, "PERF_1": 6.959515066616503, "PERF_2": 9.13167910524217, "PERF_3": 6.400778043505646, "PERF_4": 4.453762819896562, "PERF_5": 4.979907417092714, "PERF_6": 4.846329229734958, "kl_stopExplr": 4.466336019630244, "r_stopExplr": 3.004615810113711}, "datetime": {"datetime": "2022-06-09 16:50:21", "elapsed": 1822.958548, "delta": 14.605633}}
{"target": 0.9713478611783697, "params": {"AVAIL_1": 10.0, "AVAIL_2": 0.0, "AVAIL_3": 0.0, "AVAIL_4": 1.2788587047048654, "AVAIL_5": 2.1599301871715886, "AVAIL_6": 6.458986016705981, "CONC_1": 4.580922922225337, "CONC_2": 10.0, "CONC_3": 6.917943225796266, "CONC_4": 9.519195815395323, "CONC_5": 10.0, "CONC_6": 10.0, "FREQ_1": 10.0, "FREQ_2": 7.247244306771978, "FREQ_3": 1.8850398109374757, "FREQ_4": 5.138071767780676, "FREQ_5": 6.328804212511983, "FREQ_6": 4.965197377478178, "LETTER_POS_1": 0.7337632857797115, "LETTER_POS_2": 1.0353715301653303, "LETTER_POS_3": 5.002537514727199, "LETTER_POS_4": 10.0, "LETTER_POS_5": 10.0, "LETTER_POS_6": 10.0, "OCCUR_1": 2.754753939692216, "OCCUR_2": 10.0, "OCCUR_3": 10.0, "OCCUR_4": 0.0, "OCCUR_5": 0.46461538563669597, "OCCUR_6": 10.0, "PERF_1": 2.9530121808393206, "PERF_2": 10.0, "PERF_3": 5.8921566042802676, "PERF_4": 2.3003882760246137, "PERF_5": 0.0, "PERF_6": 2.0980073859233714, "kl_stopExplr": 3.0, "r_stopExplr": 5.0}, "datetime": {"datetime": "2022-06-09 16:50:27", "elapsed": 1829.796315, "delta": 6.837767}}
{"target": 0.8832347140039448, "params": {"AVAIL_1": 1.2839696448478477, "AVAIL_2": 9.004823217007024, "AVAIL_3": 5.4789398862631415, "AVAIL_4": 0.7925664855185721, "AVAIL_5": 1.457893859801218, "AVAIL_6": 3.932541215022509, "CONC_1": 4.18811835041312, "CONC_2": 0.47036202745650124, "CONC_3": 0.746288877496103, "CONC_4": 1.7782865467230013, "CONC_5": 6.490129044823554, "CONC_6": 9.214242070042214, "FREQ_1": 2.1462648733267473, "FREQ_2": 2.859982684438819, "FREQ_3": 4.964742499009337, "FREQ_4": 4.358903495962528, "FREQ_5": 1.1611534235702747, "FREQ_6": 4.252818144713212, "LETTER_POS_1": 4.749742223774565, "LETTER_POS_2": 9.148022715044664, "LETTER_POS_3": 4.335925669128216, "LETTER_POS_4": 6.922258958028581, "LETTER_POS_5": 5.370912517527348, "LETTER_POS_6": 5.873128594151291, "OCCUR_1": 9.158256377376702, "OCCUR_2": 9.131178304633972, "OCCUR_3": 6.23910309068782, "OCCUR_4": 8.016013937581349, "OCCUR_5": 3.071245586874294, "OCCUR_6": 9.471311388925885, "PERF_1": 0.11617936381451366, "PERF_2": 6.136922037899739, "PERF_3": 0.7544882196404368, "PERF_4": 9.931465308348425, "PERF_5": 8.594209830411717, "PERF_6": 1.8070344802281202, "kl_stopExplr": 3.498273911044868, "r_stopExplr": 3.7471097666005058}, "datetime": {"datetime": "2022-06-09 16:50:33", "elapsed": 1835.478862, "delta": 5.682547}}
{"target": 0.8771686328938237, "params": {"AVAIL_1": 5.387279744113577, "AVAIL_2": 8.806256898956796, "AVAIL_3": 1.4880520292078936, "AVAIL_4": 3.4074213758899186, "AVAIL_5": 5.977148760681152, "AVAIL_6": 1.0188167174500273, "CONC_1": 1.8648540496009702, "CONC_2": 5.203345494108664, "CONC_3": 7.596495062899042, "CONC_4": 9.010565918386478, "CONC_5": 0.4920525581324864, "CONC_6": 1.8321323098807318, "FREQ_1": 9.369088287518965, "FREQ_2": 1.656564004960116, "FREQ_3": 5.467530945634937, "FREQ_4": 5.960892716534525, "FREQ_5": 4.0611057977190885, "FREQ_6": 8.592998973206742, "LETTER_POS_1": 2.391433975554783, "LETTER_POS_2": 2.9172864115795036, "LETTER_POS_3": 9.0044593682778, "LETTER_POS_4": 5.999519547269615, "LETTER_POS_5": 2.112476864515491, "LETTER_POS_6": 8.4808330890409, "OCCUR_1": 5.328555306913022, "OCCUR_2": 2.5117569028621265, "OCCUR_3": 6.352503733457736, "OCCUR_4": 4.7993964226289085, "OCCUR_5": 3.1432252947253403, "OCCUR_6": 0.26721350044736747, "PERF_1": 6.208108428520081, "PERF_2": 4.045625211797729, "PERF_3": 7.007344291988458, "PERF_4": 8.302682652153036, "PERF_5": 5.042336268704003, "PERF_6": 2.8676946689262617, "kl_stopExplr": 4.276316477597886, "r_stopExplr": 4.482072639210111}, "datetime": {"datetime": "2022-06-09 16:50:53", "elapsed": 1855.496491, "delta": 20.017629}}
{"target": 0.8554075235109718, "params": {"AVAIL_1": 9.307685895948742, "AVAIL_2": 5.676932540285623, "AVAIL_3": 8.602778136880323, "AVAIL_4": 3.290867281558374, "AVAIL_5": 3.4200100339596218, "AVAIL_6": 6.639985121780654, "CONC_1": 2.9137712427582017, "CONC_2": 5.536035272871166, "CONC_3": 3.072767332351897, "CONC_4": 7.349399519523251, "CONC_5": 9.484411868502153, "CONC_6": 5.191650241125753, "FREQ_1": 0.45379755255339105, "FREQ_2": 4.3892492681024144, "FREQ_3": 5.110886462842709, "FREQ_4": 8.793695171796793, "FREQ_5": 3.134982993233587, "FREQ_6": 9.957461082473287, "LETTER_POS_1": 5.767602458696642, "LETTER_POS_2": 0.7577063480756852, "LETTER_POS_3": 2.459734320136535, "LETTER_POS_4": 4.770298852968446, "LETTER_POS_5": 5.026830462541123, "LETTER_POS_6": 8.80001768317731, "OCCUR_1": 7.220532534351697, "OCCUR_2": 8.479555616850055, "OCCUR_3": 3.2063352115738852, "OCCUR_4": 7.662177082052249, "OCCUR_5": 6.498663690156697, "OCCUR_6": 9.865820091741023, "PERF_1": 4.4813212951212265, "PERF_2": 3.1624954110244587, "PERF_3": 8.772343152345403, "PERF_4": 3.79763568434813, "PERF_5": 1.9230766263515031, "PERF_6": 1.6996100269846048, "kl_stopExplr": 4.325957526757261, "r_stopExplr": 4.984389444973681}, "datetime": {"datetime": "2022-06-09 16:51:11", "elapsed": 1873.363127, "delta": 17.866636}}
{"target": 0.9786878395319683, "params": {"AVAIL_1": 0.0, "AVAIL_2": 0.0, "AVAIL_3": 0.0, "AVAIL_4": 0.0, "AVAIL_5": 4.130336875341817, "AVAIL_6": 0.0, "CONC_1": 7.6384324787978946, "CONC_2": 10.0, "CONC_3": 10.0, "CONC_4": 7.757937205398708, "CONC_5": 0.7436153872543917, "CONC_6": 0.0, "FREQ_1": 10.0, "FREQ_2": 3.449966899584062, "FREQ_3": 2.0257537294734114, "FREQ_4": 10.0, "FREQ_5": 6.962818553695274, "FREQ_6": 7.275271384351621, "LETTER_POS_1": 6.060160924072131, "LETTER_POS_2": 0.0, "LETTER_POS_3": 0.4004962976696125, "LETTER_POS_4": 0.0, "LETTER_POS_5": 2.4849285467315405, "LETTER_POS_6": 0.9481023245523922, "OCCUR_1": 9.612142506912445, "OCCUR_2": 0.0, "OCCUR_3": 0.0, "OCCUR_4": 2.3360985573905455, "OCCUR_5": 10.0, "OCCUR_6": 7.853884415619501, "PERF_1": 0.0, "PERF_2": 6.38935497791626, "PERF_3": 10.0, "PERF_4": 4.136052040925027, "PERF_5": 7.964087510249627, "PERF_6": 1.6144786847594315, "kl_stopExplr": 3.0, "r_stopExplr": 5.0}, "datetime": {"datetime": "2022-06-09 16:51:19", "elapsed": 1880.980684, "delta": 7.617557}}
{"target": 0.9171668667466987, "params": {"AVAIL_1": 7.889657544337741, "AVAIL_2": 2.100742277146075, "AVAIL_3": 0.854762683196979, "AVAIL_4": 1.7560597764452779, "AVAIL_5": 0.9476559306189436, "AVAIL_6": 6.584391977705114, "CONC_1": 0.4330025047432706, "CONC_2": 7.038432236516669, "CONC_3": 6.2156132416727985, "CONC_4": 7.120570687634674, "CONC_5": 0.4365339448159289, "CONC_6": 9.11578800655866, "FREQ_1": 9.828228251542885, "FREQ_2": 8.436294568629076, "FREQ_3": 6.021507387422304, "FREQ_4": 3.4053487551795456, "FREQ_5": 9.62897801617509, "FREQ_6": 0.2956454955104726, "LETTER_POS_1": 8.448489681744327, "LETTER_POS_2": 3.1139587176445414, "LETTER_POS_3": 4.028758251797509, "LETTER_POS_4": 8.529773528983506, "LETTER_POS_5": 4.037043922121613, "LETTER_POS_6": 3.2224070910086478, "OCCUR_1": 5.348592438305505, "OCCUR_2": 8.780893886505458, "OCCUR_3": 2.199293246525731, "OCCUR_4": 1.4711204015046264, "OCCUR_5": 9.320715531738065, "OCCUR_6": 4.77932451809176, "PERF_1": 2.480284932348922, "PERF_2": 5.173402523730729, "PERF_3": 7.646696800778875, "PERF_4": 8.765153227273984, "PERF_5": 6.352426113659399, "PERF_6": 6.1704682189874225, "kl_stopExplr": 4.717193625056351, "r_stopExplr": 4.604301461025049}, "datetime": {"datetime": "2022-06-09 16:51:34", "elapsed": 1896.104566, "delta": 15.123882}}
{"target": 0.83457005674378, "params": {"AVAIL_1": 7.834571055989922, "AVAIL_2": 6.0810044553636375, "AVAIL_3": 6.023238914774121, "AVAIL_4": 8.100089029506478, "AVAIL_5": 9.036708674832873, "AVAIL_6": 7.221730961467269, "CONC_1": 4.383842289034115, "CONC_2": 1.8794144711620953, "CONC_3": 3.5841875373177237, "CONC_4": 8.419765434976249, "CONC_5": 1.1178790558685436, "CONC_6": 5.299939288201628, "FREQ_1": 1.1246703583377138, "FREQ_2": 8.426561588570848, "FREQ_3": 9.057228939578042, "FREQ_4": 2.0750099601529195, "FREQ_5": 5.07258674485662, "FREQ_6": 5.852410809167749, "LETTER_POS_1": 7.742637318130816, "LETTER_POS_2": 6.265849544389046, "LETTER_POS_3": 1.878868977323307, "LETTER_POS_4": 1.9701697125297624, "LETTER_POS_5": 6.199166967766184, "LETTER_POS_6": 0.9404893587722596, "OCCUR_1": 7.373500373056445, "OCCUR_2": 7.097398961909235, "OCCUR_3": 8.408022996876241, "OCCUR_4": 5.68180642081408, "OCCUR_5": 0.23873002071483462, "OCCUR_6": 0.9880239722856754, "PERF_1": 7.70842754264168, "PERF_2": 3.5324198576889154, "PERF_3": 7.657603141207102, "PERF_4": 1.9692100967968251, "PERF_5": 8.114455406706313, "PERF_6": 0.7983264249171518, "kl_stopExplr": 4.495075379948412, "r_stopExplr": 4.762397210908858}, "datetime": {"datetime": "2022-06-09 16:51:52", "elapsed": 1914.230179, "delta": 18.125613}}
{"target": 0.9698548567175288, "params": {"AVAIL_1": 6.103051920682313, "AVAIL_2": 0.0, "AVAIL_3": 0.0, "AVAIL_4": 0.37577350175201496, "AVAIL_5": 8.64330144601591, "AVAIL_6": 2.577956241921253, "CONC_1": 4.871875505731872, "CONC_2": 10.0, "CONC_3": 10.0, "CONC_4": 10.0, "CONC_5": 10.0, "CONC_6": 0.0, "FREQ_1": 10.0, "FREQ_2": 9.680092860332897, "FREQ_3": 3.249312066485348, "FREQ_4": 10.0, "FREQ_5": 0.5828522644315683, "FREQ_6": 5.401041563178352, "LETTER_POS_1": 10.0, "LETTER_POS_2": 6.650289794151697, "LETTER_POS_3": 9.23893630658216, "LETTER_POS_4": 0.0, "LETTER_POS_5": 1.536135190299343, "LETTER_POS_6": 3.437903396927378, "OCCUR_1": 2.666178574751421, "OCCUR_2": 0.0, "OCCUR_3": 10.0, "OCCUR_4": 0.0, "OCCUR_5": 6.125540857589037, "OCCUR_6": 6.55472508447591, "PERF_1": 0.0, "PERF_2": 10.0, "PERF_3": 10.0, "PERF_4": 0.0, "PERF_5": 7.4926836634977985, "PERF_6": 5.17394370662658, "kl_stopExplr": 3.0, "r_stopExplr": 3.0}, "datetime": {"datetime": "2022-06-09 16:52:01", "elapsed": 1923.871286, "delta": 9.641107}}
{"target": 0.9683897359613239, "params": {"AVAIL_1": 10.0, "AVAIL_2": 0.0, "AVAIL_3": 3.718655789498195, "AVAIL_4": 4.588857950995457, "AVAIL_5": 1.8071673055629656, "AVAIL_6": 0.0, "CONC_1": 10.0, "CONC_2": 10.0, "CONC_3": 8.656014334521393, "CONC_4": 6.79016138753518, "CONC_5": 10.0, "CONC_6": 0.0, "FREQ_1": 10.0, "FREQ_2": 3.3650961328797946, "FREQ_3": 8.498118553387004, "FREQ_4": 5.201955104713614, "FREQ_5": 3.1724006874147337, "FREQ_6": 6.610264830658604, "LETTER_POS_1": 0.0, "LETTER_POS_2": 8.304268039868079, "LETTER_POS_3": 2.8266513934302697, "LETTER_POS_4": 0.0, "LETTER_POS_5": 9.202625922331091, "LETTER_POS_6": 7.851283286463621, "OCCUR_1": 1.6139194414906817, "OCCUR_2": 2.9027318367293136, "OCCUR_3": 0.6029826743022079, "OCCUR_4": 10.0, "OCCUR_5": 0.0, "OCCUR_6": 0.0, "PERF_1": 0.0, "PERF_2": 4.964877104841187, "PERF_3": 10.0, "PERF_4": 0.4226083006537524, "PERF_5": 0.0, "PERF_6": 0.23766599850739945, "kl_stopExplr": 3.0, "r_stopExplr": 5.0}, "datetime": {"datetime": "2022-06-09 16:52:09", "elapsed": 1931.786144, "delta": 7.914858}}
{"target": 0.9344138710893328, "params": {"AVAIL_1": 7.528770236144418, "AVAIL_2": 6.349089059646164, "AVAIL_3": 4.2346753383839655, "AVAIL_4": 6.7268621478350905, "AVAIL_5": 4.559726066028922, "AVAIL_6": 0.6921933593462126, "CONC_1": 4.227354321702056, "CONC_2": 2.345341390933622, "CONC_3": 3.294649802564872, "CONC_4": 7.623672830727644, "CONC_5": 9.177551287458938, "CONC_6": 2.397447785679181, "FREQ_1": 1.3129756847461882, "FREQ_2": 6.255624744278972, "FREQ_3": 2.7858094804559466, "FREQ_4": 0.6990194702531394, "FREQ_5": 4.084106392191186, "FREQ_6": 0.018626284819126537, "LETTER_POS_1": 7.3045827603165305, "LETTER_POS_2": 1.041101703402999, "LETTER_POS_3": 9.45880698540617, "LETTER_POS_4": 0.32339514156761395, "LETTER_POS_5": 9.891142069043559, "LETTER_POS_6": 4.7462863389665575, "OCCUR_1": 5.8382259107929535, "OCCUR_2": 0.6057793140237777, "OCCUR_3": 9.487895298543888, "OCCUR_4": 0.983441786035788, "OCCUR_5": 5.5237263265732315, "OCCUR_6": 2.176829100760388, "PERF_1": 8.80149608992895, "PERF_2": 6.468017731715111, "PERF_3": 0.7261725149172904, "PERF_4": 0.9414670648681467, "PERF_5": 1.5361424801919654, "PERF_6": 6.312382898303231, "kl_stopExplr": 3.977255427754944, "r_stopExplr": 3.0321292681508423}, "datetime": {"datetime": "2022-06-09 16:52:16", "elapsed": 1938.612401, "delta": 6.826257}}
